
 -----------------------------------------------
              Py_RESP Version 1.0
 -----------------------------------------------
 test for bis-naphthyl
 -----------------------------------------------

 ------------------
 Control Parameters
 ------------------
 nmol        = 2   iqopt       = 1
 ihfree      = 1   irstrnt     = 1
 ioutopt     = 1   ireornt     = 0
 iquad       = 1   qwt         = 0.00018400

 --------------------
 Molecule Information
 --------------------
 Multiple-molecule run of 2 molecules

 Molecule 1 weight:     1.000
 Molecule 1 Name: naphthyl
 Total charge (ich):  0
 Number of centers:  3
    1    8    0
    2    1    0
    3    1    0

 Molecule 2 weight:     1.000
 Molecule 2 Name: naphthyl
 Total charge (ich):  0
 Number of centers:  3
    4    8    0
    5    1    0
    6    1    0

 -------------------------------
 Charges Equivalence Information 
 -------------------------------
    1    1    2    1
    1    2    2    2
    1    3    2    3

 -----------------------------
 Atom Ivary Information
 -----------------------------
    8    0
    1    0
    1    0

    8    1
    1    2
    1    3

 -------------------------
 Input Information Summary
 -------------------------
 Total number of atoms      =    6
 Weight factor on initial charge restraints=  0.000184
 There are  2 charge constraints

 --------------------------------------
 Atomic and ESP Coordinates Information
 --------------------------------------
 Reading esp's for molecule   1
 total number of atoms      =     3
 total number of esp points =  4008

 center       X               Y               Z
    1   1.8191617E+00   0.0000000E+00   0.0000000E+00
    2   2.2954691E+00   1.7556991E+00   0.0000000E+00
    3   0.0000000E+00   0.0000000E+00   0.0000000E+00


 Reading esp's for molecule   2
 total number of atoms      =     3
 total number of esp points =  4008

 center       X               Y               Z
    1   1.8191617E+00   0.0000000E+00   0.0000000E+00
    2   0.0000000E+00   0.0000000E+00   0.0000000E+00
    3   2.2954691E+00   1.7556991E+00   0.0000000E+00


 ------------------------
 Optimization Information
 ------------------------
 iqopt=1, all q0 values will be set to 0

 Number of unique UNfrozen charge centers =     3

 Non-linear optimization requested.
  qchnge =    2.3293948699E-01
  qchnge =    3.0159342799E-06
  qchnge =    2.0576534028E-10

 Convergence in    2 iterations

 -----------------------
 Fitting Results Summary
 -----------------------
 molecule 1: naphthyl
 molecule 2: naphthyl

          Point Charges Before & After Optimization
 atm.no   element.no   q(init)        q(opt)     ivary    d(rstr)/dq
    1         8        0.000000     -0.806916      0       0.000226
    2         1        0.000000      0.403458      0       0.000000
    3         1        0.000000      0.403458      0       0.000000

    4         8        0.000000     -0.806916      1       0.000226
    5         1        0.000000      0.403458      2       0.000000
    6         1        0.000000      0.403458      3       0.000000

 Sum over the calculated charges:      0.000

 --------------------------
 Fitting Statistics Summary
 --------------------------
 The initial sum of squares  (ssvpot = sum_i(espi**2))          4.3125279E+00
 The residual sum of squares (RSS = sum_i((espi-espclci)**2))   5.8266699E-02
 The root-mean-squared error (RMSE = sqrt(RSS/N))               2.6960712E-03
 The relative RMSE           (RRMSE = sqrt(RSS/ssvpot))         1.1623696E-01

 ---------------------------
 Molecular Multipole Summary
 ---------------------------
 Dipole Moments (Debye):
 #MOL         D          Dx         Dy         Dz
   1        2.26672   -1.37709    1.80046    0.00000
 #MOL         D          Dx         Dy         Dz
   2        2.26672   -1.37709    1.80046    0.00000

 Traceless Quadrupole Moments (Debye*Angst.):
 #MOL          X          Y          Z
   1    X   -1.04582
        Y    2.18704    1.35929
        Z    0.00000    0.00000   -0.31347
 #MOL          X          Y          Z
   2    X   -1.04582
        Y    2.18704    1.35929
        Z    0.00000    0.00000   -0.31347

 Traceless Quadrupole Moments in Principal Axes (Debye*Angst.):
 #MOL          X          Y          Z
   1    X    2.65259
        Y    0.00000   -0.31347
        Z    0.00000    0.00000   -2.33911
 #MOL          X          Y          Z
   2    X    2.65259
        Y    0.00000   -0.31347
        Z    0.00000    0.00000   -2.33911