
 -----------------------------------------------
   Restrained ESP Fit 2.4 q4md-forcefieldtools
 -----------------------------------------------
 test for bis-naphthyl                                                           
 -----------------------------------------------


 inopt       =     0   ioutopt     =     1
 nmep        =     2   iqopt       =     1
 ihfree      =     1   irstrnt     =     3
 iunits      =     0   qwt         =   0.00018400

 multiple-MEP run of   2 MEP

 Reading input for MEP   1 weight:     1.000
naphthyl                                                                        

 Total charge (ich):  0
 Number of centers:  3
    1    8    0
    2    1    0
    3    1    0

 Reading input for MEP   2 weight:     1.000
naphthyl                                                                        

 Total charge (ich):  0
 Number of centers:  3
    4    8    0
    5    1    0
    6    1    0

 Iqopt =1: all q0 values will be set to 0
 --------------------------------
 reading mult_esp constraint info
 --------------------------------
    1    1    2    1
    1    2    2    2
    1    3    2    3

  --------------------
     Atom   Ivary
  --------------------
    8    0
    1    0
    1    0

    8    1
    1    2
    1    3

  ----------------------------------------------------------------------------


 Total number of atoms      =    6
 Weight factor on initial charge restraints=  0.000184


 There are  2 charge constraints

 Reading esp"s for MEP   1
 total number of atoms      =     3
 total number of esp points =   4008

 Center     X                Y                Z
    1      0.1819162E+01    0.0000000E+00    0.0000000E+00
    2      0.2295469E+01    0.1755699E+01    0.0000000E+00
    3      0.0000000E+00    0.0000000E+00    0.0000000E+00

 Reading esp"s for MEP   2
 total number of atoms      =     3
 total number of esp points =   4008

 Center     X                Y                Z
    1      0.1819162E+01    0.0000000E+00    0.0000000E+00
    2      0.0000000E+00    0.0000000E+00    0.0000000E+00
    3      0.2295469E+01    0.1755699E+01    0.0000000E+00
 Initial ssvpot =     4.313


 Number of unique UNfrozen centers=    3

 Non-linear optimization requested.
 qchnge =    0.2329394870    
 qchnge =    0.2185875797E-02
 qchnge =     0.000000000    

 Convergence in    2 iterations

    1  naphthyl
    2  naphthyl

          Point Charges Before & After Optimization

    no.  At.no.    q(init)       q(opt)     ivary    d(rstr)/dq
    1   8       0.000000      -0.799354      0       0.000184
    2   1       0.000000       0.399677      0       0.000000
    3   1       0.000000       0.399677      0       0.000000

    4   8       0.000000      -0.799354      1       0.000184
    5   1       0.000000       0.399677      2       0.000000
    6   1       0.000000       0.399677      3       0.000000

 Sum over the calculated charges:      0.000

        Statistics of the fitting:
  The initial sum of squares (ssvpot)                      4.313
  The residual sum of squares (chipot)                     0.059
  The std err of estimate (sqrt(chipot/N))               0.00270
  ESP relative RMS (SQRT(chipot/ssvpot))                 0.11661
  The Pearson correlation coefficient (r2)               0.98644

 Center of Mass (a.u.):
 #MEP    X          Y          Z
   1    1.74403    0.09823    0.00000
   2    1.74403    0.09823    0.00000

 Dipole moments (Debye) computed:
 -with respect to the origin of coordinates (ooc)
 -with respect to the center of mass (com)
 #MEP         D          Dx         Dy         Dz
   1 ooc    2.24548    -1.36419    1.78359    0.00000
   1 com    2.24548    -1.36419    1.78359    0.00000

   2 ooc    2.24548    -1.36419    1.78359    0.00000
   2 com    2.24548    -1.36419    1.78359    0.00000

 Traceless Quadrupole moments (Buckingham) computed:
 -with respect to the origin of coordinates (ooc)
 -with respect to the center of mass (com)
 #MEP          X          Y          Z
   1 ooc X   -3.10805
         Y    6.49963    4.03966
         Z    0.00000    0.00000   -0.93161
   1 com X    2.11341
         Y    1.77412    1.15080
         Z    0.00000    0.00000   -3.26421

   2 ooc X   -3.10805
         Y    6.49963    4.03966
         Z    0.00000    0.00000   -0.93161
   2 com X    2.11341
         Y    1.77412    1.15080
         Z    0.00000    0.00000   -3.26421

 Traceless Quadrupole moments (Buckingham) in principal axes computed:
 -with respect to the origin of coordinates (ooc)
 -with respect to the center of mass (com)
 #MEP          X          Y          Z
   1 ooc X    7.88319
         Y    0.00000   -0.93161
         Z    0.00000    0.00000   -6.95158
   1 com X    3.47036
         Y   -0.00000   -0.20614
         Z    0.00000    0.00000   -3.26421

   2 ooc X    7.88319
         Y    0.00000   -0.93161
         Z    0.00000    0.00000   -6.95158
   2 com X    3.47036
         Y   -0.00000   -0.20614
         Z    0.00000    0.00000   -3.26421
