
 -----------------------------------------------
      Restrained ESP Fit 2.3  Amber 4.1
 -----------------------------------------------
 Resp charges for organic molecule                                               
 -----------------------------------------------


 inopt       =     0   ioutopt     =     1
 nmol        =     1   iqopt       =     0
 ihfree      =     1   irstrnt     =     1
 iunits      =     0   qwt         =   0.00050000
 wtmol(1) =     1.000000
 subtitle:

Resp charges for organic molecule                                               
ich =  -1  iuniq = 349
    1   79    0
    2   79    0
    3   79    0
    4   79    0
    5   79    0
    6   79    0
    7   79    0
    8   79    0
    9   79    0
   10   79    0
   11   79    0
   12   79    0
   13   79    0
   14   79    0
   15   79    0
   16   79    0
   17   79    0
   18   79    0
   19   79    0
   20   79    0
   21   79    0
   22   79    0
   23   79    0
   24   79    0
   25   79    0
   26    1    0
   27    8    0
   28    6    0
   29    8    0
   30    6    0
   31    1    0
   32    6    0
   33    1    0
   34    1    0
   35    7    0
   36    1    0
   37    6    0
   38    8    0
   39    6    0
   40    1    0
   41    1    0
   42    1    0
   43   16    0
   44    1   26
   45    8   27
   46    6    0
   47    8   29
   48    6    0
   49    1   31
   50    6    0
   51    1   33
   52    1   34
   53    7    0
   54    1   36
   55    6    0
   56    8   28
   57    6    0
   58    1   40
   59    1   41
   60    1   42
   61   16    0
   62    1   26
   63    8   27
   64    6    0
   65    8   29
   66    6    0
   67    1   31
   68    6    0
   69    1   33
   70    1   34
   71    7    0
   72    1   36
   73    6    0
   74    8   38
   75    6    0
   76    1   40
   77    1   41
   78    1   42
   79   16    0
   80    1   26
   81    8   27
   82    6    0
   83    8   29
   84    6    0
   85    1   31
   86    6    0
   87    1   33
   88    1   34
   89    7    0
   90    1   36
   91    6    0
   92    8   38
   93    6    0
   94    1   40
   95    1   41
   96    1   42
   97   16    0
   98    1   26
   99    8   27
  100    6    0
  101    8   29
  102    6    0
  103    1   31
  104    6    0
  105    1   33
  106    1   34
  107    7    0
  108    1   36
  109    6    0
  110    8   38
  111    6    0
  112    1   40
  113    1   41
  114    1   42
  115   16    0
  116    1   26
  117    8   27
  118    6    0
  119    8   29
  120    6    0
  121    1   31
  122    6    0
  123    1   33
  124    1   34
  125    7    0
  126    1   36
  127    6    0
  128    8   38
  129    6    0
  130    1   40
  131    1   41
  132    1   42
  133   16    0
  134    1   26
  135    8   27
  136    6    0
  137    8   29
  138    6    0
  139    1   31
  140    6    0
  141    1   33
  142    1   34
  143    7    0
  144    1   36
  145    6    0
  146    8   38
  147    6    0
  148    1   40
  149    1   41
  150    1   42
  151   16    0
  152    1   26
  153    8   27
  154    6    0
  155    8   29
  156    6    0
  157    1   31
  158    6    0
  159    1   33
  160    1   34
  161    7    0
  162    1   36
  163    6    0
  164    8   38
  165    6    0
  166    1   40
  167    1   41
  168    1   42
  169   16    0
  170    1   26
  171    8   27
  172    6    0
  173    8   29
  174    6    0
  175    1   31
  176    6    0
  177    1   33
  178    1   34
  179    7    0
  180    1   36
  181    6    0
  182    8   38
  183    6    0
  184    1   40
  185    1   41
  186    1   42
  187   16    0
  188    1   26
  189    8   27
  190    6    0
  191    8   29
  192    6    0
  193    1   31
  194    6    0
  195    1   33
  196    1   34
  197    7    0
  198    1   36
  199    6    0
  200    8   38
  201    6    0
  202    1   40
  203    1   41
  204    1   42
  205   16    0
  206    1   26
  207    8   27
  208    6    0
  209    8   29
  210    6    0
  211    1   31
  212    6    0
  213    1   33
  214    1   34
  215    7    0
  216    1   36
  217    6    0
  218    8   38
  219    6    0
  220    1   40
  221    1   41
  222    1   42
  223   16    0
  224    1   26
  225    8   27
  226    6    0
  227    8   29
  228    6    0
  229    1   31
  230    6    0
  231    1   33
  232    1   34
  233    7    0
  234    1   36
  235    6    0
  236    8   38
  237    6    0
  238    1   40
  239    1   41
  240    1   42
  241   16    0
  242    1   26
  243    8   27
  244    6    0
  245    8   29
  246    6    0
  247    1   31
  248    6    0
  249    1   33
  250    1   34
  251    7    0
  252    1   36
  253    6    0
  254    8   38
  255    6    0
  256    1   40
  257    1   41
  258    1   42
  259   16    0
  260    1   26
  261    8   27
  262    6    0
  263    8   29
  264    6    0
  265    1   31
  266    6    0
  267    1   33
  268    1   34
  269    7    0
  270    1   36
  271    6    0
  272    8   38
  273    6    0
  274    1   40
  275    1   41
  276    1   42
  277   16    0
  278    1   26
  279    8   27
  280    6    0
  281    8   29
  282    6    0
  283    1   31
  284    6    0
  285    1   33
  286    1   34
  287    7    0
  288    1   36
  289    6    0
  290    8   38
  291    6    0
  292    1   40
  293    1   41
  294    1   42
  295   16    0
  296    1   26
  297    8   27
  298    6    0
  299    8   29
  300    6    0
  301    1   31
  302    6    0
  303    1   33
  304    1   34
  305    7    0
  306    1   36
  307    6    0
  308    8   38
  309    6    0
  310    1   40
  311    1   41
  312    1   42
  313   16    0
  314    1   26
  315    8   27
  316    6    0
  317    8   29
  318    6    0
  319    1   31
  320    6    0
  321    1   33
  322    1   34
  323    7    0
  324    1   36
  325    6    0
  326    8   38
  327    6    0
  328    1   40
  329    1   41
  330    1   42
  331   16    0
  332    1   26
  333    8   27
  334    6    0
  335    8   29
  336    6    0
  337    1   31
  338    6    0
  339    1   33
  340    1   34
  341    7    0
  342    1   36
  343    6    0
  344    8   38
  345    6    0
  346    1   40
  347    1   41
  348    1   42
  349   16    0
    1   26    1   27    1   28    1   29    1   30    1   31    1   32    1   33
    1   34    1   35    1   36    1   37    1   38    1   39    1   40    1   41
    1   42    1   43
    1   44    1   45    1   46    1   47    1   48    1   49    1   50    1   51
    1   52    1   53    1   54    1   55    1   56    1   57    1   58    1   59
    1   60    1   61
    1   62    1   63    1   64    1   65    1   66    1   67    1   68    1   69
    1   70    1   71    1   72    1   73    1   74    1   75    1   76    1   77
    1   78    1   79
    1   80    1   81    1   82    1   83    1   84    1   85    1   86    1   87
    1   88    1   89    1   90    1   91    1   92    1   93    1   94    1   95
    1   96    1   97
    1   98    1   99    1  100    1  101    1  102    1  103    1  104    1  105
    1  106    1  107    1  108    1  109    1  110    1  111    1  112    1  113
    1  114    1  115
    1  116    1  117    1  118    1  119    1  120    1  121    1  122    1  123
    1  124    1  125    1  126    1  127    1  128    1  129    1  130    1  131
    1  132    1  133
    1  134    1  135    1  136    1  137    1  138    1  139    1  140    1  141
    1  142    1  143    1  144    1  145    1  146    1  147    1  148    1  149
    1  150    1  151
    1  152    1  153    1  154    1  155    1  156    1  157    1  158    1  159
    1  160    1  161    1  162    1  163    1  164    1  165    1  166    1  167
    1  168    1  169
    1  170    1  171    1  172    1  173    1  174    1  175    1  176    1  177
    1  178    1  179    1  180    1  181    1  182    1  183    1  184    1  185
    1  186    1  187
    1  188    1  189    1  190    1  191    1  192    1  193    1  194    1  195
    1  196    1  197    1  198    1  199    1  200    1  201    1  202    1  203
    1  204    1  205
    1  206    1  207    1  208    1  209    1  210    1  211    1  212    1  213
    1  214    1  215    1  216    1  217    1  218    1  219    1  220    1  221
    1  222    1  223
    1  224    1  225    1  226    1  227    1  228    1  229    1  230    1  231
    1  232    1  233    1  234    1  235    1  236    1  237    1  238    1  239
    1  240    1  241
    1  242    1  243    1  244    1  245    1  246    1  247    1  248    1  249
    1  250    1  251    1  252    1  253    1  254    1  255    1  256    1  257
    1  258    1  259
    1  260    1  261    1  262    1  263    1  264    1  265    1  266    1  267
    1  268    1  269    1  270    1  271    1  272    1  273    1  274    1  275
    1  276    1  277
    1  278    1  279    1  280    1  281    1  282    1  283    1  284    1  285
    1  286    1  287    1  288    1  289    1  290    1  291    1  292    1  293
    1  294    1  295
    1  296    1  297    1  298    1  299    1  300    1  301    1  302    1  303
    1  304    1  305    1  306    1  307    1  308    1  309    1  310    1  311
    1  312    1  313
    1  314    1  315    1  316    1  317    1  318    1  319    1  320    1  321
    1  322    1  323    1  324    1  325    1  326    1  327    1  328    1  329
    1  330    1  331
    1  332    1  333    1  334    1  335    1  336    1  337    1  338    1  339
    1  340    1  341    1  342    1  343    1  344    1  345    1  346    1  347
    1  348    1  349

  ----------------------------------------------------------------------------
     ATOM                       COORDINATES                         CHARGE
                       X             Y                Z
  ----------------------------------------------------------------------------
  ----------------------------------------------------------------------------


 Charge on the molecule(ich) =   -1
 Total number of atoms (iuniq)     =  349
 Weight factor on initial charge restraints(qwt)=     0.50000D-03


  there are 19 charge constraints:


     1       0  0  0  0  0  0  0  0  0  0  0  0  0  0  0  0  0  0  1
     2       0  0  0  0  0  0  0  0  0  0  0  0  0  0  0  0  0  0  1
     3       0  0  0  0  0  0  0  0  0  0  0  0  0  0  0  0  0  0  1
     4       0  0  0  0  0  0  0  0  0  0  0  0  0  0  0  0  0  0  1
     5       0  0  0  0  0  0  0  0  0  0  0  0  0  0  0  0  0  0  1
     6       0  0  0  0  0  0  0  0  0  0  0  0  0  0  0  0  0  0  1
     7       0  0  0  0  0  0  0  0  0  0  0  0  0  0  0  0  0  0  1
     8       0  0  0  0  0  0  0  0  0  0  0  0  0  0  0  0  0  0  1
     9       0  0  0  0  0  0  0  0  0  0  0  0  0  0  0  0  0  0  1
    10       0  0  0  0  0  0  0  0  0  0  0  0  0  0  0  0  0  0  1
    11       0  0  0  0  0  0  0  0  0  0  0  0  0  0  0  0  0  0  1
    12       0  0  0  0  0  0  0  0  0  0  0  0  0  0  0  0  0  0  1
    13       0  0  0  0  0  0  0  0  0  0  0  0  0  0  0  0  0  0  1
    14       0  0  0  0  0  0  0  0  0  0  0  0  0  0  0  0  0  0  1
    15       0  0  0  0  0  0  0  0  0  0  0  0  0  0  0  0  0  0  1
    16       0  0  0  0  0  0  0  0  0  0  0  0  0  0  0  0  0  0  1
    17       0  0  0  0  0  0  0  0  0  0  0  0  0  0  0  0  0  0  1
    18       0  0  0  0  0  0  0  0  0  0  0  0  0  0  0  0  0  0  1
    19       0  0  0  0  0  0  0  0  0  0  0  0  0  0  0  0  0  0  1
    20       0  0  0  0  0  0  0  0  0  0  0  0  0  0  0  0  0  0  1
    21       0  0  0  0  0  0  0  0  0  0  0  0  0  0  0  0  0  0  1
    22       0  0  0  0  0  0  0  0  0  0  0  0  0  0  0  0  0  0  1
    23       0  0  0  0  0  0  0  0  0  0  0  0  0  0  0  0  0  0  1
    24       0  0  0  0  0  0  0  0  0  0  0  0  0  0  0  0  0  0  1
    25       0  0  0  0  0  0  0  0  0  0  0  0  0  0  0  0  0  0  1
    26       1  0  0  0  0  0  0  0  0  0  0  0  0  0  0  0  0  0  1
    27       1  0  0  0  0  0  0  0  0  0  0  0  0  0  0  0  0  0  1
    28       1  0  0  0  0  0  0  0  0  0  0  0  0  0  0  0  0  0  1
    29       1  0  0  0  0  0  0  0  0  0  0  0  0  0  0  0  0  0  1
    30       1  0  0  0  0  0  0  0  0  0  0  0  0  0  0  0  0  0  1
    31       1  0  0  0  0  0  0  0  0  0  0  0  0  0  0  0  0  0  1
    32       1  0  0  0  0  0  0  0  0  0  0  0  0  0  0  0  0  0  1
    33       1  0  0  0  0  0  0  0  0  0  0  0  0  0  0  0  0  0  1
    34       1  0  0  0  0  0  0  0  0  0  0  0  0  0  0  0  0  0  1
    35       1  0  0  0  0  0  0  0  0  0  0  0  0  0  0  0  0  0  1
    36       1  0  0  0  0  0  0  0  0  0  0  0  0  0  0  0  0  0  1
    37       1  0  0  0  0  0  0  0  0  0  0  0  0  0  0  0  0  0  1
    38       1  0  0  0  0  0  0  0  0  0  0  0  0  0  0  0  0  0  1
    39       1  0  0  0  0  0  0  0  0  0  0  0  0  0  0  0  0  0  1
    40       1  0  0  0  0  0  0  0  0  0  0  0  0  0  0  0  0  0  1
    41       1  0  0  0  0  0  0  0  0  0  0  0  0  0  0  0  0  0  1
    42       1  0  0  0  0  0  0  0  0  0  0  0  0  0  0  0  0  0  1
    43       1  0  0  0  0  0  0  0  0  0  0  0  0  0  0  0  0  0  1
    44       0  1  0  0  0  0  0  0  0  0  0  0  0  0  0  0  0  0  1
    45       0  1  0  0  0  0  0  0  0  0  0  0  0  0  0  0  0  0  1
    46       0  1  0  0  0  0  0  0  0  0  0  0  0  0  0  0  0  0  1
    47       0  1  0  0  0  0  0  0  0  0  0  0  0  0  0  0  0  0  1
    48       0  1  0  0  0  0  0  0  0  0  0  0  0  0  0  0  0  0  1
    49       0  1  0  0  0  0  0  0  0  0  0  0  0  0  0  0  0  0  1
    50       0  1  0  0  0  0  0  0  0  0  0  0  0  0  0  0  0  0  1
    51       0  1  0  0  0  0  0  0  0  0  0  0  0  0  0  0  0  0  1
    52       0  1  0  0  0  0  0  0  0  0  0  0  0  0  0  0  0  0  1
    53       0  1  0  0  0  0  0  0  0  0  0  0  0  0  0  0  0  0  1
    54       0  1  0  0  0  0  0  0  0  0  0  0  0  0  0  0  0  0  1
    55       0  1  0  0  0  0  0  0  0  0  0  0  0  0  0  0  0  0  1
    56       0  1  0  0  0  0  0  0  0  0  0  0  0  0  0  0  0  0  1
    57       0  1  0  0  0  0  0  0  0  0  0  0  0  0  0  0  0  0  1
    58       0  1  0  0  0  0  0  0  0  0  0  0  0  0  0  0  0  0  1
    59       0  1  0  0  0  0  0  0  0  0  0  0  0  0  0  0  0  0  1
    60       0  1  0  0  0  0  0  0  0  0  0  0  0  0  0  0  0  0  1
    61       0  1  0  0  0  0  0  0  0  0  0  0  0  0  0  0  0  0  1
    62       0  0  1  0  0  0  0  0  0  0  0  0  0  0  0  0  0  0  1
    63       0  0  1  0  0  0  0  0  0  0  0  0  0  0  0  0  0  0  1
    64       0  0  1  0  0  0  0  0  0  0  0  0  0  0  0  0  0  0  1
    65       0  0  1  0  0  0  0  0  0  0  0  0  0  0  0  0  0  0  1
    66       0  0  1  0  0  0  0  0  0  0  0  0  0  0  0  0  0  0  1
    67       0  0  1  0  0  0  0  0  0  0  0  0  0  0  0  0  0  0  1
    68       0  0  1  0  0  0  0  0  0  0  0  0  0  0  0  0  0  0  1
    69       0  0  1  0  0  0  0  0  0  0  0  0  0  0  0  0  0  0  1
    70       0  0  1  0  0  0  0  0  0  0  0  0  0  0  0  0  0  0  1
    71       0  0  1  0  0  0  0  0  0  0  0  0  0  0  0  0  0  0  1
    72       0  0  1  0  0  0  0  0  0  0  0  0  0  0  0  0  0  0  1
    73       0  0  1  0  0  0  0  0  0  0  0  0  0  0  0  0  0  0  1
    74       0  0  1  0  0  0  0  0  0  0  0  0  0  0  0  0  0  0  1
    75       0  0  1  0  0  0  0  0  0  0  0  0  0  0  0  0  0  0  1
    76       0  0  1  0  0  0  0  0  0  0  0  0  0  0  0  0  0  0  1
    77       0  0  1  0  0  0  0  0  0  0  0  0  0  0  0  0  0  0  1
    78       0  0  1  0  0  0  0  0  0  0  0  0  0  0  0  0  0  0  1
    79       0  0  1  0  0  0  0  0  0  0  0  0  0  0  0  0  0  0  1
    80       0  0  0  1  0  0  0  0  0  0  0  0  0  0  0  0  0  0  1
    81       0  0  0  1  0  0  0  0  0  0  0  0  0  0  0  0  0  0  1
    82       0  0  0  1  0  0  0  0  0  0  0  0  0  0  0  0  0  0  1
    83       0  0  0  1  0  0  0  0  0  0  0  0  0  0  0  0  0  0  1
    84       0  0  0  1  0  0  0  0  0  0  0  0  0  0  0  0  0  0  1
    85       0  0  0  1  0  0  0  0  0  0  0  0  0  0  0  0  0  0  1
    86       0  0  0  1  0  0  0  0  0  0  0  0  0  0  0  0  0  0  1
    87       0  0  0  1  0  0  0  0  0  0  0  0  0  0  0  0  0  0  1
    88       0  0  0  1  0  0  0  0  0  0  0  0  0  0  0  0  0  0  1
    89       0  0  0  1  0  0  0  0  0  0  0  0  0  0  0  0  0  0  1
    90       0  0  0  1  0  0  0  0  0  0  0  0  0  0  0  0  0  0  1
    91       0  0  0  1  0  0  0  0  0  0  0  0  0  0  0  0  0  0  1
    92       0  0  0  1  0  0  0  0  0  0  0  0  0  0  0  0  0  0  1
    93       0  0  0  1  0  0  0  0  0  0  0  0  0  0  0  0  0  0  1
    94       0  0  0  1  0  0  0  0  0  0  0  0  0  0  0  0  0  0  1
    95       0  0  0  1  0  0  0  0  0  0  0  0  0  0  0  0  0  0  1
    96       0  0  0  1  0  0  0  0  0  0  0  0  0  0  0  0  0  0  1
    97       0  0  0  1  0  0  0  0  0  0  0  0  0  0  0  0  0  0  1
    98       0  0  0  0  1  0  0  0  0  0  0  0  0  0  0  0  0  0  1
    99       0  0  0  0  1  0  0  0  0  0  0  0  0  0  0  0  0  0  1
   100       0  0  0  0  1  0  0  0  0  0  0  0  0  0  0  0  0  0  1
   101       0  0  0  0  1  0  0  0  0  0  0  0  0  0  0  0  0  0  1
   102       0  0  0  0  1  0  0  0  0  0  0  0  0  0  0  0  0  0  1
   103       0  0  0  0  1  0  0  0  0  0  0  0  0  0  0  0  0  0  1
   104       0  0  0  0  1  0  0  0  0  0  0  0  0  0  0  0  0  0  1
   105       0  0  0  0  1  0  0  0  0  0  0  0  0  0  0  0  0  0  1
   106       0  0  0  0  1  0  0  0  0  0  0  0  0  0  0  0  0  0  1
   107       0  0  0  0  1  0  0  0  0  0  0  0  0  0  0  0  0  0  1
   108       0  0  0  0  1  0  0  0  0  0  0  0  0  0  0  0  0  0  1
   109       0  0  0  0  1  0  0  0  0  0  0  0  0  0  0  0  0  0  1
   110       0  0  0  0  1  0  0  0  0  0  0  0  0  0  0  0  0  0  1
   111       0  0  0  0  1  0  0  0  0  0  0  0  0  0  0  0  0  0  1
   112       0  0  0  0  1  0  0  0  0  0  0  0  0  0  0  0  0  0  1
   113       0  0  0  0  1  0  0  0  0  0  0  0  0  0  0  0  0  0  1
   114       0  0  0  0  1  0  0  0  0  0  0  0  0  0  0  0  0  0  1
   115       0  0  0  0  1  0  0  0  0  0  0  0  0  0  0  0  0  0  1
   116       0  0  0  0  0  1  0  0  0  0  0  0  0  0  0  0  0  0  1
   117       0  0  0  0  0  1  0  0  0  0  0  0  0  0  0  0  0  0  1
   118       0  0  0  0  0  1  0  0  0  0  0  0  0  0  0  0  0  0  1
   119       0  0  0  0  0  1  0  0  0  0  0  0  0  0  0  0  0  0  1
   120       0  0  0  0  0  1  0  0  0  0  0  0  0  0  0  0  0  0  1
   121       0  0  0  0  0  1  0  0  0  0  0  0  0  0  0  0  0  0  1
   122       0  0  0  0  0  1  0  0  0  0  0  0  0  0  0  0  0  0  1
   123       0  0  0  0  0  1  0  0  0  0  0  0  0  0  0  0  0  0  1
   124       0  0  0  0  0  1  0  0  0  0  0  0  0  0  0  0  0  0  1
   125       0  0  0  0  0  1  0  0  0  0  0  0  0  0  0  0  0  0  1
   126       0  0  0  0  0  1  0  0  0  0  0  0  0  0  0  0  0  0  1
   127       0  0  0  0  0  1  0  0  0  0  0  0  0  0  0  0  0  0  1
   128       0  0  0  0  0  1  0  0  0  0  0  0  0  0  0  0  0  0  1
   129       0  0  0  0  0  1  0  0  0  0  0  0  0  0  0  0  0  0  1
   130       0  0  0  0  0  1  0  0  0  0  0  0  0  0  0  0  0  0  1
   131       0  0  0  0  0  1  0  0  0  0  0  0  0  0  0  0  0  0  1
   132       0  0  0  0  0  1  0  0  0  0  0  0  0  0  0  0  0  0  1
   133       0  0  0  0  0  1  0  0  0  0  0  0  0  0  0  0  0  0  1
   134       0  0  0  0  0  0  1  0  0  0  0  0  0  0  0  0  0  0  1
   135       0  0  0  0  0  0  1  0  0  0  0  0  0  0  0  0  0  0  1
   136       0  0  0  0  0  0  1  0  0  0  0  0  0  0  0  0  0  0  1
   137       0  0  0  0  0  0  1  0  0  0  0  0  0  0  0  0  0  0  1
   138       0  0  0  0  0  0  1  0  0  0  0  0  0  0  0  0  0  0  1
   139       0  0  0  0  0  0  1  0  0  0  0  0  0  0  0  0  0  0  1
   140       0  0  0  0  0  0  1  0  0  0  0  0  0  0  0  0  0  0  1
   141       0  0  0  0  0  0  1  0  0  0  0  0  0  0  0  0  0  0  1
   142       0  0  0  0  0  0  1  0  0  0  0  0  0  0  0  0  0  0  1
   143       0  0  0  0  0  0  1  0  0  0  0  0  0  0  0  0  0  0  1
   144       0  0  0  0  0  0  1  0  0  0  0  0  0  0  0  0  0  0  1
   145       0  0  0  0  0  0  1  0  0  0  0  0  0  0  0  0  0  0  1
   146       0  0  0  0  0  0  1  0  0  0  0  0  0  0  0  0  0  0  1
   147       0  0  0  0  0  0  1  0  0  0  0  0  0  0  0  0  0  0  1
   148       0  0  0  0  0  0  1  0  0  0  0  0  0  0  0  0  0  0  1
   149       0  0  0  0  0  0  1  0  0  0  0  0  0  0  0  0  0  0  1
   150       0  0  0  0  0  0  1  0  0  0  0  0  0  0  0  0  0  0  1
   151       0  0  0  0  0  0  1  0  0  0  0  0  0  0  0  0  0  0  1
   152       0  0  0  0  0  0  0  1  0  0  0  0  0  0  0  0  0  0  1
   153       0  0  0  0  0  0  0  1  0  0  0  0  0  0  0  0  0  0  1
   154       0  0  0  0  0  0  0  1  0  0  0  0  0  0  0  0  0  0  1
   155       0  0  0  0  0  0  0  1  0  0  0  0  0  0  0  0  0  0  1
   156       0  0  0  0  0  0  0  1  0  0  0  0  0  0  0  0  0  0  1
   157       0  0  0  0  0  0  0  1  0  0  0  0  0  0  0  0  0  0  1
   158       0  0  0  0  0  0  0  1  0  0  0  0  0  0  0  0  0  0  1
   159       0  0  0  0  0  0  0  1  0  0  0  0  0  0  0  0  0  0  1
   160       0  0  0  0  0  0  0  1  0  0  0  0  0  0  0  0  0  0  1
   161       0  0  0  0  0  0  0  1  0  0  0  0  0  0  0  0  0  0  1
   162       0  0  0  0  0  0  0  1  0  0  0  0  0  0  0  0  0  0  1
   163       0  0  0  0  0  0  0  1  0  0  0  0  0  0  0  0  0  0  1
   164       0  0  0  0  0  0  0  1  0  0  0  0  0  0  0  0  0  0  1
   165       0  0  0  0  0  0  0  1  0  0  0  0  0  0  0  0  0  0  1
   166       0  0  0  0  0  0  0  1  0  0  0  0  0  0  0  0  0  0  1
   167       0  0  0  0  0  0  0  1  0  0  0  0  0  0  0  0  0  0  1
   168       0  0  0  0  0  0  0  1  0  0  0  0  0  0  0  0  0  0  1
   169       0  0  0  0  0  0  0  1  0  0  0  0  0  0  0  0  0  0  1
   170       0  0  0  0  0  0  0  0  1  0  0  0  0  0  0  0  0  0  1
   171       0  0  0  0  0  0  0  0  1  0  0  0  0  0  0  0  0  0  1
   172       0  0  0  0  0  0  0  0  1  0  0  0  0  0  0  0  0  0  1
   173       0  0  0  0  0  0  0  0  1  0  0  0  0  0  0  0  0  0  1
   174       0  0  0  0  0  0  0  0  1  0  0  0  0  0  0  0  0  0  1
   175       0  0  0  0  0  0  0  0  1  0  0  0  0  0  0  0  0  0  1
   176       0  0  0  0  0  0  0  0  1  0  0  0  0  0  0  0  0  0  1
   177       0  0  0  0  0  0  0  0  1  0  0  0  0  0  0  0  0  0  1
   178       0  0  0  0  0  0  0  0  1  0  0  0  0  0  0  0  0  0  1
   179       0  0  0  0  0  0  0  0  1  0  0  0  0  0  0  0  0  0  1
   180       0  0  0  0  0  0  0  0  1  0  0  0  0  0  0  0  0  0  1
   181       0  0  0  0  0  0  0  0  1  0  0  0  0  0  0  0  0  0  1
   182       0  0  0  0  0  0  0  0  1  0  0  0  0  0  0  0  0  0  1
   183       0  0  0  0  0  0  0  0  1  0  0  0  0  0  0  0  0  0  1
   184       0  0  0  0  0  0  0  0  1  0  0  0  0  0  0  0  0  0  1
   185       0  0  0  0  0  0  0  0  1  0  0  0  0  0  0  0  0  0  1
   186       0  0  0  0  0  0  0  0  1  0  0  0  0  0  0  0  0  0  1
   187       0  0  0  0  0  0  0  0  1  0  0  0  0  0  0  0  0  0  1
   188       0  0  0  0  0  0  0  0  0  1  0  0  0  0  0  0  0  0  1
   189       0  0  0  0  0  0  0  0  0  1  0  0  0  0  0  0  0  0  1
   190       0  0  0  0  0  0  0  0  0  1  0  0  0  0  0  0  0  0  1
   191       0  0  0  0  0  0  0  0  0  1  0  0  0  0  0  0  0  0  1
   192       0  0  0  0  0  0  0  0  0  1  0  0  0  0  0  0  0  0  1
   193       0  0  0  0  0  0  0  0  0  1  0  0  0  0  0  0  0  0  1
   194       0  0  0  0  0  0  0  0  0  1  0  0  0  0  0  0  0  0  1
   195       0  0  0  0  0  0  0  0  0  1  0  0  0  0  0  0  0  0  1
   196       0  0  0  0  0  0  0  0  0  1  0  0  0  0  0  0  0  0  1
   197       0  0  0  0  0  0  0  0  0  1  0  0  0  0  0  0  0  0  1
   198       0  0  0  0  0  0  0  0  0  1  0  0  0  0  0  0  0  0  1
   199       0  0  0  0  0  0  0  0  0  1  0  0  0  0  0  0  0  0  1
   200       0  0  0  0  0  0  0  0  0  1  0  0  0  0  0  0  0  0  1
   201       0  0  0  0  0  0  0  0  0  1  0  0  0  0  0  0  0  0  1
   202       0  0  0  0  0  0  0  0  0  1  0  0  0  0  0  0  0  0  1
   203       0  0  0  0  0  0  0  0  0  1  0  0  0  0  0  0  0  0  1
   204       0  0  0  0  0  0  0  0  0  1  0  0  0  0  0  0  0  0  1
   205       0  0  0  0  0  0  0  0  0  1  0  0  0  0  0  0  0  0  1
   206       0  0  0  0  0  0  0  0  0  0  1  0  0  0  0  0  0  0  1
   207       0  0  0  0  0  0  0  0  0  0  1  0  0  0  0  0  0  0  1
   208       0  0  0  0  0  0  0  0  0  0  1  0  0  0  0  0  0  0  1
   209       0  0  0  0  0  0  0  0  0  0  1  0  0  0  0  0  0  0  1
   210       0  0  0  0  0  0  0  0  0  0  1  0  0  0  0  0  0  0  1
   211       0  0  0  0  0  0  0  0  0  0  1  0  0  0  0  0  0  0  1
   212       0  0  0  0  0  0  0  0  0  0  1  0  0  0  0  0  0  0  1
   213       0  0  0  0  0  0  0  0  0  0  1  0  0  0  0  0  0  0  1
   214       0  0  0  0  0  0  0  0  0  0  1  0  0  0  0  0  0  0  1
   215       0  0  0  0  0  0  0  0  0  0  1  0  0  0  0  0  0  0  1
   216       0  0  0  0  0  0  0  0  0  0  1  0  0  0  0  0  0  0  1
   217       0  0  0  0  0  0  0  0  0  0  1  0  0  0  0  0  0  0  1
   218       0  0  0  0  0  0  0  0  0  0  1  0  0  0  0  0  0  0  1
   219       0  0  0  0  0  0  0  0  0  0  1  0  0  0  0  0  0  0  1
   220       0  0  0  0  0  0  0  0  0  0  1  0  0  0  0  0  0  0  1
   221       0  0  0  0  0  0  0  0  0  0  1  0  0  0  0  0  0  0  1
   222       0  0  0  0  0  0  0  0  0  0  1  0  0  0  0  0  0  0  1
   223       0  0  0  0  0  0  0  0  0  0  1  0  0  0  0  0  0  0  1
   224       0  0  0  0  0  0  0  0  0  0  0  1  0  0  0  0  0  0  1
   225       0  0  0  0  0  0  0  0  0  0  0  1  0  0  0  0  0  0  1
   226       0  0  0  0  0  0  0  0  0  0  0  1  0  0  0  0  0  0  1
   227       0  0  0  0  0  0  0  0  0  0  0  1  0  0  0  0  0  0  1
   228       0  0  0  0  0  0  0  0  0  0  0  1  0  0  0  0  0  0  1
   229       0  0  0  0  0  0  0  0  0  0  0  1  0  0  0  0  0  0  1
   230       0  0  0  0  0  0  0  0  0  0  0  1  0  0  0  0  0  0  1
   231       0  0  0  0  0  0  0  0  0  0  0  1  0  0  0  0  0  0  1
   232       0  0  0  0  0  0  0  0  0  0  0  1  0  0  0  0  0  0  1
   233       0  0  0  0  0  0  0  0  0  0  0  1  0  0  0  0  0  0  1
   234       0  0  0  0  0  0  0  0  0  0  0  1  0  0  0  0  0  0  1
   235       0  0  0  0  0  0  0  0  0  0  0  1  0  0  0  0  0  0  1
   236       0  0  0  0  0  0  0  0  0  0  0  1  0  0  0  0  0  0  1
   237       0  0  0  0  0  0  0  0  0  0  0  1  0  0  0  0  0  0  1
   238       0  0  0  0  0  0  0  0  0  0  0  1  0  0  0  0  0  0  1
   239       0  0  0  0  0  0  0  0  0  0  0  1  0  0  0  0  0  0  1
   240       0  0  0  0  0  0  0  0  0  0  0  1  0  0  0  0  0  0  1
   241       0  0  0  0  0  0  0  0  0  0  0  1  0  0  0  0  0  0  1
   242       0  0  0  0  0  0  0  0  0  0  0  0  1  0  0  0  0  0  1
   243       0  0  0  0  0  0  0  0  0  0  0  0  1  0  0  0  0  0  1
   244       0  0  0  0  0  0  0  0  0  0  0  0  1  0  0  0  0  0  1
   245       0  0  0  0  0  0  0  0  0  0  0  0  1  0  0  0  0  0  1
   246       0  0  0  0  0  0  0  0  0  0  0  0  1  0  0  0  0  0  1
   247       0  0  0  0  0  0  0  0  0  0  0  0  1  0  0  0  0  0  1
   248       0  0  0  0  0  0  0  0  0  0  0  0  1  0  0  0  0  0  1
   249       0  0  0  0  0  0  0  0  0  0  0  0  1  0  0  0  0  0  1
   250       0  0  0  0  0  0  0  0  0  0  0  0  1  0  0  0  0  0  1
   251       0  0  0  0  0  0  0  0  0  0  0  0  1  0  0  0  0  0  1
   252       0  0  0  0  0  0  0  0  0  0  0  0  1  0  0  0  0  0  1
   253       0  0  0  0  0  0  0  0  0  0  0  0  1  0  0  0  0  0  1
   254       0  0  0  0  0  0  0  0  0  0  0  0  1  0  0  0  0  0  1
   255       0  0  0  0  0  0  0  0  0  0  0  0  1  0  0  0  0  0  1
   256       0  0  0  0  0  0  0  0  0  0  0  0  1  0  0  0  0  0  1
   257       0  0  0  0  0  0  0  0  0  0  0  0  1  0  0  0  0  0  1
   258       0  0  0  0  0  0  0  0  0  0  0  0  1  0  0  0  0  0  1
   259       0  0  0  0  0  0  0  0  0  0  0  0  1  0  0  0  0  0  1
   260       0  0  0  0  0  0  0  0  0  0  0  0  0  1  0  0  0  0  1
   261       0  0  0  0  0  0  0  0  0  0  0  0  0  1  0  0  0  0  1
   262       0  0  0  0  0  0  0  0  0  0  0  0  0  1  0  0  0  0  1
   263       0  0  0  0  0  0  0  0  0  0  0  0  0  1  0  0  0  0  1
   264       0  0  0  0  0  0  0  0  0  0  0  0  0  1  0  0  0  0  1
   265       0  0  0  0  0  0  0  0  0  0  0  0  0  1  0  0  0  0  1
   266       0  0  0  0  0  0  0  0  0  0  0  0  0  1  0  0  0  0  1
   267       0  0  0  0  0  0  0  0  0  0  0  0  0  1  0  0  0  0  1
   268       0  0  0  0  0  0  0  0  0  0  0  0  0  1  0  0  0  0  1
   269       0  0  0  0  0  0  0  0  0  0  0  0  0  1  0  0  0  0  1
   270       0  0  0  0  0  0  0  0  0  0  0  0  0  1  0  0  0  0  1
   271       0  0  0  0  0  0  0  0  0  0  0  0  0  1  0  0  0  0  1
   272       0  0  0  0  0  0  0  0  0  0  0  0  0  1  0  0  0  0  1
   273       0  0  0  0  0  0  0  0  0  0  0  0  0  1  0  0  0  0  1
   274       0  0  0  0  0  0  0  0  0  0  0  0  0  1  0  0  0  0  1
   275       0  0  0  0  0  0  0  0  0  0  0  0  0  1  0  0  0  0  1
   276       0  0  0  0  0  0  0  0  0  0  0  0  0  1  0  0  0  0  1
   277       0  0  0  0  0  0  0  0  0  0  0  0  0  1  0  0  0  0  1
   278       0  0  0  0  0  0  0  0  0  0  0  0  0  0  1  0  0  0  1
   279       0  0  0  0  0  0  0  0  0  0  0  0  0  0  1  0  0  0  1
   280       0  0  0  0  0  0  0  0  0  0  0  0  0  0  1  0  0  0  1
   281       0  0  0  0  0  0  0  0  0  0  0  0  0  0  1  0  0  0  1
   282       0  0  0  0  0  0  0  0  0  0  0  0  0  0  1  0  0  0  1
   283       0  0  0  0  0  0  0  0  0  0  0  0  0  0  1  0  0  0  1
   284       0  0  0  0  0  0  0  0  0  0  0  0  0  0  1  0  0  0  1
   285       0  0  0  0  0  0  0  0  0  0  0  0  0  0  1  0  0  0  1
   286       0  0  0  0  0  0  0  0  0  0  0  0  0  0  1  0  0  0  1
   287       0  0  0  0  0  0  0  0  0  0  0  0  0  0  1  0  0  0  1
   288       0  0  0  0  0  0  0  0  0  0  0  0  0  0  1  0  0  0  1
   289       0  0  0  0  0  0  0  0  0  0  0  0  0  0  1  0  0  0  1
   290       0  0  0  0  0  0  0  0  0  0  0  0  0  0  1  0  0  0  1
   291       0  0  0  0  0  0  0  0  0  0  0  0  0  0  1  0  0  0  1
   292       0  0  0  0  0  0  0  0  0  0  0  0  0  0  1  0  0  0  1
   293       0  0  0  0  0  0  0  0  0  0  0  0  0  0  1  0  0  0  1
   294       0  0  0  0  0  0  0  0  0  0  0  0  0  0  1  0  0  0  1
   295       0  0  0  0  0  0  0  0  0  0  0  0  0  0  1  0  0  0  1
   296       0  0  0  0  0  0  0  0  0  0  0  0  0  0  0  1  0  0  1
   297       0  0  0  0  0  0  0  0  0  0  0  0  0  0  0  1  0  0  1
   298       0  0  0  0  0  0  0  0  0  0  0  0  0  0  0  1  0  0  1
   299       0  0  0  0  0  0  0  0  0  0  0  0  0  0  0  1  0  0  1
   300       0  0  0  0  0  0  0  0  0  0  0  0  0  0  0  1  0  0  1
   301       0  0  0  0  0  0  0  0  0  0  0  0  0  0  0  1  0  0  1
   302       0  0  0  0  0  0  0  0  0  0  0  0  0  0  0  1  0  0  1
   303       0  0  0  0  0  0  0  0  0  0  0  0  0  0  0  1  0  0  1
   304       0  0  0  0  0  0  0  0  0  0  0  0  0  0  0  1  0  0  1
   305       0  0  0  0  0  0  0  0  0  0  0  0  0  0  0  1  0  0  1
   306       0  0  0  0  0  0  0  0  0  0  0  0  0  0  0  1  0  0  1
   307       0  0  0  0  0  0  0  0  0  0  0  0  0  0  0  1  0  0  1
   308       0  0  0  0  0  0  0  0  0  0  0  0  0  0  0  1  0  0  1
   309       0  0  0  0  0  0  0  0  0  0  0  0  0  0  0  1  0  0  1
   310       0  0  0  0  0  0  0  0  0  0  0  0  0  0  0  1  0  0  1
   311       0  0  0  0  0  0  0  0  0  0  0  0  0  0  0  1  0  0  1
   312       0  0  0  0  0  0  0  0  0  0  0  0  0  0  0  1  0  0  1
   313       0  0  0  0  0  0  0  0  0  0  0  0  0  0  0  1  0  0  1
   314       0  0  0  0  0  0  0  0  0  0  0  0  0  0  0  0  1  0  1
   315       0  0  0  0  0  0  0  0  0  0  0  0  0  0  0  0  1  0  1
   316       0  0  0  0  0  0  0  0  0  0  0  0  0  0  0  0  1  0  1
   317       0  0  0  0  0  0  0  0  0  0  0  0  0  0  0  0  1  0  1
   318       0  0  0  0  0  0  0  0  0  0  0  0  0  0  0  0  1  0  1
   319       0  0  0  0  0  0  0  0  0  0  0  0  0  0  0  0  1  0  1
   320       0  0  0  0  0  0  0  0  0  0  0  0  0  0  0  0  1  0  1
   321       0  0  0  0  0  0  0  0  0  0  0  0  0  0  0  0  1  0  1
   322       0  0  0  0  0  0  0  0  0  0  0  0  0  0  0  0  1  0  1
   323       0  0  0  0  0  0  0  0  0  0  0  0  0  0  0  0  1  0  1
   324       0  0  0  0  0  0  0  0  0  0  0  0  0  0  0  0  1  0  1
   325       0  0  0  0  0  0  0  0  0  0  0  0  0  0  0  0  1  0  1
   326       0  0  0  0  0  0  0  0  0  0  0  0  0  0  0  0  1  0  1
   327       0  0  0  0  0  0  0  0  0  0  0  0  0  0  0  0  1  0  1
   328       0  0  0  0  0  0  0  0  0  0  0  0  0  0  0  0  1  0  1
   329       0  0  0  0  0  0  0  0  0  0  0  0  0  0  0  0  1  0  1
   330       0  0  0  0  0  0  0  0  0  0  0  0  0  0  0  0  1  0  1
   331       0  0  0  0  0  0  0  0  0  0  0  0  0  0  0  0  1  0  1
   332       0  0  0  0  0  0  0  0  0  0  0  0  0  0  0  0  0  1  1
   333       0  0  0  0  0  0  0  0  0  0  0  0  0  0  0  0  0  1  1
   334       0  0  0  0  0  0  0  0  0  0  0  0  0  0  0  0  0  1  1
   335       0  0  0  0  0  0  0  0  0  0  0  0  0  0  0  0  0  1  1
   336       0  0  0  0  0  0  0  0  0  0  0  0  0  0  0  0  0  1  1
   337       0  0  0  0  0  0  0  0  0  0  0  0  0  0  0  0  0  1  1
   338       0  0  0  0  0  0  0  0  0  0  0  0  0  0  0  0  0  1  1
   339       0  0  0  0  0  0  0  0  0  0  0  0  0  0  0  0  0  1  1
   340       0  0  0  0  0  0  0  0  0  0  0  0  0  0  0  0  0  1  1
   341       0  0  0  0  0  0  0  0  0  0  0  0  0  0  0  0  0  1  1
   342       0  0  0  0  0  0  0  0  0  0  0  0  0  0  0  0  0  1  1
   343       0  0  0  0  0  0  0  0  0  0  0  0  0  0  0  0  0  1  1
   344       0  0  0  0  0  0  0  0  0  0  0  0  0  0  0  0  0  1  1
   345       0  0  0  0  0  0  0  0  0  0  0  0  0  0  0  0  0  1  1
   346       0  0  0  0  0  0  0  0  0  0  0  0  0  0  0  0  0  1  1
   347       0  0  0  0  0  0  0  0  0  0  0  0  0  0  0  0  0  1  1
   348       0  0  0  0  0  0  0  0  0  0  0  0  0  0  0  0  0  1  1
   349       0  0  0  0  0  0  0  0  0  0  0  0  0  0  0  0  0  1  1

 Reading esp"s for molecule   1
 total number of atoms      =   349
 total number of esp points = 12855


 center     X       Y       Z 
    1   0.3418325E+00   0.9254744E-01   0.5574125E-01
    2   0.1628728E+01  -0.2952028E+01  -0.4244022E+01
    3   0.1535691E+01   0.5369018E+01   0.3407554E-01
    4   0.5101988E+01   0.7181480E+01  -0.5578399E+01
    5   0.5431231E+01   0.8945566E+00  -0.8591010E+01
    6  -0.9815993E+00  -0.5215791E+01  -0.6435651E-01
    7  -0.1673677E+01   0.3276501E+01   0.4027237E+01
    8  -0.3811164E+01  -0.6770713E+01   0.6069257E+01
    9  -0.4389956E+01  -0.5737057E+00   0.8902151E+01
   10  -0.3843793E+01  -0.1501017E+01  -0.3413892E+01
   11   0.4329336E+01  -0.3554465E+01   0.9167250E+00
   12  -0.2656127E+01  -0.7415891E+01  -0.5817170E+01
   13   0.3322945E+01  -0.8929392E+01  -0.3338966E+01
   14   0.5593797E+00  -0.2385581E+01   0.4901345E+01
   15   0.5116837E+01   0.1674280E+01  -0.2367851E+01
   16   0.1016361E+02  -0.1140943E+01   0.1289876E+01
   17   0.7136828E+01  -0.3153531E+01   0.6894816E+01
   18   0.3838449E+00   0.2586840E+01  -0.4794700E+01
   19  -0.4328672E+01  -0.1295982E+01   0.2568202E+01
   20  -0.9658255E+01   0.2084519E+00  -0.1632544E+01
   21  -0.6033763E+01   0.2886163E+01  -0.7095934E+01
   22  -0.3830477E+01   0.3354090E+01  -0.1144639E+01
   23   0.4581684E+01   0.1523610E+01   0.3154606E+01
   24   0.2708677E+01   0.7786816E+01   0.5490070E+01
   25  -0.3487998E+01   0.9004998E+01   0.2701464E+01
   26   0.2272441E+01  -0.1130691E+02   0.1214841E+02
   27   0.2758252E+01  -0.1084059E+02   0.1385692E+02
   28   0.4092839E+01  -0.8696281E+01   0.1374897E+02
   29   0.4991515E+01  -0.7738432E+01   0.1559719E+02
   30   0.4308284E+01  -0.7430646E+01   0.1112563E+02
   31   0.6291709E+01  -0.6885201E+01   0.1096798E+02
   32   0.2654774E+01  -0.5067378E+01   0.1121399E+02
   33   0.6520235E+00  -0.5544677E+01   0.1122407E+02
   34   0.3077307E+01  -0.4093345E+01   0.1297434E+02
   35   0.3640251E+01  -0.9116029E+01   0.9059843E+01
   36   0.2370584E+01  -0.8473477E+01   0.7790080E+01
   37   0.5416387E+01  -0.1085816E+02   0.8212543E+01
   38   0.7317010E+01  -0.1126252E+02   0.9423583E+01
   39   0.4730118E+01  -0.1225797E+02   0.5823142E+01
   40   0.3304337E+01  -0.1368934E+02   0.6251635E+01
   41   0.3966832E+01  -0.1099828E+02   0.4382794E+01
   42   0.6403554E+01  -0.1319231E+02   0.5086916E+01
   43   0.3129235E+01  -0.2633660E+01   0.8752003E+01
   44  -0.9696101E+01  -0.1143258E+02  -0.6756863E+01
   45  -0.8277518E+01  -0.1169704E+02  -0.7900604E+01
   46  -0.7823290E+01  -0.9625376E+01  -0.9262836E+01
   47  -0.6151481E+01  -0.9599621E+01  -0.1080983E+02
   48  -0.9528324E+01  -0.7309150E+01  -0.8796788E+01
   49  -0.1040752E+02  -0.6958546E+01  -0.1063422E+02
   50  -0.7959125E+01  -0.4949415E+01  -0.8159066E+01
   51  -0.6574015E+01  -0.4647607E+01  -0.9640685E+01
   52  -0.9221298E+01  -0.3326131E+01  -0.8082704E+01
   53  -0.1155729E+02  -0.7761454E+01  -0.7013002E+01
   54  -0.1137897E+02  -0.7088551E+01  -0.5236903E+01
   55  -0.1390014E+02  -0.8583810E+01  -0.7836834E+01
   56  -0.1421981E+02  -0.9228375E+01  -0.1001601E+02
   57  -0.1595980E+02  -0.8578107E+01  -0.5865360E+01
   58  -0.1740182E+02  -0.9933757E+01  -0.6416304E+01
   59  -0.1524698E+02  -0.9030916E+01  -0.3986643E+01
   60  -0.1682706E+02  -0.6704213E+01  -0.5809787E+01
   61  -0.6356989E+01  -0.5106712E+01  -0.5053479E+01
   62   0.1949623E+01   0.1337082E+02  -0.2085107E+01
   63   0.2118513E+01   0.1495764E+02  -0.1153024E+01
   64   0.4510273E+01   0.1530625E+02  -0.3334610E+00
   65   0.5027790E+01   0.1704075E+02   0.1018086E+01
   66   0.6484083E+01   0.1333600E+02  -0.1234412E+01
   67   0.6481499E+01   0.1333628E+02  -0.3296778E+01
   68   0.5784667E+01   0.1064936E+02  -0.3210531E+00
   69   0.7440352E+01   0.9443960E+01  -0.4356159E+00
   70   0.5161458E+01   0.1069108E+02   0.1644799E+01
   71   0.8992138E+01   0.1395395E+02  -0.3767037E+00
   72   0.9362759E+01   0.1368561E+02   0.1479041E+01
   73   0.1063003E+02   0.1567468E+02  -0.1462268E+01
   74   0.1252176E+02   0.1632700E+02  -0.3488302E+00
   75   0.1000406E+02   0.1660777E+02  -0.4094437E+01
   76   0.8143740E+01   0.1749439E+02  -0.4172194E+01
   77   0.1142757E+02   0.1798784E+02  -0.4624460E+01
   78   0.1004024E+02   0.1505493E+02  -0.5455151E+01
   79   0.3178449E+01   0.9219624E+01  -0.2142375E+01
   80   0.1078968E+02   0.5178820E+01   0.7030474E+01
   81   0.1156022E+02   0.5873591E+01   0.8540930E+01
   82   0.1044015E+02   0.5054960E+01   0.1067414E+02
   83   0.1102960E+02   0.5901416E+01   0.1268286E+02
   84   0.8354067E+01   0.3022764E+01   0.1036931E+02
   85   0.9012740E+01   0.1548039E+01   0.9086899E+01
   86   0.5880387E+01   0.4132974E+01   0.9318031E+01
   87   0.4380101E+01   0.2752461E+01   0.9574741E+01
   88   0.5388397E+01   0.5871730E+01   0.1030538E+02
   89   0.7863870E+01   0.1821204E+01   0.1276565E+02
   90   0.6608699E+01   0.2622998E+01   0.1394451E+02
   91   0.9072975E+01  -0.3178311E+00   0.1352483E+02
   92   0.1054104E+02  -0.1444748E+01   0.1214204E+02
   93   0.8497499E+01  -0.1198075E+01   0.1617333E+02
   94   0.7023454E+01  -0.9545762E-01   0.1709354E+02
   95   0.7941430E+01  -0.3180369E+01   0.1614127E+02
   96   0.1022107E+02  -0.1044280E+01   0.1729084E+02
   97   0.6087123E+01   0.4941821E+01   0.5920856E+01
   98  -0.1170724E+02  -0.1025138E+02   0.1269913E+02
   99  -0.1202515E+02  -0.9245369E+01   0.1419981E+02
  100  -0.9996034E+01  -0.7808110E+01   0.1465101E+02
  101  -0.9870534E+01  -0.6407811E+01   0.1642383E+02
  102  -0.7805054E+01  -0.8000756E+01   0.1271884E+02
  103  -0.6123383E+01  -0.8285262E+01   0.1387849E+02
  104  -0.7628023E+01  -0.5468546E+01   0.1134361E+02
  105  -0.9078474E+01  -0.5253364E+01   0.9901429E+01
  106  -0.7911430E+01  -0.3981742E+01   0.1273061E+02
  107  -0.8062043E+01  -0.1011741E+02   0.1098114E+02
  108  -0.8153451E+01  -0.9722510E+01   0.9118928E+01
  109  -0.7211918E+01  -0.1249827E+02   0.1167077E+02
  110  -0.6569742E+01  -0.1294574E+02   0.1382383E+02
  111  -0.7271187E+01  -0.1446930E+02   0.9609015E+01
  112  -0.9158926E+01  -0.1529221E+02   0.9486663E+01
  113  -0.6810253E+01  -0.1370300E+02   0.7754689E+01
  114  -0.5952138E+01  -0.1596839E+02   0.1009043E+02
  115  -0.4439477E+01  -0.4858629E+01   0.1003626E+02
  116   0.1697868E+02   0.6188569E+00  -0.1869631E+01
  117   0.1671892E+02   0.8222840E+00  -0.6384817E-01
  118   0.1513752E+02   0.2744827E+01   0.3200667E+00
  119   0.1452549E+02   0.3390305E+01   0.2412778E+01
  120   0.1409787E+02   0.4088810E+01  -0.2043502E+01
  121   0.1474315E+02   0.6042476E+01  -0.1844070E+01
  122   0.1120620E+02   0.4148194E+01  -0.1989917E+01
  123   0.1060085E+02   0.4900942E+01  -0.1802439E+00
  124   0.1052395E+02   0.5379080E+01  -0.3491953E+01
  125   0.1507983E+02   0.3113945E+01  -0.4413791E+01
  126   0.1391285E+02   0.2030310E+01  -0.5464133E+01
  127   0.1715951E+02   0.4211995E+01  -0.5571101E+01
  128   0.1844918E+02   0.5753530E+01  -0.4471774E+01
  129   0.1765793E+02   0.3362178E+01  -0.8249109E+01
  130   0.1967860E+02   0.3454172E+01  -0.8611325E+01
  131   0.1696981E+02   0.1455372E+01  -0.8623663E+01
  132   0.1671015E+02   0.4663020E+01  -0.9543167E+01
  133   0.9695071E+01   0.1050444E+01  -0.2550111E+01
  134   0.7802741E+01  -0.1345943E+02  -0.1933386E+01
  135   0.8862717E+01  -0.1366256E+02  -0.4603769E+00
  136   0.1065667E+02  -0.1184437E+02  -0.3991404E+00
  137   0.1221491E+02  -0.1180943E+02   0.1234993E+01
  138   0.1054955E+02  -0.9813559E+01  -0.2484421E+01
  139   0.1252623E+02  -0.9338094E+01  -0.2828360E+01
  140   0.9305200E+01  -0.7386706E+01  -0.1500503E+01
  141   0.1044303E+02  -0.6672932E+01   0.5748546E-01
  142   0.9281642E+01  -0.5978692E+01  -0.2997206E+01
  143   0.9504184E+01  -0.1066692E+02  -0.4864967E+01
  144   0.7651363E+01  -0.1037237E+02  -0.5220536E+01
  145   0.1103237E+02  -0.1148058E+02  -0.6814977E+01
  146   0.1331002E+02  -0.1162344E+02  -0.6584015E+01
  147   0.9656468E+01  -0.1223735E+02  -0.9201554E+01
  148   0.1093236E+02  -0.1202769E+02  -0.1079741E+02
  149   0.9119100E+01  -0.1422565E+02  -0.9064246E+01
  150   0.7952419E+01  -0.1113038E+02  -0.9538502E+01
  151   0.6114927E+01  -0.7729724E+01  -0.1229626E+00
  152  -0.9198982E+01   0.1031339E+02  -0.1229191E+01
  153  -0.1101107E+02   0.1050223E+02  -0.1540469E+01
  154  -0.1237342E+02   0.9145357E+01   0.1144928E+00
  155  -0.1460025E+02   0.8834735E+01  -0.1769161E+00
  156  -0.1089200E+02   0.8036680E+01   0.2367613E+01
  157  -0.9994526E+01   0.9589477E+01   0.3388392E+01
  158  -0.8853686E+01   0.6154741E+01   0.1491474E+01
  159  -0.8083087E+01   0.5231689E+01   0.3153989E+01
  160  -0.9744438E+01   0.4705051E+01   0.3182695E+00
  161  -0.1251202E+02   0.6635255E+01   0.4066354E+01
  162  -0.1285710E+02   0.4831171E+01   0.3547441E+01
  163  -0.1437007E+02   0.7484904E+01   0.5652596E+01
  164  -0.1584266E+02   0.5949598E+01   0.6570383E+01
  165  -0.1451746E+02   0.1025272E+02   0.6270857E+01
  166  -0.1516563E+02   0.1044900E+02   0.8210444E+01
  167  -0.1272495E+02   0.1123390E+02   0.6050670E+01
  168  -0.1591227E+02   0.1112569E+02   0.5025881E+01
  169  -0.6222839E+01   0.7404581E+01  -0.3970787E+00
  170   0.6002219E+01  -0.5669495E+01  -0.1087320E+02
  171   0.6461722E+01  -0.6313688E+01  -0.1254276E+02
  172   0.5000459E+01  -0.5329039E+01  -0.1436859E+02
  173   0.5404059E+01  -0.5767425E+01  -0.1654836E+02
  174   0.2887328E+01  -0.3449854E+01  -0.1355308E+02
  175   0.3794982E+01  -0.1593538E+01  -0.1362788E+02
  176   0.1725962E+01  -0.3762303E+01  -0.1090037E+02
  177   0.1916428E+00  -0.2410472E+01  -0.1070963E+02
  178   0.9752460E+00  -0.5663072E+01  -0.1067363E+02
  179   0.9009099E+00  -0.3424575E+01  -0.1544108E+02
  180   0.7439114E+00  -0.1898693E+01  -0.1655830E+02
  181  -0.4045261E+00  -0.5560507E+01  -0.1607125E+02
  182  -0.1330027E+00  -0.7520612E+01  -0.1490106E+02
  183  -0.2247181E+01  -0.5291934E+01  -0.1823367E+02
  184  -0.1610816E+01  -0.3940727E+01  -0.1964757E+02
  185  -0.2510066E+01  -0.7130921E+01  -0.1910830E+02
  186  -0.4066488E+01  -0.4657664E+01  -0.1750401E+02
  187   0.3968784E+01  -0.3275560E+01  -0.8278712E+01
  188  -0.9678748E+01   0.6071846E+01   0.1119967E+02
  189  -0.9397042E+01   0.7706085E+01   0.1040139E+02
  190  -0.7014763E+01   0.8382486E+01   0.1077514E+02
  191  -0.6228560E+01   0.1037177E+02   0.9969353E+01
  192  -0.5333173E+01   0.6506217E+01   0.1222613E+02
  193  -0.4497790E+01   0.7626371E+01   0.1374899E+02
  194  -0.3174260E+01   0.5552797E+01   0.1054184E+02
  195  -0.2159636E+01   0.7166706E+01   0.9781562E+01
  196  -0.1874304E+01   0.4407527E+01   0.1164479E+02
  197  -0.6776958E+01   0.4456151E+01   0.1332672E+02
  198  -0.6542815E+01   0.2708939E+01   0.1259400E+02
  199  -0.7842845E+01   0.4692154E+01   0.1570931E+02
  200  -0.7886342E+01   0.6721003E+01   0.1677513E+02
  201  -0.8937329E+01   0.2289070E+01   0.1678917E+02
  202  -0.9903483E+01   0.2731255E+01   0.1854519E+02
  203  -0.1026613E+02   0.1410180E+01   0.1547851E+02
  204  -0.7439294E+01   0.9216836E+00   0.1717370E+02
  205  -0.4377690E+01   0.3726001E+01   0.7823594E+01
  206   0.1389316E+02  -0.7192409E+01   0.5222673E+01
  207   0.1571460E+02  -0.7421302E+01   0.5249037E+01
  208   0.1690147E+02  -0.5685681E+01   0.6684707E+01
  209   0.1916012E+02  -0.5655479E+01   0.6795625E+01
  210   0.1522330E+02  -0.3817751E+01   0.8202989E+01
  211   0.1395783E+02  -0.4907295E+01   0.9411336E+01
  212   0.1359752E+02  -0.2060875E+01   0.6523585E+01
  213   0.1277099E+02  -0.6393037E+00   0.7742487E+01
  214   0.1474840E+02  -0.1133034E+01   0.5093779E+01
  215   0.1677249E+02  -0.2238785E+01   0.9788673E+01
  216   0.1781245E+02  -0.8949383E+00   0.8916525E+01
  217   0.1770503E+02  -0.2834190E+01   0.1214395E+02
  218   0.1932431E+02  -0.1522970E+01   0.1311002E+02
  219   0.1660884E+02  -0.5125810E+01   0.1344817E+02
  220   0.1700545E+02  -0.6852623E+01   0.1238714E+02
  221   0.1748261E+02  -0.5272662E+01   0.1530052E+02
  222   0.1456690E+02  -0.4931864E+01   0.1364160E+02
  223   0.1101658E+02  -0.3710477E+01   0.4810367E+01
  224  -0.3186403E+01   0.1226310E+02   0.1087129E+02
  225  -0.1816900E+01   0.1325744E+02   0.1162999E+02
  226  -0.1049025E+01   0.1522009E+02   0.1024888E+02
  227   0.3864811E+00   0.1676604E+02   0.1108544E+02
  228  -0.1953769E+01   0.1536322E+02   0.7484192E+01
  229  -0.3869146E+01   0.1461583E+02   0.7348262E+01
  230  -0.1606456E+00   0.1377654E+02   0.5756294E+01
  231  -0.3513190E+00   0.1440791E+02   0.3812018E+01
  232   0.1793002E+01   0.1404580E+02   0.6340144E+01
  233  -0.1905244E+01   0.1799278E+02   0.6760803E+01
  234  -0.7003192E+00   0.1909674E+02   0.7756346E+01
  235  -0.3565924E+01   0.1925079E+02   0.5224125E+01
  236  -0.3465618E+01   0.2153395E+02   0.4993786E+01
  237  -0.5540595E+01   0.1768963E+02   0.3852189E+01
  238  -0.7129568E+01   0.1731380E+02   0.5117777E+01
  239  -0.6228025E+01   0.1880028E+02   0.2267516E+01
  240  -0.4823599E+01   0.1588351E+02   0.3166648E+01
  241  -0.8461324E+00   0.1036035E+02   0.5955334E+01
  242   0.1097995E+02   0.6591980E+01  -0.9643948E+01
  243   0.1214685E+02   0.7326636E+01  -0.1087260E+02
  244   0.1089270E+02   0.8538844E+01  -0.1273398E+02
  245   0.1197982E+02   0.9332253E+01  -0.1454733E+02
  246   0.8007952E+01   0.8890567E+01  -0.1232992E+02
  247   0.7763559E+01   0.1004506E+02  -0.1063746E+02
  248   0.6606176E+01   0.6366247E+01  -0.1190227E+02
  249   0.4591290E+01   0.6686518E+01  -0.1211061E+02
  250   0.7197144E+01   0.4962158E+01  -0.1329019E+02
  251   0.6857971E+01   0.1019126E+02  -0.1442635E+02
  252   0.6794587E+01   0.9237294E+01  -0.1608234E+02
  253   0.6807912E+01   0.1277903E+02  -0.1481428E+02
  254   0.6248392E+01   0.1361752E+02  -0.1686943E+02
  255   0.7379270E+01   0.1446261E+02  -0.1257393E+02
  256   0.7159822E+01   0.1641095E+02  -0.1318038E+02
  257   0.6086900E+01   0.1409664E+02  -0.1100680E+02
  258   0.9310546E+01   0.1418489E+02  -0.1190303E+02
  259   0.7241553E+01   0.4962806E+01  -0.8774542E+01
  260  -0.4633070E+01  -0.1696331E+02  -0.9322992E+01
  261  -0.4236499E+01  -0.1815655E+02  -0.7976140E+01
  262  -0.1964433E+01  -0.1755228E+02  -0.7053786E+01
  263  -0.9861157E+00  -0.1874787E+02  -0.5387820E+01
  264  -0.7683059E+00  -0.1510954E+02  -0.8121912E+01
  265   0.1168597E+01  -0.1559652E+02  -0.8630942E+01
  266  -0.7622852E+00  -0.1324827E+02  -0.5906040E+01
  267  -0.2683772E+01  -0.1288767E+02  -0.5274456E+01
  268   0.2938959E+00  -0.1409731E+02  -0.4368474E+01
  269  -0.2071707E+01  -0.1416040E+02  -0.1034022E+02
  270  -0.3008784E+01  -0.1249019E+02  -0.1025087E+02
  271  -0.1297444E+01  -0.1496485E+02  -0.1271204E+02
  272   0.1524158E+00  -0.1672927E+02  -0.1295003E+02
  273  -0.2381935E+01  -0.1350679E+02  -0.1490497E+02
  274  -0.2704844E+01  -0.1480139E+02  -0.1646940E+02
  275  -0.4119060E+01  -0.1251796E+02  -0.1441419E+02
  276  -0.1002405E+01  -0.1208831E+02  -0.1549508E+02
  277   0.7078214E+00  -0.1016574E+02  -0.6721315E+01
  278  -0.8075164E+01  -0.1485417E+02  -0.1744283E+01
  279  -0.9621757E+01  -0.1385995E+02  -0.1777393E+01
  280  -0.9549307E+01  -0.1218167E+02   0.1264794E+00
  281  -0.1130375E+02  -0.1081568E+02   0.5614376E+00
  282  -0.7034940E+01  -0.1199001E+02   0.1571088E+01
  283  -0.7549300E+01  -0.1187572E+02   0.3563838E+01
  284  -0.5802105E+01  -0.9516505E+01   0.7006254E+00
  285  -0.5390608E+01  -0.9592338E+01  -0.1315967E+01
  286  -0.7112723E+01  -0.7971580E+01   0.1021537E+01
  287  -0.5382291E+01  -0.1414210E+02   0.1126246E+01
  288  -0.3580296E+01  -0.1372358E+02   0.6546445E+00
  289  -0.5737414E+01  -0.1636588E+02   0.2479330E+01
  290  -0.7662654E+01  -0.1670115E+02   0.3680094E+01
  291  -0.3637898E+01  -0.1827874E+02   0.2238422E+01
  292  -0.1803373E+01  -0.1743745E+02   0.2667494E+01
  293  -0.4001255E+01  -0.1983036E+02   0.3532538E+01
  294  -0.3537580E+01  -0.1900986E+02   0.3097110E+00
  295  -0.2780102E+01  -0.8854375E+01   0.2271923E+01
  296  -0.6923262E+01   0.4732339E+01  -0.1166343E+02
  297  -0.6485086E+01   0.4671641E+01  -0.1344204E+02
  298  -0.4375589E+01   0.6035350E+01  -0.1389882E+02
  299  -0.3356424E+01   0.5951174E+01  -0.1591741E+02
  300  -0.3307818E+01   0.7639491E+01  -0.1171599E+02
  301  -0.2426898E+01   0.9250649E+01  -0.1265614E+02
  302  -0.1164680E+01   0.6214252E+01  -0.1039221E+02
  303   0.1753250E+00   0.5636837E+01  -0.1184589E+02
  304  -0.2112903E+00   0.7462386E+01  -0.9067837E+01
  305  -0.5156580E+01   0.8721220E+01  -0.1001991E+02
  306  -0.5789070E+01   0.7676921E+01  -0.8552938E+01
  307  -0.5579106E+01   0.1129886E+02  -0.9975036E+01
  308  -0.4567107E+01   0.1272185E+02  -0.1146295E+02
  309  -0.7396442E+01   0.1221643E+02  -0.7973661E+01
  310  -0.6402896E+01   0.1353974E+02  -0.6745233E+01
  311  -0.8921051E+01   0.1325241E+02  -0.8889050E+01
  312  -0.8211799E+01   0.1070575E+02  -0.6835591E+01
  313  -0.1920659E+01   0.3189087E+01  -0.8782721E+01
  314  -0.1350317E+02   0.8427139E+00  -0.8271780E+01
  315  -0.1509521E+02   0.1292561E+01  -0.9087339E+01
  316  -0.1530890E+02   0.3808953E+01  -0.9435355E+01
  317  -0.1712153E+02   0.4688327E+01  -0.1044992E+02
  318  -0.1304375E+02   0.5432609E+01  -0.8510424E+01
  319  -0.1148687E+02   0.4944168E+01  -0.9779126E+01
  320  -0.1214944E+02   0.4797986E+01  -0.5789017E+01
  321  -0.1106014E+02   0.6374698E+01  -0.5058201E+01
  322  -0.1373311E+02   0.4456358E+01  -0.4523269E+01
  323  -0.1344707E+02   0.8104602E+01  -0.8884069E+01
  324  -0.1261703E+02   0.8860833E+01  -0.1042627E+02
  325  -0.1537756E+02   0.9650921E+01  -0.8016837E+01
  326  -0.1561106E+02   0.1173944E+02  -0.8935579E+01
  327  -0.1700312E+02   0.8742938E+01  -0.5858867E+01
  328  -0.1600860E+02   0.9017561E+01  -0.4071311E+01
  329  -0.1869965E+02   0.9899471E+01  -0.5829466E+01
  330  -0.1754787E+02   0.6766292E+01  -0.6030645E+01
  331  -0.1018558E+02   0.1906231E+01  -0.5728650E+01
  332  -0.1474061E+02   0.3006877E+01   0.7983261E+01
  333  -0.1420473E+02   0.1695551E+01   0.9195881E+01
  334  -0.1329914E+02  -0.4748428E+00   0.8333436E+01
  335  -0.1250277E+02  -0.2068008E+01   0.9758218E+01
  336  -0.1300894E+02  -0.9566662E+00   0.5459020E+01
  337  -0.1345758E+02  -0.2958973E+01   0.5238793E+01
  338  -0.1020929E+02  -0.5067130E+00   0.4896785E+01
  339  -0.9784077E+01   0.1503241E+01   0.4814472E+01
  340  -0.9124009E+01  -0.1294553E+01   0.6452318E+01
  341  -0.1462042E+02   0.5565167E+00   0.3837877E+01
  342  -0.1384874E+02   0.1189683E+01   0.2212637E+01
  343  -0.1719801E+02   0.1250545E+00   0.3818910E+01
  344  -0.1817222E+02  -0.1239148E+01   0.5379827E+01
  345  -0.1868758E+02   0.1510422E+01   0.1817028E+01
  346  -0.2000166E+02   0.2786960E+01   0.2758314E+01
  347  -0.1751664E+02   0.2609241E+01   0.5286206E+00
  348  -0.1979733E+02   0.1429086E+00   0.7496316E+00
  349  -0.8912050E+01  -0.2101679E+01   0.2086596E+01
 Initial ssvpot =    17.709


 Number of unique UNfrozen centers=  162

 Non-linear optimization requested.
 qchnge =    0.1589602000E-01
 qchnge =    0.1936499577E-02
 qchnge =    0.5177576306E-03
 qchnge =    0.2479901040E-03
 qchnge =    0.1366617232E-03
 qchnge =    0.8189249312E-04
 qchnge =    0.5425062094E-04
 qchnge =    0.3965526329E-04
 qchnge =    0.3135652583E-04
 qchnge =    0.2612853029E-04
 qchnge =    0.2245205854E-04
 qchnge =    0.1962187414E-04
 qchnge =    0.1730582167E-04
 qchnge =    0.1533917193E-04
 qchnge =    0.1363317958E-04
 qchnge =    0.1213500152E-04
 qchnge =    0.1080985546E-04
 qchnge =    0.9632774236E-05
 qchnge =    0.8584585646E-05
 qchnge =    0.7649824748E-05
 qchnge =    0.6815575435E-05
 qchnge =    0.6070785098E-05
 qchnge =    0.5405835084E-05
 qchnge =    0.4812256827E-05
 qchnge =    0.4282535215E-05
 after    24 iterations, no convergence!


Resp charges for organic molecule                                               

          Point Charges Before & After Optimization

    no.  At.no.    q(init)       q(opt)     ivary    d(rstr)/dq
    1  79       0.000000       0.020834      0       0.004895
    2  79       0.000000       0.021831      0       0.004885
    3  79       0.000000       0.044869      0       0.004562
    4  79       0.000000       0.122229      0       0.003165
    5  79       0.000000       0.082965      0       0.003847
    6  79       0.000000       0.009168      0       0.004979
    7  79       0.000000       0.023936      0       0.004863
    8  79       0.000000      -0.001929      0       0.004999
    9  79       0.000000      -0.000269      0       0.005000
   10  79       0.000000      -0.063025      0       0.004230
   11  79       0.000000       0.072258      0       0.004052
   12  79       0.000000      -0.024474      0       0.004857
   13  79       0.000000       0.056237      0       0.004358
   14  79       0.000000       0.040935      0       0.004627
   15  79       0.000000       0.079998      0       0.003904
   16  79       0.000000       0.476499      0       0.001029
   17  79       0.000000       0.257408      0       0.001805
   18  79       0.000000       0.019738      0       0.004905
   19  79       0.000000      -0.035035      0       0.004718
   20  79       0.000000       0.010444      0       0.004973
   21  79       0.000000      -0.433980      0       0.001123
   22  79       0.000000      -0.027805      0       0.004817
   23  79       0.000000       0.096364      0       0.003600
   24  79       0.000000       0.124631      0       0.003129
   25  79       0.000000       0.006173      0       0.004991
   26   1       0.000000       0.392474      0       0.000000
   27   8       0.000000      -0.514386      0       0.000954
   28   6       0.000000      -0.579151      0       0.000851
   29   8       0.000000      -0.460077      0       0.001062
   30   6       0.000000       0.171662      0       0.002517
   31   1       0.000000       0.251171      0       0.000000
   32   6       0.000000       0.119976      0       0.003202
   33   1       0.000000      -0.111266      0       0.000000
   34   1       0.000000       0.095489      0       0.000000
   35   7       0.000000       0.126630      0       0.003099
   36   1       0.000000       0.155645      0       0.000000
   37   6       0.000000       0.174609      0       0.002484
   38   8       0.000000      -0.547281      0       0.000899
   39   6       0.000000       0.135500      0       0.002969
   40   1       0.000000       0.136781      0       0.000000
   41   1       0.000000       0.122417      0       0.000000
   42   1       0.000000       0.120523      0       0.000000
   43  16       0.000000       0.099284      0       0.003548
   44   1       0.000000       0.392474     26       0.000000
   45   8       0.000000      -0.514386     27       0.000954
   46   6       0.000000       0.541416      0       0.000908
   47   8       0.000000      -0.460077     29       0.001062
   48   6       0.000000      -0.071700      0       0.004063
   49   1       0.000000       0.251171     31       0.000000
   50   6       0.000000      -0.449576      0       0.001086
   51   1       0.000000      -0.111266     33       0.000000
   52   1       0.000000       0.095489     34       0.000000
   53   7       0.000000      -0.037241      0       0.004686
   54   1       0.000000       0.155645     36       0.000000
   55   6       0.000000       0.609062      0       0.000810
   56   8       0.000000      -0.579151     28       0.000851
   57   6       0.000000      -0.402086      0       0.001207
   58   1       0.000000       0.136781     40       0.000000
   59   1       0.000000       0.122417     41       0.000000
   60   1       0.000000       0.120523     42       0.000000
   61  16       0.000000       0.090506      0       0.003707
   62   1       0.000000       0.392474     26       0.000000
   63   8       0.000000      -0.514386     27       0.000954
   64   6       0.000000       0.012858      0       0.004959
   65   8       0.000000      -0.460077     29       0.001062
   66   6       0.000000       0.029777      0       0.004792
   67   1       0.000000       0.251171     31       0.000000
   68   6       0.000000       0.022667      0       0.004876
   69   1       0.000000      -0.111266     33       0.000000
   70   1       0.000000       0.095489     34       0.000000
   71   7       0.000000       0.050852      0       0.004457
   72   1       0.000000       0.155645     36       0.000000
   73   6       0.000000       0.066809      0       0.004157
   74   8       0.000000      -0.547281     38       0.000899
   75   6       0.000000       0.065776      0       0.004177
   76   1       0.000000       0.136781     40       0.000000
   77   1       0.000000       0.122417     41       0.000000
   78   1       0.000000       0.120523     42       0.000000
   79  16       0.000000      -0.000227      0       0.005000
   80   1       0.000000       0.392474     26       0.000000
   81   8       0.000000      -0.514386     27       0.000954
   82   6       0.000000       0.049082      0       0.004488
   83   8       0.000000      -0.460077     29       0.001062
   84   6       0.000000       0.035061      0       0.004718
   85   1       0.000000       0.251171     31       0.000000
   86   6       0.000000       0.022408      0       0.004879
   87   1       0.000000      -0.111266     33       0.000000
   88   1       0.000000       0.095489     34       0.000000
   89   7       0.000000       0.039340      0       0.004653
   90   1       0.000000       0.155645     36       0.000000
   91   6       0.000000       0.043508      0       0.004585
   92   8       0.000000      -0.547281     38       0.000899
   93   6       0.000000       0.047988      0       0.004508
   94   1       0.000000       0.136781     40       0.000000
   95   1       0.000000       0.122417     41       0.000000
   96   1       0.000000       0.120523     42       0.000000
   97  16       0.000000       0.011123      0       0.004969
   98   1       0.000000       0.392474     26       0.000000
   99   8       0.000000      -0.514386     27       0.000954
  100   6       0.000000       0.695473      0       0.000712
  101   8       0.000000      -0.460077     29       0.001062
  102   6       0.000000      -0.013123      0       0.004957
  103   1       0.000000       0.251171     31       0.000000
  104   6       0.000000      -0.276493      0       0.001701
  105   1       0.000000      -0.111266     33       0.000000
  106   1       0.000000       0.095489     34       0.000000
  107   7       0.000000      -0.032166      0       0.004760
  108   1       0.000000       0.155645     36       0.000000
  109   6       0.000000      -0.004179      0       0.004996
  110   8       0.000000      -0.547281     38       0.000899
  111   6       0.000000      -0.019950      0       0.004903
  112   1       0.000000       0.136781     40       0.000000
  113   1       0.000000       0.122417     41       0.000000
  114   1       0.000000       0.120523     42       0.000000
  115  16       0.000000      -0.101051      0       0.003518
  116   1       0.000000       0.392474     26       0.000000
  117   8       0.000000      -0.514386     27       0.000954
  118   6       0.000000       0.042906      0       0.004595
  119   8       0.000000      -0.460077     29       0.001062
  120   6       0.000000       0.036145      0       0.004702
  121   1       0.000000       0.251171     31       0.000000
  122   6       0.000000       0.020394      0       0.004899
  123   1       0.000000      -0.111266     33       0.000000
  124   1       0.000000       0.095489     34       0.000000
  125   7       0.000000       0.038626      0       0.004664
  126   1       0.000000       0.155645     36       0.000000
  127   6       0.000000       0.051396      0       0.004447
  128   8       0.000000      -0.547281     38       0.000899
  129   6       0.000000       0.051729      0       0.004441
  130   1       0.000000       0.136781     40       0.000000
  131   1       0.000000       0.122417     41       0.000000
  132   1       0.000000       0.120523     42       0.000000
  133  16       0.000000       0.007316      0       0.004987
  134   1       0.000000       0.392474     26       0.000000
  135   8       0.000000      -0.514386     27       0.000954
  136   6       0.000000       0.051319      0       0.004448
  137   8       0.000000      -0.460077     29       0.001062
  138   6       0.000000       0.044114      0       0.004575
  139   1       0.000000       0.251171     31       0.000000
  140   6       0.000000       0.036664      0       0.004694
  141   1       0.000000      -0.111266     33       0.000000
  142   1       0.000000       0.095489     34       0.000000
  143   7       0.000000       0.032840      0       0.004750
  144   1       0.000000       0.155645     36       0.000000
  145   6       0.000000       0.038844      0       0.004661
  146   8       0.000000      -0.547281     38       0.000899
  147   6       0.000000       0.025459      0       0.004845
  148   1       0.000000       0.136781     40       0.000000
  149   1       0.000000       0.122417     41       0.000000
  150   1       0.000000       0.120523     42       0.000000
  151  16       0.000000       0.019270      0       0.004910
  152   1       0.000000       0.392474     26       0.000000
  153   8       0.000000      -0.514386     27       0.000954
  154   6       0.000000       0.610271      0       0.000809
  155   8       0.000000      -0.460077     29       0.001062
  156   6       0.000000       0.040525      0       0.004634
  157   1       0.000000       0.251171     31       0.000000
  158   6       0.000000      -0.128896      0       0.003065
  159   1       0.000000      -0.111266     33       0.000000
  160   1       0.000000       0.095489     34       0.000000
  161   7       0.000000      -0.457198      0       0.001068
  162   1       0.000000       0.155645     36       0.000000
  163   6       0.000000       0.645771      0       0.000765
  164   8       0.000000      -0.547281     38       0.000899
  165   6       0.000000      -0.354599      0       0.001357
  166   1       0.000000       0.136781     40       0.000000
  167   1       0.000000       0.122417     41       0.000000
  168   1       0.000000       0.120523     42       0.000000
  169  16       0.000000      -0.107364      0       0.003408
  170   1       0.000000       0.392474     26       0.000000
  171   8       0.000000      -0.514386     27       0.000954
  172   6       0.000000       0.077446      0       0.003953
  173   8       0.000000      -0.460077     29       0.001062
  174   6       0.000000       0.056233      0       0.004358
  175   1       0.000000       0.251171     31       0.000000
  176   6       0.000000       0.037909      0       0.004675
  177   1       0.000000      -0.111266     33       0.000000
  178   1       0.000000       0.095489     34       0.000000
  179   7       0.000000       0.029630      0       0.004794
  180   1       0.000000       0.155645     36       0.000000
  181   6       0.000000       0.000173      0       0.005000
  182   8       0.000000      -0.547281     38       0.000899
  183   6       0.000000      -0.030992      0       0.004776
  184   1       0.000000       0.136781     40       0.000000
  185   1       0.000000       0.122417     41       0.000000
  186   1       0.000000       0.120523     42       0.000000
  187  16       0.000000       0.078112      0       0.003940
  188   1       0.000000       0.392474     26       0.000000
  189   8       0.000000      -0.514386     27       0.000954
  190   6       0.000000       0.495089      0       0.000990
  191   8       0.000000      -0.460077     29       0.001062
  192   6       0.000000       0.053105      0       0.004416
  193   1       0.000000       0.251171     31       0.000000
  194   6       0.000000      -0.014138      0       0.004951
  195   1       0.000000      -0.111266     33       0.000000
  196   1       0.000000       0.095489     34       0.000000
  197   7       0.000000       0.007642      0       0.004985
  198   1       0.000000       0.155645     36       0.000000
  199   6       0.000000       0.058562      0       0.004315
  200   8       0.000000      -0.547281     38       0.000899
  201   6       0.000000      -0.219820      0       0.002070
  202   1       0.000000       0.136781     40       0.000000
  203   1       0.000000       0.122417     41       0.000000
  204   1       0.000000       0.120523     42       0.000000
  205  16       0.000000      -0.131930      0       0.003021
  206   1       0.000000       0.392474     26       0.000000
  207   8       0.000000      -0.514386     27       0.000954
  208   6       0.000000       0.037553      0       0.004681
  209   8       0.000000      -0.460077     29       0.001062
  210   6       0.000000       0.033172      0       0.004746
  211   1       0.000000       0.251171     31       0.000000
  212   6       0.000000       0.023353      0       0.004869
  213   1       0.000000      -0.111266     33       0.000000
  214   1       0.000000       0.095489     34       0.000000
  215   7       0.000000       0.044267      0       0.004572
  216   1       0.000000       0.155645     36       0.000000
  217   6       0.000000       0.053337      0       0.004412
  218   8       0.000000      -0.547281     38       0.000899
  219   6       0.000000       0.049627      0       0.004479
  220   1       0.000000       0.136781     40       0.000000
  221   1       0.000000       0.122417     41       0.000000
  222   1       0.000000       0.120523     42       0.000000
  223  16       0.000000       0.007200      0       0.004987
  224   1       0.000000       0.392474     26       0.000000
  225   8       0.000000      -0.514386     27       0.000954
  226   6       0.000000       0.501912      0       0.000977
  227   8       0.000000      -0.460077     29       0.001062
  228   6       0.000000       0.060523      0       0.004278
  229   1       0.000000       0.251171     31       0.000000
  230   6       0.000000       0.041301      0       0.004621
  231   1       0.000000      -0.111266     33       0.000000
  232   1       0.000000       0.095489     34       0.000000
  233   7       0.000000       0.027571      0       0.004820
  234   1       0.000000       0.155645     36       0.000000
  235   6       0.000000      -0.029309      0       0.004798
  236   8       0.000000      -0.547281     38       0.000899
  237   6       0.000000      -0.397290      0       0.001220
  238   1       0.000000       0.136781     40       0.000000
  239   1       0.000000       0.122417     41       0.000000
  240   1       0.000000       0.120523     42       0.000000
  241  16       0.000000       0.043803      0       0.004580
  242   1       0.000000       0.392474     26       0.000000
  243   8       0.000000      -0.514386     27       0.000954
  244   6       0.000000       0.037926      0       0.004675
  245   8       0.000000      -0.460077     29       0.001062
  246   6       0.000000       0.032144      0       0.004760
  247   1       0.000000       0.251171     31       0.000000
  248   6       0.000000       0.017131      0       0.004928
  249   1       0.000000      -0.111266     33       0.000000
  250   1       0.000000       0.095489     34       0.000000
  251   7       0.000000       0.044910      0       0.004561
  252   1       0.000000       0.155645     36       0.000000
  253   6       0.000000       0.058931      0       0.004308
  254   8       0.000000      -0.547281     38       0.000899
  255   6       0.000000       0.051704      0       0.004441
  256   1       0.000000       0.136781     40       0.000000
  257   1       0.000000       0.122417     41       0.000000
  258   1       0.000000       0.120523     42       0.000000
  259  16       0.000000       0.005765      0       0.004992
  260   1       0.000000       0.392474     26       0.000000
  261   8       0.000000      -0.514386     27       0.000954
  262   6       0.000000       0.087233      0       0.003768
  263   8       0.000000      -0.460077     29       0.001062
  264   6       0.000000       0.053431      0       0.004410
  265   1       0.000000       0.251171     31       0.000000
  266   6       0.000000       0.055707      0       0.004368
  267   1       0.000000      -0.111266     33       0.000000
  268   1       0.000000       0.095489     34       0.000000
  269   7       0.000000       0.024431      0       0.004857
  270   1       0.000000       0.155645     36       0.000000
  271   6       0.000000       0.012178      0       0.004963
  272   8       0.000000      -0.547281     38       0.000899
  273   6       0.000000      -0.019316      0       0.004909
  274   1       0.000000       0.136781     40       0.000000
  275   1       0.000000       0.122417     41       0.000000
  276   1       0.000000       0.120523     42       0.000000
  277  16       0.000000       0.034847      0       0.004721
  278   1       0.000000       0.392474     26       0.000000
  279   8       0.000000      -0.514386     27       0.000954
  280   6       0.000000       0.466579      0       0.001048
  281   8       0.000000      -0.460077     29       0.001062
  282   6       0.000000      -0.012916      0       0.004959
  283   1       0.000000       0.251171     31       0.000000
  284   6       0.000000      -0.128749      0       0.003067
  285   1       0.000000      -0.111266     33       0.000000
  286   1       0.000000       0.095489     34       0.000000
  287   7       0.000000       0.002000      0       0.004999
  288   1       0.000000       0.155645     36       0.000000
  289   6       0.000000       0.013216      0       0.004957
  290   8       0.000000      -0.547281     38       0.000899
  291   6       0.000000      -0.000410      0       0.005000
  292   1       0.000000       0.136781     40       0.000000
  293   1       0.000000       0.122417     41       0.000000
  294   1       0.000000       0.120523     42       0.000000
  295  16       0.000000      -0.091209      0       0.003695
  296   1       0.000000       0.392474     26       0.000000
  297   8       0.000000      -0.514386     27       0.000954
  298   6       0.000000       0.299931      0       0.001582
  299   8       0.000000      -0.460077     29       0.001062
  300   6       0.000000       0.073898      0       0.004021
  301   1       0.000000       0.251171     31       0.000000
  302   6       0.000000      -0.008852      0       0.004981
  303   1       0.000000      -0.111266     33       0.000000
  304   1       0.000000       0.095489     34       0.000000
  305   7       0.000000       0.053407      0       0.004410
  306   1       0.000000       0.155645     36       0.000000
  307   6       0.000000       0.241086      0       0.001915
  308   8       0.000000      -0.547281     38       0.000899
  309   6       0.000000      -0.290388      0       0.001628
  310   1       0.000000       0.136781     40       0.000000
  311   1       0.000000       0.122417     41       0.000000
  312   1       0.000000       0.120523     42       0.000000
  313  16       0.000000      -0.120572      0       0.003192
  314   1       0.000000       0.392474     26       0.000000
  315   8       0.000000      -0.514386     27       0.000954
  316   6       0.000000       0.623524      0       0.000792
  317   8       0.000000      -0.460077     29       0.001062
  318   6       0.000000      -0.003324      0       0.004997
  319   1       0.000000       0.251171     31       0.000000
  320   6       0.000000       0.106059      0       0.003430
  321   1       0.000000      -0.111266     33       0.000000
  322   1       0.000000       0.095489     34       0.000000
  323   7       0.000000      -0.402479      0       0.001206
  324   1       0.000000       0.155645     36       0.000000
  325   6       0.000000       0.682803      0       0.000725
  326   8       0.000000      -0.547281     38       0.000899
  327   6       0.000000      -0.407272      0       0.001192
  328   1       0.000000       0.136781     40       0.000000
  329   1       0.000000       0.122417     41       0.000000
  330   1       0.000000       0.120523     42       0.000000
  331  16       0.000000      -0.350801      0       0.001371
  332   1       0.000000       0.392474     26       0.000000
  333   8       0.000000      -0.514386     27       0.000954
  334   6       0.000000       0.824725      0       0.000602
  335   8       0.000000      -0.460077     29       0.001062
  336   6       0.000000      -0.432953      0       0.001125
  337   1       0.000000       0.251171     31       0.000000
  338   6       0.000000      -0.197067      0       0.002263
  339   1       0.000000      -0.111266     33       0.000000
  340   1       0.000000       0.095489     34       0.000000
  341   7       0.000000      -0.136620      0       0.002953
  342   1       0.000000       0.155645     36       0.000000
  343   6       0.000000       0.675933      0       0.000732
  344   8       0.000000      -0.547281     38       0.000899
  345   6       0.000000      -0.415152      0       0.001171
  346   1       0.000000       0.136781     40       0.000000
  347   1       0.000000       0.122417     41       0.000000
  348   1       0.000000       0.120523     42       0.000000
  349  16       0.000000      -0.070355      0       0.004089

 Sum over the calculated charges:     -1.000

        Statistics of the fitting:
  The initial sum of squares (ssvpot)                     17.709
  The residual sum of squares (chipot)                     0.031
  The std err of estimate (sqrt(chipot/N))               0.00155
  ESP relative RMS (SQRT(chipot/ssvpot))                 0.04170

 Center of Mass (Angst.):

 X  =   0.00000      Y  =   0.00000      Z  =   0.00000

 Dipole (Debye):

 X  =  -9.68203      Y  =  -9.27264      Z  = -21.87986

 Dipole Moment (Debye)=  25.66032

 Quadrupole (Debye*Angst.):

 Qxx =  -9.87055     QYY =-111.11561     QZZ = 120.98617
 Qxy =2116.26400     QXZ =1459.30346     QYZ =1937.57261
