            --------------------------------------------------------
                             AMBER SQM VERSION 19
 
                                     By
              Ross C. Walker, Michael F. Crowley, Scott Brozell,
                         Tim Giese, Andreas W. Goetz,
                        Tai-Sung Lee and David A. Case
 
            --------------------------------------------------------
 

--------------------------------------------------------------------------------
  QM CALCULATION INFO
--------------------------------------------------------------------------------

| QMMM: Citation for AMBER QMMM Run:
| QMMM: R.C. Walker, M.F. Crowley and D.A. Case, J. COMP. CHEM. 29:1019, 2008

QMMM: SINGLET STATE CALCULATION
QMMM: RHF CALCULATION, NO. OF DOUBLY OCCUPIED LEVELS =651

| QMMM: *** Selected Hamiltonian *** 
| QMMM: PM6         
| QMMM: J.J.P. Stewart, J. Mol. Mod., 13, 1173, (2007)
| QMMM: and unpublished corrections

| QMMM: *** Parameter sets in use ***
| QMMM: Au: J.J.P. Stewart, J. Mol. Mod., 13, 1173, (2007)
| QMMM: H : J.J.P. Stewart, J. Mol. Mod., 13, 1173, (2007)
| QMMM: O : J.J.P. Stewart, J. Mol. Mod., 13, 1173, (2007)
| QMMM: C : J.J.P. Stewart, J. Mol. Mod., 13, 1173, (2007)
| QMMM: N : J.J.P. Stewart, J. Mol. Mod., 13, 1173, (2007)
| QMMM: S : J.J.P. Stewart, J. Mol. Mod., 13, 1173, (2007)

| QMMM: *** SCF convergence criteria ***
| QMMM: Energy change                :  0.1D-07 kcal/mol
| QMMM: Error matrix |FP-PF|         :  0.1D+00 au
| QMMM: Density matrix change        :  0.5D-05
| QMMM: Maximum number of SCF cycles :     1000

| QMMM: *** Diagonalization Routine Information ***
| QMMM: Pseudo diagonalizations are allowed.
| QMMM: Auto diagonalization routine selection is in use.
| QMMM:
| QMMM: Timing diagonalization routines:
| QMMM:                              norbs =     1179
| QMMM:    diag iterations used for timing =        1
| QMMM:
| QMMM:              Internal diag routine = 2.387263 seconds
| QMMM:                 Dspev diag routine = ******** seconds
| QMMM:                Dspevd diag routine = ******** seconds
| QMMM:                Dspevx diag routine = ******** seconds
| QMMM:                 Dsyev diag routine = ******** seconds
| QMMM:                Dsyevd diag routine = ******** seconds
| QMMM:                Dsyevr diag routine = ******** seconds
| QMMM:
| QMMM:                Pseudo diag routine = 1.278204 seconds
| QMMM:
| QMMM: Using internal diagonalization routine (diag_routine=1).

| QMMM: *** Integral code information ***
| QMMM: One or more elements are using d orbitals.
| QMMM: Analytical derivatives for d orbitals are not supported.
| QMMM: Forcing numerical integral derivatives.

  QMMM: QM Region Cartesian Coordinates (*=link atom) 
  QMMM: QM_NO.   MM_NO.  ATOM         X         Y         Z
  QMMM:     1        1      Au      39.6300   39.1300   40.0000
  QMMM:     2        2      Au      37.6300   40.0900   41.7800
  QMMM:     3        3      Au      40.4100   40.8400   37.7000
  QMMM:     4        4      Au      38.4200   43.6600   37.8400
  QMMM:     5        5      Au      36.4400   43.0200   40.4400
  QMMM:     6        6      Au      38.8200   37.5200   42.3000
  QMMM:     7        7      Au      41.9000   38.3400   38.3900
  QMMM:     8        8      Au      40.5700   34.6200   41.9300
  QMMM:     9        9      Au      42.5900   35.1700   39.2800
  QMMM:    10       10      Au      40.5200   40.0500   42.7200
  QMMM:    11       11      Au      37.1600   37.5800   39.7300
  QMMM:    12       12      Au      38.2500   39.2600   44.5900
  QMMM:    13       13      Au      35.7500   38.0100   42.6900
  QMMM:    14       14      Au      39.7700   36.1900   39.5000
  QMMM:    15       15      Au      37.5200   40.8300   38.6600
  QMMM:    16       16      Au      35.7000   38.4300   37.2200
  QMMM:    17       17      Au      37.6500   35.5800   37.2200
  QMMM:    18       18      Au      39.5100   42.0900   40.4900
  QMMM:    19       19      Au      41.7500   37.4500   41.2000
  QMMM:    20       20      Au      43.3700   39.7700   42.8500
  QMMM:    21       21      Au      42.1500   42.6000   42.6900
  QMMM:    22       22      Au      42.0700   40.6100   40.3600
  QMMM:    23       23      Au      38.6300   38.3900   37.4000
  QMMM:    24       24      Au      41.2500   38.7600   35.6000
  QMMM:    25       25      Au      43.3700   40.6900   37.3500
  QMMM:    26       26      H       40.7700   31.8500   40.1600
  QMMM:    27       27      O       40.7000   30.8800   40.0200
  QMMM:    28       28      C       39.6800   30.8700   39.1200
  QMMM:    29       29      O       39.3900   29.7300   38.6500
  QMMM:    30       30      C       39.1200   32.2500   38.6000
  QMMM:    31       31      H       38.3000   31.9000   37.9800
  QMMM:    32       32      C       40.2200   33.0100   37.8100
  QMMM:    33       33      H       41.2100   33.0800   38.3000
  QMMM:    34       34      H       40.4900   32.4800   36.8900
  QMMM:    35       35      N       38.5400   33.1100   39.5900
  QMMM:    36       36      H       38.8000   34.0700   39.4500
  QMMM:    37       37      C       37.2500   32.9500   40.0900
  QMMM:    38       38      O       36.8300   31.7900   40.2600
  QMMM:    39       39      C       36.5100   34.2600   40.2900
  QMMM:    40       40      H       36.9000   34.7800   41.1800
  QMMM:    41       41      H       36.6700   35.0500   39.5400
  QMMM:    42       42      H       35.4500   34.0500   40.4500
  QMMM:    43       43      S       39.7200   34.7500   37.5000
  QMMM:    44       44      H       40.4600   39.2300   47.0800
  QMMM:    45       45      O       40.5800   39.1500   48.0400
  QMMM:    46       46      C       41.7600   39.7800   48.1000
  QMMM:    47       47      O       42.1900   40.1800   49.1600
  QMMM:    48       48      C       42.5000   39.8500   46.7900
  QMMM:    49       49      H       43.4000   40.3900   47.0800
  QMMM:    50       50      C       41.5800   40.4500   45.6700
  QMMM:    51       51      H       40.9000   41.1700   46.1500
  QMMM:    52       52      H       42.1600   40.9600   44.8800
  QMMM:    53       53      N       43.0200   38.5400   46.2900
  QMMM:    54       54      H       42.6600   38.3300   45.3700
  QMMM:    55       55      C       43.3900   37.5100   47.0300
  QMMM:    56       56      O       43.7100   37.4800   48.2200
  QMMM:    57       57      C       43.2800   36.1700   46.2800
  QMMM:    58       58      H       43.1200   35.3700   47.0100
  QMMM:    59       59      H       42.4500   36.1600   45.5600
  QMMM:    60       60      H       44.2100   36.0400   45.7300
  QMMM:    61       61      S       40.5000   39.1600   45.0100
  QMMM:    62       62      H       40.7000   43.6500   34.8500
  QMMM:    63       63      O       40.8800   44.1600   34.0300
  QMMM:    64       64      C       39.7900   43.9500   33.3000
  QMMM:    65       65      O       39.8200   44.4300   32.1500
  QMMM:    66       66      C       38.5700   43.3700   34.0300
  QMMM:    67       67      H       38.1400   44.0800   34.7500
  QMMM:    68       68      C       39.1400   42.2000   35.0000
  QMMM:    69       69      H       38.2300   41.8100   35.4700
  QMMM:    70       70      H       39.8300   41.5400   34.4600
  QMMM:    71       71      N       37.5300   42.8000   33.1100
  QMMM:    72       72      H       37.4900   41.7900   33.0100
  QMMM:    73       73      C       36.7000   43.5500   32.2800
  QMMM:    74       74      O       36.1700   42.9900   31.3500
  QMMM:    75       75      C       36.2600   44.9700   32.7500
  QMMM:    76       76      H       37.0700   45.6600   33.0400
  QMMM:    77       77      H       35.6800   45.4300   31.9400
  QMMM:    78       78      H       35.5600   44.7700   33.5700
  QMMM:    79       79      S       39.9900   42.9400   36.4500
  QMMM:    80       80      H       37.9500   37.5200   33.2000
  QMMM:    81       81      O       37.6800   37.0600   32.3800
  QMMM:    82       82      C       37.8300   35.7900   32.6800
  QMMM:    83       83      O       37.6100   35.0700   31.6600
  QMMM:    84       84      C       38.3100   35.4100   34.1500
  QMMM:    85       85      H       37.5400   35.9000   34.7500
  QMMM:    86       86      C       39.6200   36.1700   34.4900
  QMMM:    87       87      H       40.1600   35.7400   35.3500
  QMMM:    88       88      H       40.3300   36.1700   33.6600
  QMMM:    89       89      N       38.4400   33.9600   34.4900
  QMMM:    90       90      H       38.7600   33.9600   35.4400
  QMMM:    91       91      C       37.4700   33.0700   34.1800
  QMMM:    92       92      O       37.3300   32.4700   33.0800
  QMMM:    93       93      C       36.6400   32.5200   35.3100
  QMMM:    94       94      H       36.8400   33.1800   36.1600
  QMMM:    95       95      H       35.5600   32.6500   35.1300
  QMMM:    96       96      H       37.0000   31.5200   35.5800
  QMMM:    97       97      S       39.2200   37.9100   35.1100
  QMMM:    98       98      H       43.7800   32.7800   44.0800
  QMMM:    99       99      O       44.4100   32.0600   44.3000
  QMMM:   100      100      C       44.0000   31.1400   43.3800
  QMMM:   101      101      O       44.5700   30.0600   43.4200
  QMMM:   102      102      C       42.7600   31.6000   42.5100
  QMMM:   103      103      H       42.5000   30.9000   41.7100
  QMMM:   104      104      C       43.2000   32.8100   41.6800
  QMMM:   105      105      H       43.4800   33.6000   42.3800
  QMMM:   106      106      H       43.9900   32.5700   40.9600
  QMMM:   107      107      N       41.5600   31.9900   43.2700
  QMMM:   108      108      H       41.2800   32.9300   43.0100
  QMMM:   109      109      C       40.5400   31.0400   43.5800
  QMMM:   110      110      O       40.8100   29.9500   44.0700
  QMMM:   111      111      C       39.1300   31.5500   43.4500
  QMMM:   112      112      H       38.9200   32.2200   44.2800
  QMMM:   113      113      H       39.1600   32.2600   42.6200
  QMMM:   114      114      H       38.3500   30.7800   43.3100
  QMMM:   115      115      S       41.9700   33.4300   40.6100
  QMMM:   116      116      H       33.1000   40.7100   37.5700
  QMMM:   117      117      O       32.2000   40.9100   37.2500
  QMMM:   118      118      C       32.3500   41.9500   36.3800
  QMMM:   119      119      O       31.4300   42.3600   35.6600
  QMMM:   120      120      C       33.6800   42.5800   36.5300
  QMMM:   121      121      H       33.8000   43.3300   35.7300
  QMMM:   122      122      C       34.9100   41.6400   36.2700
  QMMM:   123      123      H       34.5900   40.9900   35.4300
  QMMM:   124      124      H       35.8400   42.1400   35.9700
  QMMM:   125      125      N       33.9800   43.1800   37.8000
  QMMM:   126      126      H       34.7400   42.7600   38.3200
  QMMM:   127      127      C       33.0100   43.8400   38.5400
  QMMM:   128      128      O       32.0500   44.3400   37.9600
  QMMM:   129      129      C       33.2500   43.9300   40.1100
  QMMM:   130      130      H       32.2800   43.8300   40.6300
  QMMM:   131      131      H       33.8000   43.0000   40.3100
  QMMM:   132      132      H       33.9200   44.7400   40.4200
  QMMM:   133      133      S       35.2300   40.5900   37.7100
  QMMM:   134      134      H       33.2900   36.3300   41.1700
  QMMM:   135      135      O       32.3500   36.0700   41.2300
  QMMM:   136      136      C       31.6300   37.1600   40.9000
  QMMM:   137      137      O       30.4200   37.1600   40.9400
  QMMM:   138      138      C       32.5400   38.4900   40.7400
  QMMM:   139      139      H       31.9400   39.2300   40.2100
  QMMM:   140      140      C       33.8300   38.2400   39.9200
  QMMM:   141      141      H       33.4900   37.7500   39.0000
  QMMM:   142      142      H       34.3800   39.1800   39.8100
  QMMM:   143      143      N       32.9200   39.0800   42.0900
  QMMM:   144      144      H       33.9200   39.1500   42.2600
  QMMM:   145      145      C       32.0500   39.7000   42.9900
  QMMM:   146      146      O       30.8200   39.4600   42.9800
  QMMM:   147      147      C       32.6800   40.5700   44.0400
  QMMM:   148      148      H       31.9300   41.2900   44.4000
  QMMM:   149      149      H       33.1400   40.0400   44.8800
  QMMM:   150      150      H       33.5000   41.0800   43.5200
  QMMM:   151      151      S       35.0300   37.0900   40.7500
  QMMM:   152      152      H       45.3300   42.3900   38.3700
  QMMM:   153      153      O       46.1700   42.8200   38.1400
  QMMM:   154      154      C       47.0600   41.7600   38.1700
  QMMM:   155      155      O       48.2700   41.9700   37.9300
  QMMM:   156      156      C       46.4300   40.3800   38.4000
  QMMM:   157      157      H       45.8600   40.1500   37.5000
  QMMM:   158      158      C       45.4600   40.4100   39.6500
  QMMM:   159      159      H       45.1200   39.3800   39.7500
  QMMM:   160      160      H       46.0100   40.7200   40.5400
  QMMM:   161      161      N       47.4600   39.2900   38.5800
  QMMM:   162      162      H       47.8500   39.1300   39.5000
  QMMM:   163      163      C       48.3000   38.9000   37.5800
  QMMM:   164      164      O       49.3800   38.4400   37.9000
  QMMM:   165      165      C       47.9400   38.9600   36.1000
  QMMM:   166      166      H       48.1400   37.9800   35.6700
  QMMM:   167      167      H       46.8600   39.1000   35.9700
  QMMM:   168      168      H       48.5200   39.7800   35.6300
  QMMM:   169      169      S       44.0300   41.4500   39.2900
  QMMM:   170      170      H       34.7700   43.1800   42.9100
  QMMM:   171      171      O       34.3200   43.9100   43.3800
  QMMM:   172      172      C       35.3800   44.4500   43.9700
  QMMM:   173      173      O       35.2200   45.5500   44.5100
  QMMM:   174      174      C       36.6700   44.0300   43.4000
  QMMM:   175      175      H       36.8200   44.4400   42.4000
  QMMM:   176      176      C       36.8500   42.4500   43.4700
  QMMM:   177      177      H       37.8600   42.0700   43.2700
  QMMM:   178      178      H       36.6200   42.1100   44.4900
  QMMM:   179      179      N       37.9400   44.5100   43.9500
  QMMM:   180      180      H       38.6700   44.0300   43.4400
  QMMM:   181      181      C       38.2600   44.5700   45.2800
  QMMM:   182      182      O       37.6700   45.1300   46.1800
  QMMM:   183      183      C       39.4900   43.8000   45.6400
  QMMM:   184      184      H       40.2600   43.8100   44.8600
  QMMM:   185      185      H       39.9100   44.2400   46.5500
  QMMM:   186      186      H       39.2600   42.7500   45.8400
  QMMM:   187      187      S       35.8800   41.6600   42.1500
  QMMM:   188      188      H       44.9200   35.8600   36.9500
  QMMM:   189      189      O       45.7100   35.5700   36.4600
  QMMM:   190      190      C       45.1500   34.9200   35.4800
  QMMM:   191      191      O       45.8000   34.6600   34.4400
  QMMM:   192      192      C       43.6900   34.5300   35.6700
  QMMM:   193      193      H       43.3500   34.0600   34.7500
  QMMM:   194      194      C       42.8800   35.7700   36.0200
  QMMM:   195      195      H       42.9600   36.5000   35.2000
  QMMM:   196      196      H       41.8900   35.3400   36.1200
  QMMM:   197      197      N       43.5100   33.4400   36.7600
  QMMM:   198      198      H       43.0600   33.8700   37.5600
  QMMM:   199      199      C       44.3300   32.3900   36.9700
  QMMM:   200      200      O       44.9700   31.7600   36.1400
  QMMM:   201      201      C       44.3900   32.0200   38.4300
  QMMM:   202      202      H       45.1600   31.2600   38.5900
  QMMM:   203      203      H       44.7500   32.8700   39.0400
  QMMM:   204      204      H       43.4800   31.5600   38.8600
  QMMM:   205      205      S       43.3400   36.5000   37.6200
  QMMM:   206      206      H       33.9900   35.0200   36.5600
  QMMM:   207      207      O       33.4100   34.3900   36.1000
  QMMM:   208      208      C       33.4200   34.7200   34.8000
  QMMM:   209      209      O       32.5200   34.3300   34.0600
  QMMM:   210      210      C       34.6100   35.5000   34.1800
  QMMM:   211      211      H       35.4400   34.7900   34.0800
  QMMM:   212      212      C       35.1500   36.6200   35.0500
  QMMM:   213      213      H       36.0600   37.0600   34.6400
  QMMM:   214      214      H       34.4000   37.4200   35.1500
  QMMM:   215      215      N       34.3800   36.1000   32.8100
  QMMM:   216      216      H       34.3500   37.1100   32.7100
  QMMM:   217      217      C       33.9200   35.3700   31.7100
  QMMM:   218      218      O       33.3000   35.9400   30.7700
  QMMM:   219      219      C       34.3200   33.9000   31.5600
  QMMM:   220      220      H       34.1100   33.2100   32.3800
  QMMM:   221      221      H       34.1500   33.5000   30.5400
  QMMM:   222      222      H       35.4200   33.8900   31.6300
  QMMM:   223      223      S       35.5200   36.1700   36.8200
  QMMM:   224      224      H       44.3900   39.7600   33.8200
  QMMM:   225      225      O       44.9500   39.8200   33.0300
  QMMM:   226      226      C       44.9400   41.1200   32.7500
  QMMM:   227      227      O       45.4500   41.4000   31.6000
  QMMM:   228      228      C       44.3400   42.0900   33.8600
  QMMM:   229      229      H       45.0300   42.1100   34.7100
  QMMM:   230      230      C       43.0000   41.5800   34.4200
  QMMM:   231      231      H       42.5400   42.3200   35.0800
  QMMM:   232      232      H       42.2800   41.4700   33.6000
  QMMM:   233      233      N       44.2600   43.5000   33.3700
  QMMM:   234      234      H       43.7800   43.6200   32.4800
  QMMM:   235      235      C       44.4500   44.6700   34.0300
  QMMM:   236      236      O       44.4200   45.6600   33.3600
  QMMM:   237      237      C       44.6600   44.6500   35.5600
  QMMM:   238      238      H       45.7400   44.7100   35.7200
  QMMM:   239      239      H       44.1000   45.5100   35.9500
  QMMM:   240      240      H       44.1300   43.7500   35.9200
  QMMM:   241      241      S       43.1600   39.9300   35.3400
  QMMM:   242      242      H       36.6100   45.3600   36.9800
  QMMM:   243      243      O       36.5500   45.9200   36.1900
  QMMM:   244      244      C       37.0100   47.0800   36.7400
  QMMM:   245      245      O       36.9300   48.1900   36.1400
  QMMM:   246      246      C       37.7300   46.8400   38.0800
  QMMM:   247      247      H       38.5700   46.1500   38.0100
  QMMM:   248      248      C       36.7900   46.3200   39.1100
  QMMM:   249      249      H       37.2100   46.3800   40.1200
  QMMM:   250      250      H       35.8300   46.8400   39.1800
  QMMM:   251      251      N       38.2600   48.2200   38.6000
  QMMM:   252      252      H       37.7100   48.6000   39.3700
  QMMM:   253      253      C       39.2500   49.0100   37.9400
  QMMM:   254      254      O       39.2100   50.2600   37.9000
  QMMM:   255      255      C       40.3600   48.1700   37.1000
  QMMM:   256      256      H       41.0800   48.8400   36.6300
  QMMM:   257      257      H       40.9600   47.6300   37.8500
  QMMM:   258      258      H       39.8700   47.4300   36.4600
  QMMM:   259      259      S       36.5200   44.5300   38.7500
  QMMM:   260      260      H       36.2100   37.9800   48.7800
  QMMM:   261      261      O       35.4000   37.8400   49.3000
  QMMM:   262      262      C       34.5400   38.6000   48.6200
  QMMM:   263      263      O       33.4300   38.7500   49.0700
  QMMM:   264      264      C       35.1500   39.1800   47.3200
  QMMM:   265      265      H       34.6200   40.1000   47.0100
  QMMM:   266      266      C       35.0800   38.2600   46.1000
  QMMM:   267      267      H       35.6300   37.3500   46.4100
  QMMM:   268      268      H       34.0700   37.9300   45.8600
  QMMM:   269      269      N       36.5900   39.5300   47.4700
  QMMM:   270      270      H       37.0800   39.4100   46.5900
  QMMM:   271      271      C       37.1000   40.5000   48.3500
  QMMM:   272      272      O       36.6000   40.5500   49.4600
  QMMM:   273      273      C       38.2500   41.3800   47.8900
  QMMM:   274      274      H       39.0300   41.4100   48.6500
  QMMM:   275      275      H       38.7400   41.0100   46.9800
  QMMM:   276      276      H       37.9400   42.4400   47.7900
  QMMM:   277      277      S       35.9600   39.1000   44.6600
  QMMM:   278      278      H       37.6200   36.8800   46.6800
  QMMM:   279      279      O       37.4600   36.5200   47.5700
  QMMM:   280      280      C       37.7200   35.2100   47.3000
  QMMM:   281      281      O       37.8600   34.3600   48.2000
  QMMM:   282      282      C       37.8200   34.9200   45.7500
  QMMM:   283      283      H       37.5800   33.8600   45.7000
  QMMM:   284      284      C       39.1800   35.3400   45.1100
  QMMM:   285      285      H       39.5300   36.3500   45.3700
  QMMM:   286      286      H       39.9600   34.6200   45.4300
  QMMM:   287      287      N       36.6300   35.5000   45.0300
  QMMM:   288      288      H       36.8100   35.9700   44.1600
  QMMM:   289      289      C       35.4500   34.7900   44.9000
  QMMM:   290      290      O       35.0000   33.9700   45.6800
  QMMM:   291      291      C       34.6900   35.2400   43.6600
  QMMM:   292      292      H       35.3500   35.1200   42.7900
  QMMM:   293      293      H       33.8600   34.5200   43.5900
  QMMM:   294      294      H       34.4000   36.2900   43.7700
  QMMM:   295      295      S       38.9700   35.3500   43.3100
  QMMM:   296      296      H       41.6100   44.9300   43.4400
  QMMM:   297      297      O       41.8300   45.7900   43.8500
  QMMM:   298      298      C       41.9400   46.6600   42.8700
  QMMM:   299      299      O       42.1600   47.8800   43.1400
  QMMM:   300      300      C       41.6300   46.1000   41.5100
  QMMM:   301      301      H       41.4800   46.9600   40.8400
  QMMM:   302      302      C       40.3100   45.3600   41.5700
  QMMM:   303      303      H       39.6000   46.0000   42.1200
  QMMM:   304      304      H       39.8100   45.2500   40.5800
  QMMM:   305      305      N       42.6400   45.1500   40.9800
  QMMM:   306      306      H       42.3300   44.2100   41.2100
  QMMM:   307      307      C       42.9400   45.3500   39.6700
  QMMM:   308      308      O       43.4400   46.4100   39.2900
  QMMM:   309      309      C       42.5100   44.3100   38.6400
  QMMM:   310      310      H       41.6900   44.6900   38.0300
  QMMM:   311      311      H       43.3100   43.8400   38.0400
  QMMM:   312      312      H       41.9400   43.5400   39.1700
  QMMM:   313      313      S       40.4100   43.6400   42.2000
  QMMM:   314      314      H       44.9700   42.9200   44.3200
  QMMM:   315      315      O       45.3300   43.5800   44.9400
  QMMM:   316      316      C       45.7300   44.5800   44.1300
  QMMM:   317      317      O       46.4600   45.4300   44.6700
  QMMM:   318      318      C       45.4600   44.4100   42.6300
  QMMM:   319      319      H       44.4600   44.8500   42.5900
  QMMM:   320      320      C       45.3800   42.9800   41.9700
  QMMM:   321      321      H       45.3100   43.0800   40.8800
  QMMM:   322      322      H       46.3400   42.4600   42.1000
  QMMM:   323      323      N       46.3200   45.2900   41.8000
  QMMM:   324      324      H       45.9200   46.1500   41.4300
  QMMM:   325      325      C       47.7000   45.3700   41.7800
  QMMM:   326      326      O       48.3000   46.3200   41.2900
  QMMM:   327      327      C       48.5200   44.3400   42.4500
  QMMM:   328      328      H       48.4300   43.4200   41.8400
  QMMM:   329      329      H       49.5800   44.6200   42.4900
  QMMM:   330      330      H       48.0400   43.9700   43.3700
  QMMM:   331      331      S       44.1400   41.9000   42.7900
  QMMM:   332      332      H       47.0200   38.3900   41.7900
  QMMM:   333      333      O       47.9100   38.0100   41.9100
  QMMM:   334      334      C       47.4900   36.9800   42.6100
  QMMM:   335      335      O       48.2500   36.0700   42.7900
  QMMM:   336      336      C       46.1200   37.3100   43.2700
  QMMM:   337      337      H       46.0300   36.6600   44.1600
  QMMM:   338      338      C       44.9700   37.1600   42.2700
  QMMM:   339      339      H       45.2500   37.9800   41.6000
  QMMM:   340      340      H       44.8400   36.2300   41.7000
  QMMM:   341      341      N       46.0000   38.6400   43.8000
  QMMM:   342      342      H       45.1100   39.1000   43.6600
  QMMM:   343      343      C       46.6900   39.0800   44.8600
  QMMM:   344      344      O       47.7500   38.5600   45.2200
  QMMM:   345      345      C       46.0000   40.1200   45.6400
  QMMM:   346      346      H       46.5800   41.0500   45.5500
  QMMM:   347      347      H       45.0600   40.4900   45.2200
  QMMM:   348      348      H       45.8400   39.8000   46.6800
  QMMM:   349      349      S       43.3500   37.5400   43.0300

--------------------------------------------------------------------------------
  RESULTS
--------------------------------------------------------------------------------

      iter         sqm energy              rms gradient
      ----    -------------------    -----------------------
xmin    10    -2368.4165 kcal/mol        5.3563 kcal/(mol*A)
xmin    20    -2691.9091 kcal/mol        3.5451 kcal/(mol*A)
xmin    30    -2888.2225 kcal/mol        4.2075 kcal/(mol*A)
xmin    40    -2961.8854 kcal/mol        3.3254 kcal/(mol*A)
xmin    50    -3041.9174 kcal/mol        2.2843 kcal/(mol*A)
xmin    60    -3096.7754 kcal/mol        1.6338 kcal/(mol*A)
xmin    70    -3123.1375 kcal/mol        2.3953 kcal/(mol*A)
xmin    80    -3134.1414 kcal/mol        1.4322 kcal/(mol*A)
xmin    90    -3151.1550 kcal/mol        1.6183 kcal/(mol*A)
xmin   100    -3160.8549 kcal/mol        1.1165 kcal/(mol*A)
xmin   110    -3177.3021 kcal/mol        2.4721 kcal/(mol*A)
xmin   120    -3207.7812 kcal/mol        1.6802 kcal/(mol*A)
xmin   130    -3228.5291 kcal/mol        1.4924 kcal/(mol*A)
xmin   140    -3232.7803 kcal/mol        0.7116 kcal/(mol*A)
xmin   150    -3241.3544 kcal/mol        0.6134 kcal/(mol*A)
xmin   160    -3246.9420 kcal/mol        0.5413 kcal/(mol*A)
xmin   170    -3249.1819 kcal/mol        0.8090 kcal/(mol*A)
xmin   180    -3250.5244 kcal/mol        0.9130 kcal/(mol*A)
xmin   190    -3261.4528 kcal/mol        0.8430 kcal/(mol*A)
xmin   200    -3268.3585 kcal/mol        0.8551 kcal/(mol*A)
xmin   210    -3280.6920 kcal/mol        1.0640 kcal/(mol*A)
xmin   220    -3286.1601 kcal/mol        0.7402 kcal/(mol*A)
xmin   230    -3292.9471 kcal/mol        1.0021 kcal/(mol*A)
xmin   240    -3303.7631 kcal/mol        0.9091 kcal/(mol*A)
xmin   250    -3304.9732 kcal/mol        0.4842 kcal/(mol*A)
xmin   260    -3305.5870 kcal/mol        0.2431 kcal/(mol*A)
xmin   270    -3306.5431 kcal/mol        1.0919 kcal/(mol*A)
xmin   280    -3311.9396 kcal/mol        1.1190 kcal/(mol*A)
xmin   290    -3317.7680 kcal/mol        0.7690 kcal/(mol*A)
xmin   300    -3320.0785 kcal/mol        0.4885 kcal/(mol*A)
xmin   310    -3320.5016 kcal/mol        0.8971 kcal/(mol*A)
xmin   320    -3320.8746 kcal/mol        0.1725 kcal/(mol*A)
xmin   330    -3321.2600 kcal/mol        0.2308 kcal/(mol*A)
xmin   340    -3321.6209 kcal/mol        0.3352 kcal/(mol*A)
xmin   350    -3322.1821 kcal/mol        0.2648 kcal/(mol*A)
xmin   360    -3322.7707 kcal/mol        0.2919 kcal/(mol*A)
xmin   370    -3323.1214 kcal/mol        0.2454 kcal/(mol*A)
xmin   380    -3323.4300 kcal/mol        0.3538 kcal/(mol*A)
xmin   390    -3323.8083 kcal/mol        0.5418 kcal/(mol*A)
xmin   400    -3323.8254 kcal/mol        0.3753 kcal/(mol*A)
xmin   410    -3324.0925 kcal/mol        0.2517 kcal/(mol*A)
xmin   420    -3324.6238 kcal/mol        0.2606 kcal/(mol*A)
xmin   430    -3325.5309 kcal/mol        0.3786 kcal/(mol*A)
xmin   440    -3327.4508 kcal/mol        0.6925 kcal/(mol*A)
xmin   450    -3329.7842 kcal/mol        0.6432 kcal/(mol*A)
xmin   460    -3331.2368 kcal/mol        0.4822 kcal/(mol*A)
xmin   470    -3332.2561 kcal/mol        0.2746 kcal/(mol*A)
xmin   480    -3332.9418 kcal/mol        0.2161 kcal/(mol*A)
xmin   490    -3333.3143 kcal/mol        0.2803 kcal/(mol*A)
xmin   500    -3333.8373 kcal/mol        0.1872 kcal/(mol*A)
xmin   510    -3335.5218 kcal/mol        0.5125 kcal/(mol*A)
xmin   520    -3336.5625 kcal/mol        0.2792 kcal/(mol*A)
xmin   530    -3338.5999 kcal/mol        0.4308 kcal/(mol*A)
xmin   540    -3339.5627 kcal/mol        0.5532 kcal/(mol*A)
xmin   550    -3340.6948 kcal/mol        0.2191 kcal/(mol*A)
xmin   560    -3341.3831 kcal/mol        0.3422 kcal/(mol*A)
xmin   570    -3341.7174 kcal/mol        0.1108 kcal/(mol*A)
xmin   580    -3341.9192 kcal/mol        0.1690 kcal/(mol*A)
xmin   590    -3341.9707 kcal/mol        0.1913 kcal/(mol*A)
xmin   600    -3342.0172 kcal/mol        0.1022 kcal/(mol*A)
xmin   610    -3342.1134 kcal/mol        0.1329 kcal/(mol*A)
xmin   620    -3342.1358 kcal/mol        0.0706 kcal/(mol*A)
xmin   630    -3342.1542 kcal/mol        0.1247 kcal/(mol*A)
xmin   640    -3342.2099 kcal/mol        0.1230 kcal/(mol*A)
xmin   650    -3342.2736 kcal/mol        0.0715 kcal/(mol*A)
xmin   660    -3342.3500 kcal/mol        0.0729 kcal/(mol*A)
xmin   670    -3342.5350 kcal/mol        0.1920 kcal/(mol*A)
xmin   680    -3342.9825 kcal/mol        0.2361 kcal/(mol*A)
xmin   690    -3343.3660 kcal/mol        0.1809 kcal/(mol*A)
xmin   700    -3345.3780 kcal/mol        0.4676 kcal/(mol*A)
xmin   710    -3346.1314 kcal/mol        0.2250 kcal/(mol*A)
xmin   720    -3346.3971 kcal/mol        0.4810 kcal/(mol*A)
xmin   730    -3346.8224 kcal/mol        0.2749 kcal/(mol*A)
xmin   740    -3347.0926 kcal/mol        0.1038 kcal/(mol*A)
xmin   750    -3347.1359 kcal/mol        0.0682 kcal/(mol*A)
xmin   760    -3347.1909 kcal/mol        0.1163 kcal/(mol*A)
xmin   770    -3347.2882 kcal/mol        0.2200 kcal/(mol*A)
xmin   780    -3347.8315 kcal/mol        0.1626 kcal/(mol*A)
xmin   790    -3348.9176 kcal/mol        0.2889 kcal/(mol*A)
xmin   800    -3350.3835 kcal/mol        0.3272 kcal/(mol*A)
xmin   810    -3351.0030 kcal/mol        0.1844 kcal/(mol*A)
xmin   820    -3351.4585 kcal/mol        0.2428 kcal/(mol*A)
xmin   830    -3351.8276 kcal/mol        0.2259 kcal/(mol*A)
xmin   840    -3352.0625 kcal/mol        0.1741 kcal/(mol*A)
xmin   850    -3352.1816 kcal/mol        0.1152 kcal/(mol*A)
xmin   860    -3352.3218 kcal/mol        0.1903 kcal/(mol*A)
xmin   870    -3352.4412 kcal/mol        0.1132 kcal/(mol*A)
xmin   880    -3352.4820 kcal/mol        0.0879 kcal/(mol*A)
xmin   890    -3352.5399 kcal/mol        0.0681 kcal/(mol*A)
xmin   900    -3352.5734 kcal/mol        0.1786 kcal/(mol*A)
xmin   910    -3352.5949 kcal/mol        0.0698 kcal/(mol*A)
xmin   920    -3352.6134 kcal/mol        0.1120 kcal/(mol*A)
xmin   930    -3352.6313 kcal/mol        0.1256 kcal/(mol*A)
xmin   940    -3352.6470 kcal/mol        0.0464 kcal/(mol*A)
xmin   950    -3352.6772 kcal/mol        0.1088 kcal/(mol*A)
xmin   960    -3352.6865 kcal/mol        0.0384 kcal/(mol*A)
xmin   970    -3352.7038 kcal/mol        0.0574 kcal/(mol*A)
xmin   980    -3352.7095 kcal/mol        0.0548 kcal/(mol*A)
xmin   990    -3352.7179 kcal/mol        0.0552 kcal/(mol*A)
xmin  1000    -3352.7277 kcal/mol        0.0769 kcal/(mol*A)
xmin  1010    -3352.7441 kcal/mol        0.1151 kcal/(mol*A)
xmin  1020    -3352.7564 kcal/mol        0.1089 kcal/(mol*A)
xmin  1030    -3352.7671 kcal/mol        0.0836 kcal/(mol*A)
xmin  1040    -3352.7982 kcal/mol        0.0547 kcal/(mol*A)
xmin  1050    -3352.8037 kcal/mol        0.0674 kcal/(mol*A)
xmin  1060    -3352.8059 kcal/mol        0.0761 kcal/(mol*A)
xmin  1070    -3352.8147 kcal/mol        0.0706 kcal/(mol*A)
xmin  1080    -3352.8319 kcal/mol        0.0692 kcal/(mol*A)
