  1 276  S    C  
 14  86  S    C  
 16  91  S    C  
 18 145  S    C  
 21 187  S    C  
 23 158  S    C  
 25 206  S    C  
 28 174  S    C  
 30  53  S    C  
 35 138  S    C  
 36  38  C    C  
 36 282  C    H  
 36 283  C    H  
 36 284  C    H  
 37  38  O    C  
 38  36  C    C  
 38  37  C    O  
 38  39  C    N  
 39  38  N    C  
 39  41  N    C  
 39  46  N    H  
 40  42  O    C  
 40 285  O    H  
 41  39  C    N  
 41  42  C    C  
 41  43  C    C  
 41  47  C    H  
 42  40  C    O  
 42  41  C    C  
 42  45  C    O  
 43  41  C    C  
 43  44  C    S  
 43  48  C    H  
 43  49  C    H  
 44  43  S    C  
 45  42  O    C  
 46  39  H    N  
 47  41  H    C  
 48  43  H    C  
 49  43  H    C  
 50  52  O    C  
 51  52  O    C  
 51 345  O    H  
 52  50  C    O  
 52  51  C    O  
 52  55  C    C  
 53  30  C    S  
 53  54  C    H  
 53  55  C    C  
 53  56  C    H  
 54  53  H    C  
 55  52  C    C  
 55  53  C    C  
 55  57  C    N  
 55  58  C    H  
 56  53  H    C  
 57  55  N    C  
 57  59  N    H  
 57  61  N    C  
 58  55  H    C  
 59  57  H    N  
 60  61  C    C  
 60 342  C    H  
 60 343  C    H  
 60 344  C    H  
 61  57  C    N  
 61  60  C    C  
 61  62  C    O  
 62  61  O    C  
 63  65  O    C  
 64  68  H    N  
 65  63  C    O  
 65  67  C    C  
 65  68  C    N  
 66  70  H    C  
 67  65  C    C  
 67 294  C    H  
 67 295  C    H  
 67 296  C    H  
 68  64  N    H  
 68  65  N    C  
 68  71  N    C  
 69  71  H    C  
 70  66  C    H  
 70  71  C    C  
 70  72  C    H  
 70  73  C    S  
 71  68  C    N  
 71  69  C    H  
 71  70  C    C  
 71  74  C    C  
 72  70  H    C  
 73  70  S    C  
 74  71  C    C  
 74  75  C    O  
 74  76  C    O  
 75  74  O    C  
 75 297  O    H  
 76  74  O    C  
 77  78  O    C  
 77 341  O    H  
 78  77  C    O  
 78  79  C    O  
 78  81  C    C  
 79  78  O    C  
 80  81  H    C  
 81  78  C    C  
 81  80  C    H  
 81  86  C    C  
 81  87  C    N  
 82  84  O    C  
 83  86  H    C  
 84  82  C    O  
 84  85  C    C  
 84  87  C    N  
 85  84  C    C  
 85 338  C    H  
 85 339  C    H  
 85 340  C    H  
 86  14  C    S  
 86  81  C    C  
 86  83  C    H  
 86  88  C    H  
 87  81  N    C  
 87  84  N    C  
 87  89  N    H  
 88  86  H    C  
 89  87  H    N  
 90  96  O    C  
 91  16  C    S  
 91  94  C    H  
 91  97  C    C  
 91  98  C    H  
 92  93  N    H  
 92  97  N    C  
 92  99  N    C  
 93  92  H    N  
 94  91  H    C  
 95  99  C    C  
 95 322  C    H  
 95 323  C    H  
 95 324  C    H  
 96  90  C    O  
 96  97  C    C  
 96 100  C    O  
 97  91  C    C  
 97  92  C    N  
 97  96  C    C  
 97 101  C    H  
 98  91  H    C  
 99  92  C    N  
 99  95  C    C  
 99 102  C    O  
100  96  O    C  
100 325  O    H  
101  97  H    C  
102  99  O    C  
103 105  S    C  
104 105  H    C  
105 103  C    S  
105 104  C    H  
105 106  C    H  
105 110  C    C  
106 105  H    C  
107 108  O    C  
107 321  O    H  
108 107  C    O  
108 109  C    O  
108 110  C    C  
109 108  O    C  
110 105  C    C  
110 108  C    C  
110 111  C    H  
110 112  C    N  
111 110  H    C  
112 110  N    C  
112 113  N    H  
112 114  N    C  
113 112  H    N  
114 112  C    N  
114 115  C    O  
114 116  C    C  
115 114  O    C  
116 114  C    C  
116 318  C    H  
116 319  C    H  
116 320  C    H  
117 119  S    C  
118 119  H    C  
119 117  C    S  
119 118  C    H  
119 120  C    H  
119 122  C    C  
120 119  H    C  
121 123  H    N  
122 119  C    C  
122 123  C    N  
122 125  C    C  
122 126  C    H  
123 121  N    H  
123 122  N    C  
123 128  N    C  
124 125  O    C  
125 122  C    C  
125 124  C    O  
125 127  C    O  
126 122  H    C  
127 125  O    C  
127 310  O    H  
128 123  C    N  
128 129  C    O  
128 130  C    C  
129 128  O    C  
130 128  C    C  
130 311  C    H  
130 312  C    H  
130 313  C    H  
131 134  C    C  
131 306  C    H  
131 307  C    H  
131 308  C    H  
132 133  H    N  
133 132  N    H  
133 134  N    C  
133 137  N    C  
134 131  C    C  
134 133  C    N  
134 136  C    O  
135 140  O    C  
136 134  O    C  
137 133  C    N  
137 138  C    C  
137 140  C    C  
137 141  C    H  
138  35  C    S  
138 137  C    C  
138 139  C    H  
138 142  C    H  
139 138  H    C  
140 135  C    O  
140 137  C    C  
140 143  C    O  
141 137  H    C  
142 138  H    C  
143 140  O    C  
143 309  O    H  
144 145  H    C  
145  18  C    S  
145 144  C    H  
145 146  C    H  
145 149  C    C  
146 145  H    C  
147 148  H    N  
148 147  N    H  
148 149  N    C  
148 151  N    C  
149 145  C    C  
149 148  C    N  
149 150  C    H  
149 152  C    C  
150 149  H    C  
151 148  C    N  
151 153  C    O  
151 155  C    C  
152 149  C    C  
152 154  C    O  
152 156  C    O  
153 151  O    C  
154 152  O    C  
155 151  C    C  
155 314  C    H  
155 315  C    H  
155 316  C    H  
156 152  O    C  
156 317  O    H  
157 158  H    C  
158  23  C    S  
158 157  C    H  
158 159  C    H  
158 162  C    C  
159 158  H    C  
160 161  H    N  
161 160  N    H  
161 162  N    C  
161 164  N    C  
162 158  C    C  
162 161  C    N  
162 163  C    H  
162 165  C    C  
163 162  H    C  
164 161  C    N  
164 166  C    O  
164 168  C    C  
165 162  C    C  
165 167  C    O  
165 169  C    O  
166 164  O    C  
167 165  O    C  
168 164  C    C  
168 287  C    H  
168 288  C    H  
168 289  C    H  
169 165  O    C  
169 286  O    H  
170 172  O    C  
171 172  O    C  
171 346  O    H  
172 170  C    O  
172 171  C    O  
172 175  C    C  
173 174  H    C  
174  28  C    S  
174 173  C    H  
174 175  C    C  
174 176  C    H  
175 172  C    C  
175 174  C    C  
175 177  C    N  
175 178  C    H  
176 174  H    C  
177 175  N    C  
177 179  N    H  
177 180  N    C  
178 175  H    C  
179 177  H    N  
180 177  C    N  
180 181  C    C  
180 182  C    O  
181 180  C    C  
181 347  C    H  
181 348  C    H  
181 349  C    H  
182 180  O    C  
183 185  O    C  
184 185  O    C  
184 301  O    H  
185 183  C    O  
185 184  C    O  
185 188  C    C  
186 187  H    C  
187  21  C    S  
187 186  C    H  
187 188  C    C  
187 189  C    H  
188 185  C    C  
188 187  C    C  
188 190  C    N  
188 191  C    H  
189 187  H    C  
190 188  N    C  
190 192  N    H  
190 193  N    C  
191 188  H    C  
192 190  H    N  
193 190  C    N  
193 194  C    C  
193 195  C    O  
194 193  C    C  
194 298  C    H  
194 299  C    H  
194 300  C    H  
195 193  O    C  
196 198  O    C  
197 198  C    C  
197 334  C    H  
197 335  C    H  
197 336  C    H  
198 196  C    O  
198 197  C    C  
198 203  C    N  
199 201  O    C  
199 337  O    H  
200 202  H    C  
201 199  C    O  
201 202  C    C  
201 204  C    O  
202 200  C    H  
202 201  C    C  
202 203  C    N  
202 206  C    C  
203 198  N    C  
203 202  N    C  
203 205  N    H  
204 201  O    C  
205 203  H    N  
206  25  C    S  
206 202  C    C  
206 207  C    H  
206 208  C    H  
207 206  H    C  
208 206  H    C  
209 211  O    C  
210 211  C    C  
210 326  C    H  
210 327  C    H  
210 328  C    H  
211 209  C    O  
211 210  C    C  
211 216  C    N  
212 214  O    C  
212 329  O    H  
213 215  H    C  
214 212  C    O  
214 215  C    C  
214 217  C    O  
215 213  C    H  
215 214  C    C  
215 216  C    N  
215 219  C    C  
216 211  N    C  
216 215  N    C  
216 218  N    H  
217 214  O    C  
218 216  H    N  
219 215  C    C  
219 220  C    H  
219 221  C    H  
219 222  C    S  
220 219  H    C  
221 219  H    C  
222 219  S    C  
223 225  O    C  
224 225  C    C  
224 279  C    H  
224 280  C    H  
224 281  C    H  
225 223  C    O  
225 224  C    C  
225 230  C    N  
226 228  O    C  
226 278  O    H  
227 229  H    C  
228 226  C    O  
228 229  C    C  
228 231  C    O  
229 227  C    H  
229 228  C    C  
229 230  C    N  
229 233  C    C  
230 225  N    C  
230 229  N    C  
230 232  N    H  
231 228  O    C  
232 230  H    N  
233 229  C    C  
233 234  C    H  
233 235  C    H  
233 236  C    S  
234 233  H    C  
235 233  H    C  
236 233  S    C  
237 238  O    C  
238 237  C    O  
238 240  C    C  
238 243  C    N  
239 241  H    C  
240 238  C    C  
240 330  C    H  
240 331  C    H  
240 332  C    H  
241 239  C    H  
241 243  C    N  
241 246  C    C  
241 247  C    C  
242 246  O    C  
242 333  O    H  
243 238  N    C  
243 241  N    C  
243 244  N    H  
244 243  H    N  
245 247  H    C  
246 241  C    C  
246 242  C    O  
246 249  C    O  
247 241  C    C  
247 245  C    H  
247 248  C    H  
247 250  C    S  
248 247  H    C  
249 246  O    C  
250 247  S    C  
251 253  O    C  
252 253  C    C  
252 290  C    H  
252 291  C    H  
252 292  C    H  
253 251  C    O  
253 252  C    C  
253 256  C    N  
254 257  O    C  
254 293  O    H  
255 258  H    C  
256 253  N    C  
256 258  N    C  
256 260  N    H  
257 254  C    O  
257 258  C    C  
257 259  C    O  
258 255  C    H  
258 256  C    N  
258 257  C    C  
258 261  C    C  
259 257  O    C  
260 256  H    N  
261 258  C    C  
261 262  C    H  
261 263  C    H  
261 264  C    S  
262 261  H    C  
263 261  H    C  
264 261  S    C  
265 267  O    C  
266 269  H    C  
267 265  C    O  
267 270  C    C  
267 271  C    N  
268 273  O    C  
268 305  O    H  
269 266  C    H  
269 271  C    N  
269 273  C    C  
269 276  C    C  
270 267  C    C  
270 302  C    H  
270 303  C    H  
270 304  C    H  
271 267  N    C  
271 269  N    C  
271 275  N    H  
272 276  H    C  
273 268  C    O  
273 269  C    C  
273 277  C    O  
274 276  H    C  
275 271  H    N  
276   1  C    S  
276 269  C    C  
276 272  C    H  
276 274  C    H  
277 273  O    C  
278 226  H    O  
279 224  H    C  
280 224  H    C  
281 224  H    C  
282  36  H    C  
283  36  H    C  
284  36  H    C  
285  40  H    O  
286 169  H    O  
287 168  H    C  
288 168  H    C  
289 168  H    C  
290 252  H    C  
291 252  H    C  
292 252  H    C  
293 254  H    O  
294  67  H    C  
295  67  H    C  
296  67  H    C  
297  75  H    O  
298 194  H    C  
299 194  H    C  
300 194  H    C  
301 184  H    O  
302 270  H    C  
303 270  H    C  
304 270  H    C  
305 268  H    O  
306 131  H    C  
307 131  H    C  
308 131  H    C  
309 143  H    O  
310 127  H    O  
311 130  H    C  
312 130  H    C  
313 130  H    C  
314 155  H    C  
315 155  H    C  
316 155  H    C  
317 156  H    O  
318 116  H    C  
319 116  H    C  
320 116  H    C  
321 107  H    O  
322  95  H    C  
323  95  H    C  
324  95  H    C  
325 100  H    O  
326 210  H    C  
327 210  H    C  
328 210  H    C  
329 212  H    O  
330 240  H    C  
331 240  H    C  
332 240  H    C  
333 242  H    O  
334 197  H    C  
335 197  H    C  
336 197  H    C  
337 199  H    O  
338  85  H    C  
339  85  H    C  
340  85  H    C  
341  77  H    O  
342  60  H    C  
343  60  H    C  
344  60  H    C  
345  51  H    O  
346 171  H    O  
347 181  H    C  
348 181  H    C  
349 181  H    C  
