           1 S
           2 AUL1             0           2
           3 AUS1             5           1
           4 AUL2             1           2
           5 AUL3             1           2
           6 AUS2             5           1
           7 AUS3             4           1
           8 AUL4             2           2
           9 AUS4             5           1
          10 AUS5             7           1
          11 AUL5             1           2
          12 AUL6             0           2
          13 AUS6             6           0
          14 S
          15 AUL7             1           2
          16 S
          17 AUL8             1           2
          18 S
          19 AUS7             7           1
          20 AUS8             5           1
          21 S
          22 AUL9             1           2
          23 S
          24 AUL10            2           2
          25 S
          26 AUS9             6           1
          27 AUS10            7           1
          28 S
          29 AUL11            0           2
          30 S
          31 AUS11            6           1
          32 AUC          12           0
          33 AUS12            6           1
          34 AUL12            1           2
          35 S
          37 O1           0           0
          39 N           1           2
          40 O21           0           0
          41 CT7
          42 C1
          43 CT6
          44 S
          45 O22           0           0
          46 H4           0           2
          47 HP           0           0
          48 H6           0           0
          49 H7           0           0
          50 O23           0           0
          51 O24           0           0
          52 C1
          53 CT6
          54 H6           0           0
          55 CT7
          56 H7           0           0
          57 N           1           2
          58 H5           0           0
          59 H8           0           2
          62 O2           0           0
          63 O1           0           0
          64 H4           0           2
          66 H6           0           0
          68 N           1           2
          69 HP           0           0
          70 CT6
          71 CT7
          72 H7           0           0
          73 S
          74 C1
          75 O21           0           0
          76 O22           0           0
          77 O23           0           0
          78 C1
          79 O24           0           0
          80 H5           0           0
          81 CT7
          82 O2           0           0
          83 H6           0           0
          86 C1
          87 N           1           2
          88 H7           0           0
          89 H8           0           2
          90 O21           0           0
          91 CT6
          92 N           1           2
          93 H4           0           2
          94 H6           0           0
          96 C1
          97 CT7
          98 H7           0           0
         100 O22           0           0
         101 HP           0           0
         102 O1           0           0
         103 S
         104 H6           0           0
         105 CT6
         106 H7           0           0
         107 O23           0           0
         108 C1
         109 O24           0           0
         110 CT7
         111 H5           0           0
         112 N           1           2
         113 H8           0           2
         115 O2           0           0
         117 S
         118 H6           0           0
         119 CT6
         120 H7           0           0
         121 H4           0           2
         122 CT7
         123 N           1           2
         124 O21           0           0
         125 C1
         126 HP           0           0
         127 O22           0           0
         129 O1           0           0
         132 H8           0           2
         133 N           1           2
         135 O23           0           0
         136 O2           0           0
         137 CT7
         138 CT6
         139 H6           0           0
         140 C1
         141 H5           0           0
         142 H7           0           0
         143 O24           0           0
         144 H6           0           0
         145 CT6
         146 H7           0           0
         147 H4           0           2
         148 N           1           2
         149 CT7
         150 HP           0           0
         152 C1
         153 O1           0           0
         154 O21           0           0
         156 O22           0           0
         157 H6           0           0
         158 CT6
         159 H7           0           0
         160 H8           0           2
         161 N           1           2
         162 CT7
         163 H5           0           0
         165 C1
         166 O2           0           0
         167 O23           0           0
         169 O24           0           0
         170 O21           0           0
         171 O22           0           0
         172 C1
         173 H6           0           0
         174 CT6
         175 CT7
         176 H7           0           0
         177 N           1           2
         178 HP           0           0
         179 H4           0           2
         182 O1           0           0
         183 O23           0           0
         184 O24           0           0
         185 C1
         186 H6           0           0
         187 CT6
         188 CT7
         189 H7           0           0
         190 N           1           2
         191 H5           0           0
         192 H8           0           2
         195 O2           0           0
         196 O1           0           0
         199 O21           0           0
         200 HP           0           0
         201 C1
         202 CT7
         203 N           1           2
         204 O22           0           0
         205 H4           0           2
         206 CT6
         207 H6           0           0
         208 H7           0           0
         209 O2           0           0
         212 O23           0           0
         213 H5           0           0
         214 C1
         215 CT7
         216 N           1           2
         217 O24           0           0
         218 H8           0           2
         219 CT6
         220 H6           0           0
         221 H7           0           0
         222 S
         223 O1           0           0
         226 O21           0           0
         227 HP           0           0
         228 C1
         229 CT7
         230 N           1           2
         231 O22           0           0
         232 H4           0           2
         233 CT6
         234 H6           0           0
         235 H7           0           0
         236 S
         237 O2           0           0
         239 H5           0           0
         241 CT7
         242 O23           0           0
         243 N           1           2
         244 H8           0           2
         245 H6           0           0
         246 C1
         247 CT6
         248 H7           0           0
         249 O24           0           0
         250 S
         251 O1           0           0
         254 O21           0           0
         255 HP           0           0
         256 N           1           2
         257 C1
         258 CT7
         259 O22           0           0
         260 H4           0           2
         261 CT6
         262 H6           0           0
         263 H7           0           0
         264 S
         265 O2           0           0
         266 H5           0           0
         268 O23           0           0
         269 CT7
         271 N           1           2
         272 H6           0           0
         273 C1
         274 H7           0           0
         275 H8           0           2
         276 CT6
         277 O24           0           0
