            --------------------------------------------------------
                             AMBER SQM VERSION 19
 
                                     By
              Ross C. Walker, Michael F. Crowley, Scott Brozell,
                         Tim Giese, Andreas W. Goetz,
                        Tai-Sung Lee and David A. Case
 
            --------------------------------------------------------
 

--------------------------------------------------------------------------------
  QM CALCULATION INFO
--------------------------------------------------------------------------------

| QMMM: Citation for AMBER QMMM Run:
| QMMM: R.C. Walker, M.F. Crowley and D.A. Case, J. COMP. CHEM. 29:1019, 2008

QMMM: SINGLET STATE CALCULATION
QMMM: RHF CALCULATION, NO. OF DOUBLY OCCUPIED LEVELS = 74

| QMMM: *** Selected Hamiltonian *** 
| QMMM: PM6         
| QMMM: J.J.P. Stewart, J. Mol. Mod., 13, 1173, (2007)
| QMMM: and unpublished corrections

| QMMM: *** Parameter sets in use ***
| QMMM: Au: J.J.P. Stewart, J. Mol. Mod., 13, 1173, (2007)
| QMMM: H : J.J.P. Stewart, J. Mol. Mod., 13, 1173, (2007)
| QMMM: O : J.J.P. Stewart, J. Mol. Mod., 13, 1173, (2007)
| QMMM: C : J.J.P. Stewart, J. Mol. Mod., 13, 1173, (2007)
| QMMM: N : J.J.P. Stewart, J. Mol. Mod., 13, 1173, (2007)
| QMMM: S : J.J.P. Stewart, J. Mol. Mod., 13, 1173, (2007)

| QMMM: *** SCF convergence criteria ***
| QMMM: Energy change                :  0.1D-07 kcal/mol
| QMMM: Error matrix |FP-PF|         :  0.1D+00 au
| QMMM: Density matrix change        :  0.5D-05
| QMMM: Maximum number of SCF cycles :     1000

| QMMM: *** Diagonalization Routine Information ***
| QMMM: Pseudo diagonalizations are allowed.
| QMMM: Auto diagonalization routine selection is in use.
| QMMM:
| QMMM: Timing diagonalization routines:
| QMMM:                              norbs =      133
| QMMM:    diag iterations used for timing =       10
| QMMM:
| QMMM:              Internal diag routine = 0.068702 seconds
| QMMM:                 Dspev diag routine = 5.291488 seconds
| QMMM:                Dspevd diag routine = 8.276681 seconds
| QMMM:                Dspevx diag routine = 8.623231 seconds
| QMMM:                 Dsyev diag routine = 1.427465 seconds
| QMMM:                Dsyevd diag routine = 1.432182 seconds
| QMMM:                Dsyevr diag routine = 0.022076 seconds
| QMMM:
| QMMM:                Pseudo diag routine = 0.022479 seconds
| QMMM: Pseudo diagonalization appears to be slower than regular
| QMMM: diagonalization. Setting pseudo_diag=0 for optimum performance.
| QMMM:
| QMMM: Using dsyevr routine (diag_routine=7).

| QMMM: *** Integral code information ***
| QMMM: One or more elements are using d orbitals.
| QMMM: Analytical derivatives for d orbitals are not supported.
| QMMM: Forcing numerical integral derivatives.

  QMMM: QM Region Cartesian Coordinates (*=link atom) 
  QMMM: QM_NO.   MM_NO.  ATOM         X         Y         Z
  QMMM:     1        1      Au      37.6300   40.0900   41.7800
  QMMM:     2        2      Au      40.5200   40.0500   42.7200
  QMMM:     3        3      Au      38.2500   39.2600   44.5900
  QMMM:     4        4      H       40.4600   39.2300   47.0800
  QMMM:     5        5      O       40.5800   39.1500   48.0400
  QMMM:     6        6      C       41.7600   39.7800   48.1000
  QMMM:     7        7      O       42.1900   40.1800   49.1600
  QMMM:     8        8      C       42.5000   39.8500   46.7900
  QMMM:     9        9      H       43.4000   40.3900   47.0800
  QMMM:    10       10      C       41.5800   40.4500   45.6700
  QMMM:    11       11      H       40.9000   41.1700   46.1500
  QMMM:    12       12      H       42.1600   40.9600   44.8800
  QMMM:    13       13      N       43.0200   38.5400   46.2900
  QMMM:    14       14      H       42.6600   38.3300   45.3700
  QMMM:    15       15      C       43.3900   37.5100   47.0300
  QMMM:    16       16      O       43.7100   37.4800   48.2200
  QMMM:    17       17      C       43.2800   36.1700   46.2800
  QMMM:    18       18      H       43.1200   35.3700   47.0100
  QMMM:    19       19      H       42.4500   36.1600   45.5600
  QMMM:    20       20      H       44.2100   36.0400   45.7300
  QMMM:    21       21      S       40.5000   39.1600   45.0100
  QMMM:    22       22      H       36.2100   37.9800   48.7800
  QMMM:    23       23      O       35.4000   37.8400   49.3000
  QMMM:    24       24      C       34.5400   38.6000   48.6200
  QMMM:    25       25      O       33.4300   38.7500   49.0700
  QMMM:    26       26      C       35.1500   39.1800   47.3200
  QMMM:    27       27      H       34.6200   40.1000   47.0100
  QMMM:    28       28      C       35.0800   38.2600   46.1000
  QMMM:    29       29      H       35.6300   37.3500   46.4100
  QMMM:    30       30      H       34.0700   37.9300   45.8600
  QMMM:    31       31      N       36.5900   39.5300   47.4700
  QMMM:    32       32      H       37.0800   39.4100   46.5900
  QMMM:    33       33      C       37.1000   40.5000   48.3500
  QMMM:    34       34      O       36.6000   40.5500   49.4600
  QMMM:    35       35      C       38.2500   41.3800   47.8900
  QMMM:    36       36      H       39.0300   41.4100   48.6500
  QMMM:    37       37      H       38.7400   41.0100   46.9800
  QMMM:    38       38      H       37.9400   42.4400   47.7900
  QMMM:    39       39      S       35.9600   39.1000   44.6600

--------------------------------------------------------------------------------
  RESULTS
--------------------------------------------------------------------------------

      iter         sqm energy              rms gradient
      ----    -------------------    -----------------------
xmin    10     -297.4187 kcal/mol       10.4790 kcal/(mol*A)
xmin    20     -308.4284 kcal/mol        1.7214 kcal/(mol*A)
xmin    30     -313.4395 kcal/mol        1.0414 kcal/(mol*A)
xmin    40     -316.4003 kcal/mol        1.4316 kcal/(mol*A)
xmin    50     -318.1439 kcal/mol        1.7887 kcal/(mol*A)
xmin    60     -319.8691 kcal/mol        0.9403 kcal/(mol*A)
xmin    70     -320.3789 kcal/mol        0.4065 kcal/(mol*A)
xmin    80     -320.6619 kcal/mol        0.1334 kcal/(mol*A)
xmin    90     -320.8807 kcal/mol        0.4579 kcal/(mol*A)
xmin   100     -321.0733 kcal/mol        0.2948 kcal/(mol*A)
xmin   110     -321.2726 kcal/mol        0.2357 kcal/(mol*A)
xmin   120     -321.4574 kcal/mol        0.1839 kcal/(mol*A)
xmin   130     -321.7271 kcal/mol        0.7328 kcal/(mol*A)
xmin   140     -322.6627 kcal/mol        2.5552 kcal/(mol*A)
xmin   150     -323.7790 kcal/mol        0.2238 kcal/(mol*A)
xmin   160     -323.9322 kcal/mol        0.1951 kcal/(mol*A)
xmin   170     -324.0705 kcal/mol        0.1133 kcal/(mol*A)
xmin   180     -324.1797 kcal/mol        0.3000 kcal/(mol*A)
xmin   190     -324.3158 kcal/mol        0.1227 kcal/(mol*A)
xmin   200     -324.3759 kcal/mol        0.3819 kcal/(mol*A)
xmin   210     -324.4163 kcal/mol        0.2890 kcal/(mol*A)
xmin   220     -324.4645 kcal/mol        0.1420 kcal/(mol*A)
xmin   230     -324.4916 kcal/mol        0.1412 kcal/(mol*A)
xmin   240     -324.5077 kcal/mol        0.0947 kcal/(mol*A)
xmin   250     -324.5162 kcal/mol        0.1876 kcal/(mol*A)
xmin   260     -324.5242 kcal/mol        0.1030 kcal/(mol*A)
xmin   270     -324.5317 kcal/mol        0.0188 kcal/(mol*A)
xmin   280     -324.5363 kcal/mol        0.0646 kcal/(mol*A)
xmin   290     -324.5386 kcal/mol        0.0275 kcal/(mol*A)
xmin   300     -324.5405 kcal/mol        0.0448 kcal/(mol*A)
xmin   310     -324.5424 kcal/mol        0.0601 kcal/(mol*A)
xmin   320     -324.5439 kcal/mol        0.0120 kcal/(mol*A)
xmin   330     -324.5451 kcal/mol        0.0262 kcal/(mol*A)
xmin   340     -324.5455 kcal/mol        0.0081 kcal/(mol*A)
xmin   350     -324.5458 kcal/mol        0.0118 kcal/(mol*A)
xmin   360     -324.5461 kcal/mol        0.0234 kcal/(mol*A)
xmin   370     -324.5465 kcal/mol        0.0102 kcal/(mol*A)
xmin   380     -324.5467 kcal/mol        0.0082 kcal/(mol*A)
xmin   390     -324.5469 kcal/mol        0.0096 kcal/(mol*A)
xmin   400     -324.5470 kcal/mol        0.0042 kcal/(mol*A)
xmin   410     -324.5471 kcal/mol        0.0036 kcal/(mol*A)
xmin   420     -324.5471 kcal/mol        0.0054 kcal/(mol*A)
xmin   430     -324.5471 kcal/mol        0.0011 kcal/(mol*A)
xmin   440     -324.5471 kcal/mol        0.0031 kcal/(mol*A)
xmin   450     -324.5472 kcal/mol        0.0031 kcal/(mol*A)
xmin   460     -324.5472 kcal/mol        0.0008 kcal/(mol*A)
xmin   470     -324.5472 kcal/mol        0.0008 kcal/(mol*A)
  ... geometry converged !
 
 Final MO eigenvalues (eV):
 -32.1338  -31.3572  -30.3379  -30.2042  -30.0572  -29.5417  -28.8825  -28.6377
 -28.5486  -28.2268  -26.0605  -25.7020  -23.9721  -23.9368  -21.0352  -20.8310
 -19.7902  -19.6849  -19.2110  -19.1567  -17.1674  -17.0620  -16.0928  -15.7643
 -15.4305  -14.7602  -14.5898  -14.2739  -14.1563  -13.7538  -13.6754  -13.6057
 -13.3895  -12.9758  -12.9140  -12.7879  -12.6412  -12.3984  -12.2459  -12.1163
 -11.9990  -11.8821  -11.8020  -11.7165  -11.2210  -10.7132  -10.2660  -10.0899
  -9.9908   -9.8326   -9.5672   -9.4739   -9.1770   -9.0137   -8.6334   -8.5031
  -8.3584   -8.3246   -8.2850   -8.2290   -8.2048   -8.1827   -8.1535   -8.1394
  -8.0828   -7.9996   -7.8254   -7.6802   -7.6644   -7.3967   -7.0182   -6.7727
  -6.7077   -6.5695    1.2463    1.8140    2.1561    2.3416    2.3597    2.5379
   2.6792    2.8230    3.1766    3.1960    3.5488    3.6370    4.3917    4.4354
   4.5497    4.5847    4.6967    4.8217    4.8283    4.8319    4.8555    4.8886
   5.1810    5.2188    5.2461    5.2950    5.4128    5.5627    5.6573    5.8037
   6.0573    6.0644    6.2040    6.3711    6.3793    6.4811    6.5818    6.6412
   6.6887    6.7993    7.0230    7.2292    7.3500    7.4242    7.5184    7.5251
   7.5654    7.7372    7.8920    7.9771   40.9756   41.3002   43.4518   43.5074
  44.1155   44.6412   46.0041   46.9926   47.6020

 PM6: Nitrogen pyramidalization correction in use for  2 atoms
 Correction          =         -0.89884628 kcal/mol  (       -0.03897690 eV)

 Heat of formation   =       -324.54717846 kcal/mol  (      -14.07342173 eV)

 Total SCF energy    =    -127988.17183127 kcal/mol  (    -5549.98360137 eV)
 Electronic energy   =    -881103.74343981 kcal/mol  (   -38207.52540826 eV)
 Core-core repulsion =     753115.57160854 kcal/mol  (    32657.54180688 eV)
 
    Atomic Charges for Step       1 :
  Atom    Element       Mulliken Charge
     1      Au                 0.030
     2      Au                 0.031
     3      Au                 0.344
     4      H                  0.364
     5      O                 -0.539
     6      C                  0.632
     7      O                 -0.491
     8      C                 -0.047
     9      H                  0.197
    10      C                 -0.277
    11      H                  0.166
    12      H                  0.172
    13      N                 -0.527
    14      H                  0.295
    15      C                  0.652
    16      O                 -0.554
    17      C                 -0.615
    18      H                  0.199
    19      H                  0.193
    20      H                  0.190
    21      S                 -0.805
    22      H                  0.370
    23      O                 -0.535
    24      C                  0.599
    25      O                 -0.471
    26      C                 -0.028
    27      H                  0.179
    28      C                 -0.302
    29      H                  0.176
    30      H                  0.173
    31      N                 -0.547
    32      H                  0.300
    33      C                  0.667
    34      O                 -0.572
    35      C                 -0.620
    36      H                  0.216
    37      H                  0.209
    38      H                  0.235
    39      S                 -0.662
 Total Mulliken Charge =      -1.000
 
 
 Final Structure

  QMMM: QM Region Cartesian Coordinates (*=link atom) 
  QMMM: QM_NO.   MM_NO.  ATOM         X         Y         Z
  QMMM:     1        1      Au      36.8582   38.5722   42.5591
  QMMM:     2        2      Au      39.2688   38.8939   43.0001
  QMMM:     3        3      Au      38.0904   39.4876   45.6825
  QMMM:     4        4      H       40.7174   37.6521   46.9176
  QMMM:     5        5      O       40.7208   38.0274   47.8484
  QMMM:     6        6      C       41.5487   39.1031   48.0362
  QMMM:     7        7      O       41.4581   39.6723   49.0972
  QMMM:     8        8      C       42.4912   39.5330   46.8950
  QMMM:     9        9      H       43.2894   40.1900   47.3665
  QMMM:    10       10      C       41.7021   40.3326   45.8626
  QMMM:    11       11      H       41.2333   41.2264   46.3113
  QMMM:    12       12      H       42.3566   40.6885   45.0449
  QMMM:    13       13      N       43.1452   38.3553   46.2955
  QMMM:    14       14      H       42.6163   37.8574   45.5767
  QMMM:    15       15      C       44.5099   38.1085   46.5038
  QMMM:    16       16      O       45.1749   38.8156   47.2406
  QMMM:    17       17      C       45.0453   36.9066   45.7765
  QMMM:    18       18      H       46.1085   36.7627   46.0257
  QMMM:    19       19      H       44.5186   35.9843   46.0572
  QMMM:    20       20      H       44.9767   37.0145   44.6863
  QMMM:    21       21      S       40.4158   39.2570   45.1466
  QMMM:    22       22      H       34.5618   40.9595   49.2688
  QMMM:    23       23      O       33.7548   40.3379   49.2565
  QMMM:    24       24      C       33.7036   39.4822   48.1929
  QMMM:    25       25      O       32.8075   38.6772   48.1622
  QMMM:    26       26      C       34.7969   39.6933   47.1208
  QMMM:    27       27      H       34.8007   40.7934   46.8546
  QMMM:    28       28      C       34.5258   38.8647   45.8713
  QMMM:    29       29      H       34.3559   37.7958   46.1019
  QMMM:    30       30      H       33.6191   39.2204   45.3480
  QMMM:    31       31      N       36.1172   39.3374   47.6898
  QMMM:    32       32      H       36.4357   38.3735   47.5484
  QMMM:    33       33      C       36.8945   40.3032   48.3553
  QMMM:    34       34      O       36.3490   41.2975   48.8184
  QMMM:    35       35      C       38.3655   40.0428   48.3644
  QMMM:    36       36      H       38.6919   39.0085   48.1207
  QMMM:    37       37      H       38.9013   40.7716   47.7193
  QMMM:    38       38      H       38.8017   40.2204   49.3715
  QMMM:    39       39      S       35.9607   39.0197   44.7548

           --------- Calculation Completed ----------

