            --------------------------------------------------------
                             AMBER SQM VERSION 19
 
                                     By
              Ross C. Walker, Michael F. Crowley, Scott Brozell,
                         Tim Giese, Andreas W. Goetz,
                        Tai-Sung Lee and David A. Case
 
            --------------------------------------------------------
 

--------------------------------------------------------------------------------
  QM CALCULATION INFO
--------------------------------------------------------------------------------

| QMMM: Citation for AMBER QMMM Run:
| QMMM: R.C. Walker, M.F. Crowley and D.A. Case, J. COMP. CHEM. 29:1019, 2008

QMMM: SINGLET STATE CALCULATION
QMMM: RHF CALCULATION, NO. OF DOUBLY OCCUPIED LEVELS =513

| QMMM: *** Selected Hamiltonian *** 
| QMMM: AM1         

| QMMM: *** Parameter sets in use ***
| QMMM: H : M.J.S.DEWAR et al. JACS, 107, 3902, (1985)
| QMMM: O : M.J.S.DEWAR et al. JACS, 107, 3902, (1985)
| QMMM: C : M.J.S.DEWAR et al. JACS, 107, 3902, (1985)
| QMMM: N : M.J.S.DEWAR et al. JACS, 107, 3902, (1985)
| QMMM: S : M.J.S.DEWAR et al. INORG. CHEM., 29, 3881, (1990)

| QMMM: *** SCF convergence criteria ***
| QMMM: Energy change                :  0.1D-09 kcal/mol
| QMMM: Error matrix |FP-PF|         :  0.1D+00 au
| QMMM: Density matrix change        :  0.5D-06
| QMMM: Maximum number of SCF cycles :     1000

| QMMM: *** Diagonalization Routine Information ***
| QMMM: Pseudo diagonalizations are allowed.
| QMMM: Auto diagonalization routine selection is in use.
| QMMM:
| QMMM: Timing diagonalization routines:
| QMMM:                              norbs =      864
| QMMM:    diag iterations used for timing =        1
| QMMM:
| QMMM:              Internal diag routine = 0.876070 seconds
| QMMM:                 Dspev diag routine = ******** seconds
| QMMM:                Dspevd diag routine = 9.530345 seconds
| QMMM:                Dspevx diag routine = 2.949122 seconds
| QMMM:                 Dsyev diag routine = 0.523527 seconds
| QMMM:                Dsyevd diag routine = 0.055031 seconds
| QMMM:                Dsyevr diag routine = 0.115403 seconds
| QMMM:
| QMMM:                Pseudo diag routine = 0.468767 seconds
| QMMM: Pseudo diagonalization appears to be slower than regular
| QMMM: diagonalization. Setting pseudo_diag=0 for optimum performance.
| QMMM:
| QMMM: Using dsyevd routine (diag_routine=6).

  QMMM: QM Region Cartesian Coordinates (*=link atom) 
  QMMM: QM_NO.   MM_NO.  ATOM         X         Y         Z
  QMMM:     1        1      H       40.7700   31.8500   40.1600
  QMMM:     2        2      O       40.7000   30.8800   40.0200
  QMMM:     3        3      C       39.6800   30.8700   39.1200
  QMMM:     4        4      O       39.3900   29.7300   38.6500
  QMMM:     5        5      C       39.1200   32.2500   38.6000
  QMMM:     6        6      H       38.3000   31.9000   37.9800
  QMMM:     7        7      C       40.2200   33.0100   37.8100
  QMMM:     8        8      H       41.2100   33.0800   38.3000
  QMMM:     9        9      H       40.4900   32.4800   36.8900
  QMMM:    10       10      N       38.5400   33.1100   39.5900
  QMMM:    11       11      H       38.8000   34.0700   39.4500
  QMMM:    12       12      C       37.2500   32.9500   40.0900
  QMMM:    13       13      O       36.8300   31.7900   40.2600
  QMMM:    14       14      C       36.5100   34.2600   40.2900
  QMMM:    15       15      H       36.9000   34.7800   41.1800
  QMMM:    16       16      H       36.6700   35.0500   39.5400
  QMMM:    17       17      H       35.4500   34.0500   40.4500
  QMMM:    18       18      S       39.7200   34.7500   37.5000
  QMMM:    19       19      H       40.4600   39.2300   47.0800
  QMMM:    20       20      O       40.5800   39.1500   48.0400
  QMMM:    21       21      C       41.7600   39.7800   48.1000
  QMMM:    22       22      O       42.1900   40.1800   49.1600
  QMMM:    23       23      C       42.5000   39.8500   46.7900
  QMMM:    24       24      H       43.4000   40.3900   47.0800
  QMMM:    25       25      C       41.5800   40.4500   45.6700
  QMMM:    26       26      H       40.9000   41.1700   46.1500
  QMMM:    27       27      H       42.1600   40.9600   44.8800
  QMMM:    28       28      N       43.0200   38.5400   46.2900
  QMMM:    29       29      H       42.6600   38.3300   45.3700
  QMMM:    30       30      C       43.3900   37.5100   47.0300
  QMMM:    31       31      O       43.7100   37.4800   48.2200
  QMMM:    32       32      C       43.2800   36.1700   46.2800
  QMMM:    33       33      H       43.1200   35.3700   47.0100
  QMMM:    34       34      H       42.4500   36.1600   45.5600
  QMMM:    35       35      H       44.2100   36.0400   45.7300
  QMMM:    36       36      S       40.5000   39.1600   45.0100
  QMMM:    37       37      H       40.7000   43.6500   34.8500
  QMMM:    38       38      O       40.8800   44.1600   34.0300
  QMMM:    39       39      C       39.7900   43.9500   33.3000
  QMMM:    40       40      O       39.8200   44.4300   32.1500
  QMMM:    41       41      C       38.5700   43.3700   34.0300
  QMMM:    42       42      H       38.1400   44.0800   34.7500
  QMMM:    43       43      C       39.1400   42.2000   35.0000
  QMMM:    44       44      H       38.2300   41.8100   35.4700
  QMMM:    45       45      H       39.8300   41.5400   34.4600
  QMMM:    46       46      N       37.5300   42.8000   33.1100
  QMMM:    47       47      H       37.4900   41.7900   33.0100
  QMMM:    48       48      C       36.7000   43.5500   32.2800
  QMMM:    49       49      O       36.1700   42.9900   31.3500
  QMMM:    50       50      C       36.2600   44.9700   32.7500
  QMMM:    51       51      H       37.0700   45.6600   33.0400
  QMMM:    52       52      H       35.6800   45.4300   31.9400
  QMMM:    53       53      H       35.5600   44.7700   33.5700
  QMMM:    54       54      S       39.9900   42.9400   36.4500
  QMMM:    55       55      H       37.9500   37.5200   33.2000
  QMMM:    56       56      O       37.6800   37.0600   32.3800
  QMMM:    57       57      C       37.8300   35.7900   32.6800
  QMMM:    58       58      O       37.6100   35.0700   31.6600
  QMMM:    59       59      C       38.3100   35.4100   34.1500
  QMMM:    60       60      H       37.5400   35.9000   34.7500
  QMMM:    61       61      C       39.6200   36.1700   34.4900
  QMMM:    62       62      H       40.1600   35.7400   35.3500
  QMMM:    63       63      H       40.3300   36.1700   33.6600
  QMMM:    64       64      N       38.4400   33.9600   34.4900
  QMMM:    65       65      H       38.7600   33.9600   35.4400
  QMMM:    66       66      C       37.4700   33.0700   34.1800
  QMMM:    67       67      O       37.3300   32.4700   33.0800
  QMMM:    68       68      C       36.6400   32.5200   35.3100
  QMMM:    69       69      H       36.8400   33.1800   36.1600
  QMMM:    70       70      H       35.5600   32.6500   35.1300
  QMMM:    71       71      H       37.0000   31.5200   35.5800
  QMMM:    72       72      S       39.2200   37.9100   35.1100
  QMMM:    73       73      H       43.7800   32.7800   44.0800
  QMMM:    74       74      O       44.4100   32.0600   44.3000
  QMMM:    75       75      C       44.0000   31.1400   43.3800
  QMMM:    76       76      O       44.5700   30.0600   43.4200
  QMMM:    77       77      C       42.7600   31.6000   42.5100
  QMMM:    78       78      H       42.5000   30.9000   41.7100
  QMMM:    79       79      C       43.2000   32.8100   41.6800
  QMMM:    80       80      H       43.4800   33.6000   42.3800
  QMMM:    81       81      H       43.9900   32.5700   40.9600
  QMMM:    82       82      N       41.5600   31.9900   43.2700
  QMMM:    83       83      H       41.2800   32.9300   43.0100
  QMMM:    84       84      C       40.5400   31.0400   43.5800
  QMMM:    85       85      O       40.8100   29.9500   44.0700
  QMMM:    86       86      C       39.1300   31.5500   43.4500
  QMMM:    87       87      H       38.9200   32.2200   44.2800
  QMMM:    88       88      H       39.1600   32.2600   42.6200
  QMMM:    89       89      H       38.3500   30.7800   43.3100
  QMMM:    90       90      S       41.9700   33.4300   40.6100
  QMMM:    91       91      H       33.1000   40.7100   37.5700
  QMMM:    92       92      O       32.2000   40.9100   37.2500
  QMMM:    93       93      C       32.3500   41.9500   36.3800
  QMMM:    94       94      O       31.4300   42.3600   35.6600
  QMMM:    95       95      C       33.6800   42.5800   36.5300
  QMMM:    96       96      H       33.8000   43.3300   35.7300
  QMMM:    97       97      C       34.9100   41.6400   36.2700
  QMMM:    98       98      H       34.5900   40.9900   35.4300
  QMMM:    99       99      H       35.8400   42.1400   35.9700
  QMMM:   100      100      N       33.9800   43.1800   37.8000
  QMMM:   101      101      H       34.7400   42.7600   38.3200
  QMMM:   102      102      C       33.0100   43.8400   38.5400
  QMMM:   103      103      O       32.0500   44.3400   37.9600
  QMMM:   104      104      C       33.2500   43.9300   40.1100
  QMMM:   105      105      H       32.2800   43.8300   40.6300
  QMMM:   106      106      H       33.8000   43.0000   40.3100
  QMMM:   107      107      H       33.9200   44.7400   40.4200
  QMMM:   108      108      S       35.2300   40.5900   37.7100
  QMMM:   109      109      H       33.2900   36.3300   41.1700
  QMMM:   110      110      O       32.3500   36.0700   41.2300
  QMMM:   111      111      C       31.6300   37.1600   40.9000
  QMMM:   112      112      O       30.4200   37.1600   40.9400
  QMMM:   113      113      C       32.5400   38.4900   40.7400
  QMMM:   114      114      H       31.9400   39.2300   40.2100
  QMMM:   115      115      C       33.8300   38.2400   39.9200
  QMMM:   116      116      H       33.4900   37.7500   39.0000
  QMMM:   117      117      H       34.3800   39.1800   39.8100
  QMMM:   118      118      N       32.9200   39.0800   42.0900
  QMMM:   119      119      H       33.9200   39.1500   42.2600
  QMMM:   120      120      C       32.0500   39.7000   42.9900
  QMMM:   121      121      O       30.8200   39.4600   42.9800
  QMMM:   122      122      C       32.6800   40.5700   44.0400
  QMMM:   123      123      H       31.9300   41.2900   44.4000
  QMMM:   124      124      H       33.1400   40.0400   44.8800
  QMMM:   125      125      H       33.5000   41.0800   43.5200
  QMMM:   126      126      S       35.0300   37.0900   40.7500
  QMMM:   127      127      H       45.3300   42.3900   38.3700
  QMMM:   128      128      O       46.1700   42.8200   38.1400
  QMMM:   129      129      C       47.0600   41.7600   38.1700
  QMMM:   130      130      O       48.2700   41.9700   37.9300
  QMMM:   131      131      C       46.4300   40.3800   38.4000
  QMMM:   132      132      H       45.8600   40.1500   37.5000
  QMMM:   133      133      C       45.4600   40.4100   39.6500
  QMMM:   134      134      H       45.1200   39.3800   39.7500
  QMMM:   135      135      H       46.0100   40.7200   40.5400
  QMMM:   136      136      N       47.4600   39.2900   38.5800
  QMMM:   137      137      H       47.8500   39.1300   39.5000
  QMMM:   138      138      C       48.3000   38.9000   37.5800
  QMMM:   139      139      O       49.3800   38.4400   37.9000
  QMMM:   140      140      C       47.9400   38.9600   36.1000
  QMMM:   141      141      H       48.1400   37.9800   35.6700
  QMMM:   142      142      H       46.8600   39.1000   35.9700
  QMMM:   143      143      H       48.5200   39.7800   35.6300
  QMMM:   144      144      S       44.0300   41.4500   39.2900
  QMMM:   145      145      H       34.7700   43.1800   42.9100
  QMMM:   146      146      O       34.3200   43.9100   43.3800
  QMMM:   147      147      C       35.3800   44.4500   43.9700
  QMMM:   148      148      O       35.2200   45.5500   44.5100
  QMMM:   149      149      C       36.6700   44.0300   43.4000
  QMMM:   150      150      H       36.8200   44.4400   42.4000
  QMMM:   151      151      C       36.8500   42.4500   43.4700
  QMMM:   152      152      H       37.8600   42.0700   43.2700
  QMMM:   153      153      H       36.6200   42.1100   44.4900
  QMMM:   154      154      N       37.9400   44.5100   43.9500
  QMMM:   155      155      H       38.6700   44.0300   43.4400
  QMMM:   156      156      C       38.2600   44.5700   45.2800
  QMMM:   157      157      O       37.6700   45.1300   46.1800
  QMMM:   158      158      C       39.4900   43.8000   45.6400
  QMMM:   159      159      H       40.2600   43.8100   44.8600
  QMMM:   160      160      H       39.9100   44.2400   46.5500
  QMMM:   161      161      H       39.2600   42.7500   45.8400
  QMMM:   162      162      S       35.8800   41.6600   42.1500
  QMMM:   163      163      H       44.9200   35.8600   36.9500
  QMMM:   164      164      O       45.7100   35.5700   36.4600
  QMMM:   165      165      C       45.1500   34.9200   35.4800
  QMMM:   166      166      O       45.8000   34.6600   34.4400
  QMMM:   167      167      C       43.6900   34.5300   35.6700
  QMMM:   168      168      H       43.3500   34.0600   34.7500
  QMMM:   169      169      C       42.8800   35.7700   36.0200
  QMMM:   170      170      H       42.9600   36.5000   35.2000
  QMMM:   171      171      H       41.8900   35.3400   36.1200
  QMMM:   172      172      N       43.5100   33.4400   36.7600
  QMMM:   173      173      H       43.0600   33.8700   37.5600
  QMMM:   174      174      C       44.3300   32.3900   36.9700
  QMMM:   175      175      O       44.9700   31.7600   36.1400
  QMMM:   176      176      C       44.3900   32.0200   38.4300
  QMMM:   177      177      H       45.1600   31.2600   38.5900
  QMMM:   178      178      H       44.7500   32.8700   39.0400
  QMMM:   179      179      H       43.4800   31.5600   38.8600
  QMMM:   180      180      S       43.3400   36.5000   37.6200
  QMMM:   181      181      H       33.9900   35.0200   36.5600
  QMMM:   182      182      O       33.4100   34.3900   36.1000
  QMMM:   183      183      C       33.4200   34.7200   34.8000
  QMMM:   184      184      O       32.5200   34.3300   34.0600
  QMMM:   185      185      C       34.6100   35.5000   34.1800
  QMMM:   186      186      H       35.4400   34.7900   34.0800
  QMMM:   187      187      C       35.1500   36.6200   35.0500
  QMMM:   188      188      H       36.0600   37.0600   34.6400
  QMMM:   189      189      H       34.4000   37.4200   35.1500
  QMMM:   190      190      N       34.3800   36.1000   32.8100
  QMMM:   191      191      H       34.3500   37.1100   32.7100
  QMMM:   192      192      C       33.9200   35.3700   31.7100
  QMMM:   193      193      O       33.3000   35.9400   30.7700
  QMMM:   194      194      C       34.3200   33.9000   31.5600
  QMMM:   195      195      H       34.1100   33.2100   32.3800
  QMMM:   196      196      H       34.1500   33.5000   30.5400
  QMMM:   197      197      H       35.4200   33.8900   31.6300
  QMMM:   198      198      S       35.5200   36.1700   36.8200
  QMMM:   199      199      H       44.3900   39.7600   33.8200
  QMMM:   200      200      O       44.9500   39.8200   33.0300
  QMMM:   201      201      C       44.9400   41.1200   32.7500
  QMMM:   202      202      O       45.4500   41.4000   31.6000
  QMMM:   203      203      C       44.3400   42.0900   33.8600
  QMMM:   204      204      H       45.0300   42.1100   34.7100
  QMMM:   205      205      C       43.0000   41.5800   34.4200
  QMMM:   206      206      H       42.5400   42.3200   35.0800
  QMMM:   207      207      H       42.2800   41.4700   33.6000
  QMMM:   208      208      N       44.2600   43.5000   33.3700
  QMMM:   209      209      H       43.7800   43.6200   32.4800
  QMMM:   210      210      C       44.4500   44.6700   34.0300
  QMMM:   211      211      O       44.4200   45.6600   33.3600
  QMMM:   212      212      C       44.6600   44.6500   35.5600
  QMMM:   213      213      H       45.7400   44.7100   35.7200
  QMMM:   214      214      H       44.1000   45.5100   35.9500
  QMMM:   215      215      H       44.1300   43.7500   35.9200
  QMMM:   216      216      S       43.1600   39.9300   35.3400
  QMMM:   217      217      H       36.6100   45.3600   36.9800
  QMMM:   218      218      O       36.5500   45.9200   36.1900
  QMMM:   219      219      C       37.0100   47.0800   36.7400
  QMMM:   220      220      O       36.9300   48.1900   36.1400
  QMMM:   221      221      C       37.7300   46.8400   38.0800
  QMMM:   222      222      H       38.5700   46.1500   38.0100
  QMMM:   223      223      C       36.7900   46.3200   39.1100
  QMMM:   224      224      H       37.2100   46.3800   40.1200
  QMMM:   225      225      H       35.8300   46.8400   39.1800
  QMMM:   226      226      N       38.2600   48.2200   38.6000
  QMMM:   227      227      H       37.7100   48.6000   39.3700
  QMMM:   228      228      C       39.2500   49.0100   37.9400
  QMMM:   229      229      O       39.2100   50.2600   37.9000
  QMMM:   230      230      C       40.3600   48.1700   37.1000
  QMMM:   231      231      H       41.0800   48.8400   36.6300
  QMMM:   232      232      H       40.9600   47.6300   37.8500
  QMMM:   233      233      H       39.8700   47.4300   36.4600
  QMMM:   234      234      S       36.5200   44.5300   38.7500
  QMMM:   235      235      H       36.2100   37.9800   48.7800
  QMMM:   236      236      O       35.4000   37.8400   49.3000
  QMMM:   237      237      C       34.5400   38.6000   48.6200
  QMMM:   238      238      O       33.4300   38.7500   49.0700
  QMMM:   239      239      C       35.1500   39.1800   47.3200
  QMMM:   240      240      H       34.6200   40.1000   47.0100
  QMMM:   241      241      C       35.0800   38.2600   46.1000
  QMMM:   242      242      H       35.6300   37.3500   46.4100
  QMMM:   243      243      H       34.0700   37.9300   45.8600
  QMMM:   244      244      N       36.5900   39.5300   47.4700
  QMMM:   245      245      H       37.0800   39.4100   46.5900
  QMMM:   246      246      C       37.1000   40.5000   48.3500
  QMMM:   247      247      O       36.6000   40.5500   49.4600
  QMMM:   248      248      C       38.2500   41.3800   47.8900
  QMMM:   249      249      H       39.0300   41.4100   48.6500
  QMMM:   250      250      H       38.7400   41.0100   46.9800
  QMMM:   251      251      H       37.9400   42.4400   47.7900
  QMMM:   252      252      S       35.9600   39.1000   44.6600
  QMMM:   253      253      H       37.6200   36.8800   46.6800
  QMMM:   254      254      O       37.4600   36.5200   47.5700
  QMMM:   255      255      C       37.7200   35.2100   47.3000
  QMMM:   256      256      O       37.8600   34.3600   48.2000
  QMMM:   257      257      C       37.8200   34.9200   45.7500
  QMMM:   258      258      H       37.5800   33.8600   45.7000
  QMMM:   259      259      C       39.1800   35.3400   45.1100
  QMMM:   260      260      H       39.5300   36.3500   45.3700
  QMMM:   261      261      H       39.9600   34.6200   45.4300
  QMMM:   262      262      N       36.6300   35.5000   45.0300
  QMMM:   263      263      H       36.8100   35.9700   44.1600
  QMMM:   264      264      C       35.4500   34.7900   44.9000
  QMMM:   265      265      O       35.0000   33.9700   45.6800
  QMMM:   266      266      C       34.6900   35.2400   43.6600
  QMMM:   267      267      H       35.3500   35.1200   42.7900
  QMMM:   268      268      H       33.8600   34.5200   43.5900
  QMMM:   269      269      H       34.4000   36.2900   43.7700
  QMMM:   270      270      S       38.9700   35.3500   43.3100
  QMMM:   271      271      H       41.6100   44.9300   43.4400
  QMMM:   272      272      O       41.8300   45.7900   43.8500
  QMMM:   273      273      C       41.9400   46.6600   42.8700
  QMMM:   274      274      O       42.1600   47.8800   43.1400
  QMMM:   275      275      C       41.6300   46.1000   41.5100
  QMMM:   276      276      H       41.4800   46.9600   40.8400
  QMMM:   277      277      C       40.3100   45.3600   41.5700
  QMMM:   278      278      H       39.6000   46.0000   42.1200
  QMMM:   279      279      H       39.8100   45.2500   40.5800
  QMMM:   280      280      N       42.6400   45.1500   40.9800
  QMMM:   281      281      H       42.3300   44.2100   41.2100
  QMMM:   282      282      C       42.9400   45.3500   39.6700
  QMMM:   283      283      O       43.4400   46.4100   39.2900
  QMMM:   284      284      C       42.5100   44.3100   38.6400
  QMMM:   285      285      H       41.6900   44.6900   38.0300
  QMMM:   286      286      H       43.3100   43.8400   38.0400
  QMMM:   287      287      H       41.9400   43.5400   39.1700
  QMMM:   288      288      S       40.4100   43.6400   42.2000
  QMMM:   289      289      H       44.9700   42.9200   44.3200
  QMMM:   290      290      O       45.3300   43.5800   44.9400
  QMMM:   291      291      C       45.7300   44.5800   44.1300
  QMMM:   292      292      O       46.4600   45.4300   44.6700
  QMMM:   293      293      C       45.4600   44.4100   42.6300
  QMMM:   294      294      H       44.4600   44.8500   42.5900
  QMMM:   295      295      C       45.3800   42.9800   41.9700
  QMMM:   296      296      H       45.3100   43.0800   40.8800
  QMMM:   297      297      H       46.3400   42.4600   42.1000
  QMMM:   298      298      N       46.3200   45.2900   41.8000
  QMMM:   299      299      H       45.9200   46.1500   41.4300
  QMMM:   300      300      C       47.7000   45.3700   41.7800
  QMMM:   301      301      O       48.3000   46.3200   41.2900
  QMMM:   302      302      C       48.5200   44.3400   42.4500
  QMMM:   303      303      H       48.4300   43.4200   41.8400
  QMMM:   304      304      H       49.5800   44.6200   42.4900
  QMMM:   305      305      H       48.0400   43.9700   43.3700
  QMMM:   306      306      S       44.1400   41.9000   42.7900
  QMMM:   307      307      H       47.0200   38.3900   41.7900
  QMMM:   308      308      O       47.9100   38.0100   41.9100
  QMMM:   309      309      C       47.4900   36.9800   42.6100
  QMMM:   310      310      O       48.2500   36.0700   42.7900
  QMMM:   311      311      C       46.1200   37.3100   43.2700
  QMMM:   312      312      H       46.0300   36.6600   44.1600
  QMMM:   313      313      C       44.9700   37.1600   42.2700
  QMMM:   314      314      H       45.2500   37.9800   41.6000
  QMMM:   315      315      H       44.8400   36.2300   41.7000
  QMMM:   316      316      N       46.0000   38.6400   43.8000
  QMMM:   317      317      H       45.1100   39.1000   43.6600
  QMMM:   318      318      C       46.6900   39.0800   44.8600
  QMMM:   319      319      O       47.7500   38.5600   45.2200
  QMMM:   320      320      C       46.0000   40.1200   45.6400
  QMMM:   321      321      H       46.5800   41.0500   45.5500
  QMMM:   322      322      H       45.0600   40.4900   45.2200
  QMMM:   323      323      H       45.8400   39.8000   46.6800
  QMMM:   324      324      S       43.3500   37.5400   43.0300

--------------------------------------------------------------------------------
  RESULTS
--------------------------------------------------------------------------------

      iter         sqm energy              rms gradient
      ----    -------------------    -----------------------
xmin    10    -1350.0149 kcal/mol       12.8650 kcal/(mol*A)
xmin    20    -1797.7131 kcal/mol        8.3350 kcal/(mol*A)
