            --------------------------------------------------------
                             AMBER SQM VERSION 19
 
                                     By
              Ross C. Walker, Michael F. Crowley, Scott Brozell,
                         Tim Giese, Andreas W. Goetz,
                        Tai-Sung Lee and David A. Case
 
            --------------------------------------------------------
 

--------------------------------------------------------------------------------
  QM CALCULATION INFO
--------------------------------------------------------------------------------

| QMMM: Citation for AMBER QMMM Run:
| QMMM: R.C. Walker, M.F. Crowley and D.A. Case, J. COMP. CHEM. 29:1019, 2008

| QMMM: DFTB Calculation - Additional citation for AMBER DFTB QMMM Run:
| QMMM:   Seabra, G.M., Walker, R.C. et al., J. PHYS. CHEM. A., 111, 5655, (2007)

| QMMM: Please cite also the appropriate references for the DFTB parameters
| QMMM: that you are using (see the manual and www.dftb.org).


QMMM: SINGLET STATE CALCULATION
QMMM: RHF CALCULATION, NO. OF DOUBLY OCCUPIED LEVELS = 74

| QMMM: *** SCF convergence criteria ***
| QMMM: Energy change                :  0.1D-07 kcal/mol
| QMMM: Error matrix |FP-PF|         :  0.1D+00 au
| QMMM: Density matrix change        :  0.5D-05
| QMMM: Maximum number of SCF cycles :     1000
 DFTB: Number of atom types =    6

 Parameter files:
     TYP (AT)  TYP (AT)     SK integral FILE
|  1  1  (Au)   1  (Au)     /home/ernesto/anaconda3/envs/acpype/dat/slko/mio-1-1/Au-Au.skf
|  2  1  (Au)   2  (H )     /home/ernesto/anaconda3/envs/acpype/dat/slko/mio-1-1/Au-H.skf
|  3  1  (Au)   3  (O )     /home/ernesto/anaconda3/envs/acpype/dat/slko/mio-1-1/Au-O.skf
|  4  1  (Au)   4  (C )     /home/ernesto/anaconda3/envs/acpype/dat/slko/mio-1-1/Au-C.skf
|  5  1  (Au)   5  (N )     /home/ernesto/anaconda3/envs/acpype/dat/slko/mio-1-1/Au-N.skf
|  6  1  (Au)   6  (S )     /home/ernesto/anaconda3/envs/acpype/dat/slko/mio-1-1/Au-S.skf
|  7  2  (H )   1  (Au)     /home/ernesto/anaconda3/envs/acpype/dat/slko/mio-1-1/H-Au.skf
|  8  2  (H )   2  (H )     /home/ernesto/anaconda3/envs/acpype/dat/slko/mio-1-1/H-H.skf
|  9  2  (H )   3  (O )     /home/ernesto/anaconda3/envs/acpype/dat/slko/mio-1-1/H-O.skf
| 10  2  (H )   4  (C )     /home/ernesto/anaconda3/envs/acpype/dat/slko/mio-1-1/H-C.skf
| 11  2  (H )   5  (N )     /home/ernesto/anaconda3/envs/acpype/dat/slko/mio-1-1/H-N.skf
| 12  2  (H )   6  (S )     /home/ernesto/anaconda3/envs/acpype/dat/slko/mio-1-1/H-S.skf
| 13  3  (O )   1  (Au)     /home/ernesto/anaconda3/envs/acpype/dat/slko/mio-1-1/O-Au.skf
| 14  3  (O )   2  (H )     /home/ernesto/anaconda3/envs/acpype/dat/slko/mio-1-1/O-H.skf
| 15  3  (O )   3  (O )     /home/ernesto/anaconda3/envs/acpype/dat/slko/mio-1-1/O-O.skf
| 16  3  (O )   4  (C )     /home/ernesto/anaconda3/envs/acpype/dat/slko/mio-1-1/O-C.skf
| 17  3  (O )   5  (N )     /home/ernesto/anaconda3/envs/acpype/dat/slko/mio-1-1/O-N.skf
| 18  3  (O )   6  (S )     /home/ernesto/anaconda3/envs/acpype/dat/slko/mio-1-1/O-S.skf
| 19  4  (C )   1  (Au)     /home/ernesto/anaconda3/envs/acpype/dat/slko/mio-1-1/C-Au.skf
| 20  4  (C )   2  (H )     /home/ernesto/anaconda3/envs/acpype/dat/slko/mio-1-1/C-H.skf
| 21  4  (C )   3  (O )     /home/ernesto/anaconda3/envs/acpype/dat/slko/mio-1-1/C-O.skf
| 22  4  (C )   4  (C )     /home/ernesto/anaconda3/envs/acpype/dat/slko/mio-1-1/C-C.skf
| 23  4  (C )   5  (N )     /home/ernesto/anaconda3/envs/acpype/dat/slko/mio-1-1/C-N.skf
| 24  4  (C )   6  (S )     /home/ernesto/anaconda3/envs/acpype/dat/slko/mio-1-1/C-S.skf
| 25  5  (N )   1  (Au)     /home/ernesto/anaconda3/envs/acpype/dat/slko/mio-1-1/N-Au.skf
| 26  5  (N )   2  (H )     /home/ernesto/anaconda3/envs/acpype/dat/slko/mio-1-1/N-H.skf
| 27  5  (N )   3  (O )     /home/ernesto/anaconda3/envs/acpype/dat/slko/mio-1-1/N-O.skf
| 28  5  (N )   4  (C )     /home/ernesto/anaconda3/envs/acpype/dat/slko/mio-1-1/N-C.skf
| 29  5  (N )   5  (N )     /home/ernesto/anaconda3/envs/acpype/dat/slko/mio-1-1/N-N.skf
| 30  5  (N )   6  (S )     /home/ernesto/anaconda3/envs/acpype/dat/slko/mio-1-1/N-S.skf
