
 REMIND COMPUTATIONAL CONDITIONS FOR P8467:
 MEP computation done
 Frequency computation not done!
 QMSOFT       = GAUSSIAN using the 'Normal' mode
 CHR_TYP      = RESP-P1
 Theory level = HF/6-31G(d)//See_QM_output/See_QM_output
 (Single point MEP computation//Geometry optimization)
 Surface algo = CHELPG
 MEP points   = Default

 The listed bond values below can be used in different contexts:
 - To determine the 'Dist0(ang)' equilibrium values of the BOND FF parameters
   for the missing FF parameters reported in the 'frcmod.unknown' file
   For this purpose it is advised to use DFT with a large basis set to compute
   accurate values.
 - To validate the FF generated by PyRED: the listed values can be compared to
   values observed during MD simulation.
 FF: force field; MD: molecular dynamics; DFT: density functional theory.
 Data are sorted by bond values and by atom types

     Mol_m1-c1-qmra.pdb  &  Mol-sm_m1-c1.mol2
         Atom_names  Atom_types Distances(Å) 
     1    H1   O1      HO-OH      0.963  H 
     2    H2   O1      HO-OH      0.963  H 
  Compute 2 bonds between 3 atoms...


