
 -----------------------------------------------
              Py_RESP Version 1.0
 -----------------------------------------------
 Resp charges for organic molecule
 -----------------------------------------------

 ------------------
 Control Parameters
 ------------------
 nmol        = 1   iqopt       = 2
 ihfree      = 1   irstrnt     = 1
 ioutopt     = 1   ireornt     = 0
 iquad       = 1   qwt         = 0.00100000
 ipol        = 5   igdm        = 1
 exc12       = 0   exc13       = 0
 ipermdip    = 1   pwt         = 0.00100000
 virtual     = 0

 --------------------
 Molecule Information
 --------------------
 Single-molecule run

 Molecule 1 weight:     1.000 
 Molecule 1 name: water
 Total charge (ich):  0
 Number of centers:  3
 Number of permanent dipoles:  4
    1    8    0    0    1
    2    1    0    0
    3    1    2    3

 -----------------------------
 Atom/Dipole Ivary Information
 -----------------------------
    8    0    0    1
    1    0    0
    1    2    3

 -------------------------
 Input Information Summary
 -------------------------
 Total number of atoms      =    3
 Total number of permanent dipoles      =    4
 Weight factor on initial charge restraints=  0.001000
 Weight factor on initial dipole restraints=  0.001000
 There are  1 charge constraints

 Read polarizability and radii information from:
 ../Pol/pGM-pol-2016-09-01
 Assume the units are in a.u.

 --------------------------------------
 Atomic and ESP Coordinates Information
 --------------------------------------
 Reading esp's for molecule   1
 total number of atoms      =     3
 total number of esp points =   295

 center       X               Y               Z
    1  -9.9821230E-33   0.0000000E+00   2.3138460E-01
    2  -2.6101230E-33   1.4941870E+00  -9.2553830E-01
    3  -1.8298510E-16  -1.4941870E+00  -9.2553830E-01


 ------------------------
 Optimization Information
 ------------------------
 Since iqopt>1,    3 new q0 values and    4 new p0 values will be
 read from file 1st.chg

 Number of unique UNfrozen charge centers =     2
 Number of unique UNfrozen permanent dipoles =     2

 Non-linear optimization requested.
  qchnge =    2.8856513230E-01
  qchnge =    4.3812840706E-02
  qchnge =    1.9504568655E-02
  qchnge =    1.1922436086E-02
  qchnge =    7.6677642132E-03
  qchnge =    5.0271869071E-03
  qchnge =    3.3342611555E-03
  qchnge =    2.2283598490E-03
  qchnge =    1.4969063871E-03
  qchnge =    1.0090318069E-03
  qchnge =    6.8175836779E-04
  qchnge =    4.6136425211E-04
  qchnge =    3.1255303962E-04
  qchnge =    2.1189456506E-04
  qchnge =    1.4372440788E-04
  qchnge =    9.7518474171E-05
  qchnge =    6.6182342751E-05
  qchnge =    4.4922559441E-05
  qchnge =    3.0495265214E-05
  qchnge =    2.0702904168E-05
  qchnge =    1.4055656429E-05
  qchnge =    9.5430073046E-06
  qchnge =    6.4793145081E-06
  qchnge =    4.3992580218E-06
  qchnge =    2.9869936075E-06
  qchnge =    2.0281129915E-06
  qchnge =    1.3770574404E-06
  qchnge =    9.3500389709E-07

 Convergence in   27 iterations

 -----------------------
 Fitting Results Summary
 -----------------------
 molecule 1: water

          Point Charges Before & After Optimization
 atm.no   element.no   q(init)        q(opt)     ivary    d(rstr)/dq
    1         8       -0.613486     -0.466503      0       0.002096
    2         1        0.306743      0.233251      0       0.000000
    3         1        0.306743      0.233251      2       0.000000

 Sum over the calculated charges:     -0.000

       Permanent Dipoles Before & After Optimization
 dip.no   element.no   p(init)        p(opt)     ivary    d(rstr)/dp
    1         8        0.136524      0.178332      0       0.004891
    2         8        0.136524      0.178332      1       0.004891
    3         1       -0.039426     -0.103971      0       0.000000
    4         1       -0.039426     -0.103971      3       0.000000

 --------------------------
 Fitting Statistics Summary
 --------------------------
 The initial sum of squares  (ssvpot = sum_i(espi**2))          8.5437555E-02
 The residual sum of squares (RSS = sum_i((espi-espclci)**2))   4.6489213E-04
 The root-mean-squared error (RMSE = sqrt(RSS/N))               1.2553508E-03
 The relative RMSE           (RRMSE = sqrt(RSS/ssvpot))         7.3765229E-02

 ---------------------------
 Molecular Multipole Summary
 ---------------------------
 Dipole Moments (Debye):
 #MOL         D          Dx         Dy         Dz
   1        1.69841   -0.00000    0.00000   -1.69841

 Traceless Quadrupole Moments (Debye*Angst.):
 #MOL          X          Y          Z
   1    X   -0.84205
        Y    0.00000    1.13999
        Z    0.00000    0.00000   -0.29794

 Traceless Quadrupole Moments in Principal Axes (Debye*Angst.):
 #MOL          X          Y          Z
   1    X    1.13999
        Y    0.00000   -0.29794
        Z    0.00000    0.00000   -0.84205