
 -----------------------------------------------
              Py_RESP Version 1.0
 -----------------------------------------------
 Resp charges for organic molecule
 -----------------------------------------------

 ------------------
 Control Parameters
 ------------------
 nmol        = 1   iqopt       = 2
 ihfree      = 1   irstrnt     = 1
 ioutopt     = 1   ireornt     = 0
 iquad       = 1   qwt         = 0.00100000
 ipol        = 5   igdm        = 1
 exc12       = 0   exc13       = 0

 --------------------
 Molecule Information
 --------------------
 Single-molecule run

 Molecule 1 weight:     1.000 
 Molecule 1 name: Resp charges for organic molecule
 Total charge (ich):  0
 Number of centers:  3
    1    8    0
    2    1    0
    3    1    2

 -----------------------------
 Atom Ivary Information
 -----------------------------
    8    0
    1    0
    1    2

 -------------------------
 Input Information Summary
 -------------------------
 Total number of atoms      =    3
 Weight factor on initial charge restraints=  0.001000
 There are  1 charge constraints

 Read polarizability and radii information from:
 ../Pol/pGM-pol-2016-09-01
 Assume the units are in a.u.

 --------------------------------------
 Atomic and ESP Coordinates Information
 --------------------------------------
 Reading esp's for molecule   1
 total number of atoms      =     3
 total number of esp points =   295

 center       X               Y               Z
    1  -9.9821230E-33   0.0000000E+00   2.3138460E-01
    2  -2.6101230E-33   1.4941870E+00  -9.2553830E-01
    3  -1.8298510E-16  -1.4941870E+00  -9.2553830E-01


 ------------------------
 Optimization Information
 ------------------------
 Since iqopt>1,    3 new q0 values will be read from file
 1st.chg

 Number of unique UNfrozen charge centers =     2

 Non-linear optimization requested.
  qchnge =    3.4570409430E-01
  qchnge =    3.3822015268E-03
  qchnge =    3.2762334760E-05
  qchnge =    3.2042742009E-07

 Convergence in    3 iterations

 -----------------------
 Fitting Results Summary
 -----------------------
 molecule 1: Resp charges for organic molecule

          Point Charges Before & After Optimization
 atm.no   element.no   q(init)        q(opt)     ivary    d(rstr)/dq
    1         8       -0.842633     -0.838433      0       0.001184
    2         1        0.421317      0.419216      0       0.000000
    3         1        0.421317      0.419216      2       0.000000

 Sum over the calculated charges:     -0.000

 --------------------------
 Fitting Statistics Summary
 --------------------------
 The initial sum of squares  (ssvpot = sum_i(espi**2))          8.5437555E-02
 The residual sum of squares (RSS = sum_i((espi-espclci)**2))   6.8401209E-04
 The root-mean-squared error (RMSE = sqrt(RSS/N))               1.5227229E-03
 The relative RMSE           (RRMSE = sqrt(RSS/ssvpot))         8.9476190E-02

 ---------------------------
 Molecular Multipole Summary
 ---------------------------
 Dipole Moments (Debye):
 #MOL         D          Dx         Dy         Dz
   1        1.65159   -0.00000    0.00000   -1.65159

 Traceless Quadrupole Moments (Debye*Angst.):
 #MOL          X          Y          Z
   1    X   -1.03840
        Y    0.00000    1.30287
        Z    0.00000    0.00000   -0.26447

 Traceless Quadrupole Moments in Principal Axes (Debye*Angst.):
 #MOL          X          Y          Z
   1    X    1.30287
        Y    0.00000   -0.26447
        Z    0.00000    0.00000   -1.03840